CRITICAL - 2022-10-19 14:15:00 --> Trying to access array offset on value of type null
in APPPATH\Controllers\PDF.php on line 44.
 1 APPPATH\Controllers\PDF.php(44): CodeIgniter\Debug\Exceptions->errorHandler(8, 'Trying to access array offset on value of type null', 'APPPATH\\Controllers\\PDF.php', 44, [...])
 2 SYSTEMPATH\CodeIgniter.php(904): App\Controllers\PDF->copia('1')
 3 SYSTEMPATH\CodeIgniter.php(457): CodeIgniter\CodeIgniter->runController(Object(App\Controllers\PDF))
 4 SYSTEMPATH\CodeIgniter.php(340): CodeIgniter\CodeIgniter->handleRequest(null, Object(Config\Cache), false)
 5 FCPATH\index.php(67): CodeIgniter\CodeIgniter->run()
CRITICAL - 2022-10-19 14:15:04 --> Trying to access array offset on value of type null
in APPPATH\Controllers\PDF.php on line 44.
 1 APPPATH\Controllers\PDF.php(44): CodeIgniter\Debug\Exceptions->errorHandler(8, 'Trying to access array offset on value of type null', 'APPPATH\\Controllers\\PDF.php', 44, [...])
 2 SYSTEMPATH\CodeIgniter.php(904): App\Controllers\PDF->copia('1')
 3 SYSTEMPATH\CodeIgniter.php(457): CodeIgniter\CodeIgniter->runController(Object(App\Controllers\PDF))
 4 SYSTEMPATH\CodeIgniter.php(340): CodeIgniter\CodeIgniter->handleRequest(null, Object(Config\Cache), false)
 5 FCPATH\index.php(67): CodeIgniter\CodeIgniter->run()
CRITICAL - 2022-10-19 14:20:50 --> Trying to access array offset on value of type null
in APPPATH\Controllers\PDF.php on line 44.
 1 APPPATH\Controllers\PDF.php(44): CodeIgniter\Debug\Exceptions->errorHandler(8, 'Trying to access array offset on value of type null', 'APPPATH\\Controllers\\PDF.php', 44, [...])
 2 SYSTEMPATH\CodeIgniter.php(904): App\Controllers\PDF->copia('1')
 3 SYSTEMPATH\CodeIgniter.php(457): CodeIgniter\CodeIgniter->runController(Object(App\Controllers\PDF))
 4 SYSTEMPATH\CodeIgniter.php(340): CodeIgniter\CodeIgniter->handleRequest(null, Object(Config\Cache), false)
 5 FCPATH\index.php(67): CodeIgniter\CodeIgniter->run()
CRITICAL - 2022-10-19 18:11:27 --> Undefined variable: html
in APPPATH\Controllers\PDF.php on line 32.
 1 APPPATH\Controllers\PDF.php(32): CodeIgniter\Debug\Exceptions->errorHandler(8, 'Undefined variable: html', 'APPPATH\\Controllers\\PDF.php', 32, [...])
 2 SYSTEMPATH\CodeIgniter.php(904): App\Controllers\PDF->copia('89')
 3 SYSTEMPATH\CodeIgniter.php(457): CodeIgniter\CodeIgniter->runController(Object(App\Controllers\PDF))
 4 SYSTEMPATH\CodeIgniter.php(340): CodeIgniter\CodeIgniter->handleRequest(null, Object(Config\Cache), false)
 5 FCPATH\index.php(67): CodeIgniter\CodeIgniter->run()
CRITICAL - 2022-10-19 18:13:56 --> Undefined variable: postulacionModel
in APPPATH\Controllers\PDF.php on line 23.
 1 APPPATH\Controllers\PDF.php(23): CodeIgniter\Debug\Exceptions->errorHandler(8, 'Undefined variable: postulacionModel', 'APPPATH\\Controllers\\PDF.php', 23, [...])
 2 SYSTEMPATH\CodeIgniter.php(904): App\Controllers\PDF->copia('89')
 3 SYSTEMPATH\CodeIgniter.php(457): CodeIgniter\CodeIgniter->runController(Object(App\Controllers\PDF))
 4 SYSTEMPATH\CodeIgniter.php(340): CodeIgniter\CodeIgniter->handleRequest(null, Object(Config\Cache), false)
 5 FCPATH\index.php(67): CodeIgniter\CodeIgniter->run()
CRITICAL - 2022-10-19 18:13:59 --> Undefined variable: postulacionModel
in APPPATH\Controllers\PDF.php on line 23.
 1 APPPATH\Controllers\PDF.php(23): CodeIgniter\Debug\Exceptions->errorHandler(8, 'Undefined variable: postulacionModel', 'APPPATH\\Controllers\\PDF.php', 23, [...])
 2 SYSTEMPATH\CodeIgniter.php(904): App\Controllers\PDF->copia('89')
 3 SYSTEMPATH\CodeIgniter.php(457): CodeIgniter\CodeIgniter->runController(Object(App\Controllers\PDF))
 4 SYSTEMPATH\CodeIgniter.php(340): CodeIgniter\CodeIgniter->handleRequest(null, Object(Config\Cache), false)
 5 FCPATH\index.php(67): CodeIgniter\CodeIgniter->run()
CRITICAL - 2022-10-19 19:15:55 --> Undefined variable: postulacion
in APPPATH\Views\prueba.php on line 10.
 1 APPPATH\Views\prueba.php(10): CodeIgniter\Debug\Exceptions->errorHandler(8, 'Undefined variable: postulacion', 'APPPATH\\Views\\prueba.php', 10, [...])
 2 SYSTEMPATH\View\View.php(213): include('APPPATH\\Views\\prueba.php')
 3 SYSTEMPATH\View\View.php(216): CodeIgniter\View\View->CodeIgniter\View\{closure}()
 4 SYSTEMPATH\Common.php(1137): CodeIgniter\View\View->render('prueba', [], true)
 5 APPPATH\Controllers\PDF.php(30): view('prueba', [...])
 6 SYSTEMPATH\CodeIgniter.php(904): App\Controllers\PDF->copia('89')
 7 SYSTEMPATH\CodeIgniter.php(457): CodeIgniter\CodeIgniter->runController(Object(App\Controllers\PDF))
 8 SYSTEMPATH\CodeIgniter.php(340): CodeIgniter\CodeIgniter->handleRequest(null, Object(Config\Cache), false)
 9 FCPATH\index.php(67): CodeIgniter\CodeIgniter->run()
CRITICAL - 2022-10-19 19:24:05 --> Undefined variable: postulacion
in APPPATH\Views\prueba.php on line 10.
 1 APPPATH\Views\prueba.php(10): CodeIgniter\Debug\Exceptions->errorHandler(8, 'Undefined variable: postulacion', 'APPPATH\\Views\\prueba.php', 10, [...])
 2 SYSTEMPATH\View\View.php(213): include('APPPATH\\Views\\prueba.php')
 3 SYSTEMPATH\View\View.php(216): CodeIgniter\View\View->CodeIgniter\View\{closure}()
 4 SYSTEMPATH\Common.php(1137): CodeIgniter\View\View->render('prueba', [], true)
 5 APPPATH\Controllers\PDF.php(28): view('prueba', [...])
 6 SYSTEMPATH\CodeIgniter.php(904): App\Controllers\PDF->copia('89')
 7 SYSTEMPATH\CodeIgniter.php(457): CodeIgniter\CodeIgniter->runController(Object(App\Controllers\PDF))
 8 SYSTEMPATH\CodeIgniter.php(340): CodeIgniter\CodeIgniter->handleRequest(null, Object(Config\Cache), false)
 9 FCPATH\index.php(67): CodeIgniter\CodeIgniter->run()
CRITICAL - 2022-10-19 19:24:08 --> Undefined variable: postulacion
in APPPATH\Views\prueba.php on line 10.
 1 APPPATH\Views\prueba.php(10): CodeIgniter\Debug\Exceptions->errorHandler(8, 'Undefined variable: postulacion', 'APPPATH\\Views\\prueba.php', 10, [...])
 2 SYSTEMPATH\View\View.php(213): include('APPPATH\\Views\\prueba.php')
 3 SYSTEMPATH\View\View.php(216): CodeIgniter\View\View->CodeIgniter\View\{closure}()
 4 SYSTEMPATH\Common.php(1137): CodeIgniter\View\View->render('prueba', [], true)
 5 APPPATH\Controllers\PDF.php(28): view('prueba', [...])
 6 SYSTEMPATH\CodeIgniter.php(904): App\Controllers\PDF->copia('89')
 7 SYSTEMPATH\CodeIgniter.php(457): CodeIgniter\CodeIgniter->runController(Object(App\Controllers\PDF))
 8 SYSTEMPATH\CodeIgniter.php(340): CodeIgniter\CodeIgniter->handleRequest(null, Object(Config\Cache), false)
 9 FCPATH\index.php(67): CodeIgniter\CodeIgniter->run()
CRITICAL - 2022-10-19 19:24:39 --> Undefined variable: postulacion
in APPPATH\Views\prueba.php on line 10.
 1 APPPATH\Views\prueba.php(10): CodeIgniter\Debug\Exceptions->errorHandler(8, 'Undefined variable: postulacion', 'APPPATH\\Views\\prueba.php', 10, [...])
 2 SYSTEMPATH\View\View.php(213): include('APPPATH\\Views\\prueba.php')
 3 SYSTEMPATH\View\View.php(216): CodeIgniter\View\View->CodeIgniter\View\{closure}()
 4 SYSTEMPATH\Common.php(1137): CodeIgniter\View\View->render('prueba', [], true)
 5 APPPATH\Controllers\PDF.php(30): view('prueba', [...])
 6 SYSTEMPATH\CodeIgniter.php(904): App\Controllers\PDF->copia('89')
 7 SYSTEMPATH\CodeIgniter.php(457): CodeIgniter\CodeIgniter->runController(Object(App\Controllers\PDF))
 8 SYSTEMPATH\CodeIgniter.php(340): CodeIgniter\CodeIgniter->handleRequest(null, Object(Config\Cache), false)
 9 FCPATH\index.php(67): CodeIgniter\CodeIgniter->run()
CRITICAL - 2022-10-19 19:24:56 --> Undefined variable: postulacion
in APPPATH\Views\prueba.php on line 10.
 1 APPPATH\Views\prueba.php(10): CodeIgniter\Debug\Exceptions->errorHandler(8, 'Undefined variable: postulacion', 'APPPATH\\Views\\prueba.php', 10, [...])
 2 SYSTEMPATH\View\View.php(213): include('APPPATH\\Views\\prueba.php')
 3 SYSTEMPATH\View\View.php(216): CodeIgniter\View\View->CodeIgniter\View\{closure}()
 4 SYSTEMPATH\Common.php(1137): CodeIgniter\View\View->render('prueba', [], true)
 5 APPPATH\Controllers\PDF.php(30): view('prueba', [...])
 6 SYSTEMPATH\CodeIgniter.php(904): App\Controllers\PDF->copia('89')
 7 SYSTEMPATH\CodeIgniter.php(457): CodeIgniter\CodeIgniter->runController(Object(App\Controllers\PDF))
 8 SYSTEMPATH\CodeIgniter.php(340): CodeIgniter\CodeIgniter->handleRequest(null, Object(Config\Cache), false)
 9 FCPATH\index.php(67): CodeIgniter\CodeIgniter->run()
CRITICAL - 2022-10-19 19:26:26 --> Undefined variable: postulacion
in APPPATH\Views\prueba.php on line 10.
 1 APPPATH\Views\prueba.php(10): CodeIgniter\Debug\Exceptions->errorHandler(8, 'Undefined variable: postulacion', 'APPPATH\\Views\\prueba.php', 10, [...])
 2 SYSTEMPATH\View\View.php(213): include('APPPATH\\Views\\prueba.php')
 3 SYSTEMPATH\View\View.php(216): CodeIgniter\View\View->CodeIgniter\View\{closure}()
 4 SYSTEMPATH\Common.php(1137): CodeIgniter\View\View->render('prueba', [], true)
 5 APPPATH\Controllers\PDF.php(29): view('prueba', [...])
 6 SYSTEMPATH\CodeIgniter.php(904): App\Controllers\PDF->copia('89')
 7 SYSTEMPATH\CodeIgniter.php(457): CodeIgniter\CodeIgniter->runController(Object(App\Controllers\PDF))
 8 SYSTEMPATH\CodeIgniter.php(340): CodeIgniter\CodeIgniter->handleRequest(null, Object(Config\Cache), false)
 9 FCPATH\index.php(67): CodeIgniter\CodeIgniter->run()
CRITICAL - 2022-10-19 19:30:51 --> Undefined variable: data
in APPPATH\Views\prueba.php on line 10.
 1 APPPATH\Views\prueba.php(10): CodeIgniter\Debug\Exceptions->errorHandler(8, 'Undefined variable: data', 'APPPATH\\Views\\prueba.php', 10, [...])
 2 SYSTEMPATH\View\View.php(213): include('APPPATH\\Views\\prueba.php')
 3 SYSTEMPATH\View\View.php(216): CodeIgniter\View\View->CodeIgniter\View\{closure}()
 4 SYSTEMPATH\Common.php(1137): CodeIgniter\View\View->render('prueba', [], true)
 5 APPPATH\Controllers\PDF.php(29): view('prueba', [...])
 6 SYSTEMPATH\CodeIgniter.php(904): App\Controllers\PDF->copia('89')
 7 SYSTEMPATH\CodeIgniter.php(457): CodeIgniter\CodeIgniter->runController(Object(App\Controllers\PDF))
 8 SYSTEMPATH\CodeIgniter.php(340): CodeIgniter\CodeIgniter->handleRequest(null, Object(Config\Cache), false)
 9 FCPATH\index.php(67): CodeIgniter\CodeIgniter->run()
CRITICAL - 2022-10-19 19:34:11 --> Undefined variable: data
in APPPATH\Views\prueba.php on line 10.
 1 APPPATH\Views\prueba.php(10): CodeIgniter\Debug\Exceptions->errorHandler(8, 'Undefined variable: data', 'APPPATH\\Views\\prueba.php', 10, [...])
 2 SYSTEMPATH\View\View.php(213): include('APPPATH\\Views\\prueba.php')
 3 SYSTEMPATH\View\View.php(216): CodeIgniter\View\View->CodeIgniter\View\{closure}()
 4 SYSTEMPATH\Common.php(1137): CodeIgniter\View\View->render('prueba', [], true)
 5 APPPATH\Controllers\PDF.php(29): view('prueba', [...])
 6 SYSTEMPATH\CodeIgniter.php(904): App\Controllers\PDF->copia('89')
 7 SYSTEMPATH\CodeIgniter.php(457): CodeIgniter\CodeIgniter->runController(Object(App\Controllers\PDF))
 8 SYSTEMPATH\CodeIgniter.php(340): CodeIgniter\CodeIgniter->handleRequest(null, Object(Config\Cache), false)
 9 FCPATH\index.php(67): CodeIgniter\CodeIgniter->run()
CRITICAL - 2022-10-19 19:35:20 --> Undefined variable: data
in APPPATH\Views\prueba.php on line 10.
 1 APPPATH\Views\prueba.php(10): CodeIgniter\Debug\Exceptions->errorHandler(8, 'Undefined variable: data', 'APPPATH\\Views\\prueba.php', 10, [...])
 2 SYSTEMPATH\View\View.php(213): include('APPPATH\\Views\\prueba.php')
 3 SYSTEMPATH\View\View.php(216): CodeIgniter\View\View->CodeIgniter\View\{closure}()
 4 SYSTEMPATH\Common.php(1137): CodeIgniter\View\View->render('prueba', [], true)
 5 APPPATH\Controllers\PDF.php(30): view('prueba', [...])
 6 SYSTEMPATH\CodeIgniter.php(904): App\Controllers\PDF->copia('89')
 7 SYSTEMPATH\CodeIgniter.php(457): CodeIgniter\CodeIgniter->runController(Object(App\Controllers\PDF))
 8 SYSTEMPATH\CodeIgniter.php(340): CodeIgniter\CodeIgniter->handleRequest(null, Object(Config\Cache), false)
 9 FCPATH\index.php(67): CodeIgniter\CodeIgniter->run()
CRITICAL - 2022-10-19 19:36:09 --> Undefined variable: data
in APPPATH\Views\prueba.php on line 10.
 1 APPPATH\Views\prueba.php(10): CodeIgniter\Debug\Exceptions->errorHandler(8, 'Undefined variable: data', 'APPPATH\\Views\\prueba.php', 10, [...])
 2 SYSTEMPATH\View\View.php(213): include('APPPATH\\Views\\prueba.php')
 3 SYSTEMPATH\View\View.php(216): CodeIgniter\View\View->CodeIgniter\View\{closure}()
 4 SYSTEMPATH\Common.php(1137): CodeIgniter\View\View->render('prueba', [], true)
 5 APPPATH\Controllers\PDF.php(31): view('prueba', [...])
 6 SYSTEMPATH\CodeIgniter.php(904): App\Controllers\PDF->copia('89')
 7 SYSTEMPATH\CodeIgniter.php(457): CodeIgniter\CodeIgniter->runController(Object(App\Controllers\PDF))
 8 SYSTEMPATH\CodeIgniter.php(340): CodeIgniter\CodeIgniter->handleRequest(null, Object(Config\Cache), false)
 9 FCPATH\index.php(67): CodeIgniter\CodeIgniter->run()
CRITICAL - 2022-10-19 19:37:06 --> Undefined variable: data
in APPPATH\Views\prueba.php on line 10.
 1 APPPATH\Views\prueba.php(10): CodeIgniter\Debug\Exceptions->errorHandler(8, 'Undefined variable: data', 'APPPATH\\Views\\prueba.php', 10, [...])
 2 SYSTEMPATH\View\View.php(213): include('APPPATH\\Views\\prueba.php')
 3 SYSTEMPATH\View\View.php(216): CodeIgniter\View\View->CodeIgniter\View\{closure}()
 4 SYSTEMPATH\Common.php(1137): CodeIgniter\View\View->render('prueba', [], true)
 5 APPPATH\Controllers\PDF.php(31): view('prueba', [...])
 6 SYSTEMPATH\CodeIgniter.php(904): App\Controllers\PDF->copia('89')
 7 SYSTEMPATH\CodeIgniter.php(457): CodeIgniter\CodeIgniter->runController(Object(App\Controllers\PDF))
 8 SYSTEMPATH\CodeIgniter.php(340): CodeIgniter\CodeIgniter->handleRequest(null, Object(Config\Cache), false)
 9 FCPATH\index.php(67): CodeIgniter\CodeIgniter->run()
CRITICAL - 2022-10-19 19:37:21 --> Undefined variable: data
in APPPATH\Views\prueba.php on line 10.
 1 APPPATH\Views\prueba.php(10): CodeIgniter\Debug\Exceptions->errorHandler(8, 'Undefined variable: data', 'APPPATH\\Views\\prueba.php', 10, [...])
 2 SYSTEMPATH\View\View.php(213): include('APPPATH\\Views\\prueba.php')
 3 SYSTEMPATH\View\View.php(216): CodeIgniter\View\View->CodeIgniter\View\{closure}()
 4 SYSTEMPATH\Common.php(1137): CodeIgniter\View\View->render('prueba', [], true)
 5 APPPATH\Controllers\PDF.php(31): view('prueba', [...])
 6 SYSTEMPATH\CodeIgniter.php(904): App\Controllers\PDF->copia('89')
 7 SYSTEMPATH\CodeIgniter.php(457): CodeIgniter\CodeIgniter->runController(Object(App\Controllers\PDF))
 8 SYSTEMPATH\CodeIgniter.php(340): CodeIgniter\CodeIgniter->handleRequest(null, Object(Config\Cache), false)
 9 FCPATH\index.php(67): CodeIgniter\CodeIgniter->run()
CRITICAL - 2022-10-19 19:37:31 --> Undefined variable: data
in APPPATH\Views\prueba.php on line 10.
 1 APPPATH\Views\prueba.php(10): CodeIgniter\Debug\Exceptions->errorHandler(8, 'Undefined variable: data', 'APPPATH\\Views\\prueba.php', 10, [...])
 2 SYSTEMPATH\View\View.php(213): include('APPPATH\\Views\\prueba.php')
 3 SYSTEMPATH\View\View.php(216): CodeIgniter\View\View->CodeIgniter\View\{closure}()
 4 SYSTEMPATH\Common.php(1137): CodeIgniter\View\View->render('prueba', [], true)
 5 APPPATH\Controllers\PDF.php(31): view('prueba', [...])
 6 SYSTEMPATH\CodeIgniter.php(904): App\Controllers\PDF->copia('89')
 7 SYSTEMPATH\CodeIgniter.php(457): CodeIgniter\CodeIgniter->runController(Object(App\Controllers\PDF))
 8 SYSTEMPATH\CodeIgniter.php(340): CodeIgniter\CodeIgniter->handleRequest(null, Object(Config\Cache), false)
 9 FCPATH\index.php(67): CodeIgniter\CodeIgniter->run()
CRITICAL - 2022-10-19 19:37:48 --> Undefined variable: data
in APPPATH\Views\prueba.php on line 10.
 1 APPPATH\Views\prueba.php(10): CodeIgniter\Debug\Exceptions->errorHandler(8, 'Undefined variable: data', 'APPPATH\\Views\\prueba.php', 10, [...])
 2 SYSTEMPATH\View\View.php(213): include('APPPATH\\Views\\prueba.php')
 3 SYSTEMPATH\View\View.php(216): CodeIgniter\View\View->CodeIgniter\View\{closure}()
 4 SYSTEMPATH\Common.php(1137): CodeIgniter\View\View->render('prueba', [], true)
 5 APPPATH\Controllers\PDF.php(31): view('prueba', [...])
 6 SYSTEMPATH\CodeIgniter.php(904): App\Controllers\PDF->copia('89')
 7 SYSTEMPATH\CodeIgniter.php(457): CodeIgniter\CodeIgniter->runController(Object(App\Controllers\PDF))
 8 SYSTEMPATH\CodeIgniter.php(340): CodeIgniter\CodeIgniter->handleRequest(null, Object(Config\Cache), false)
 9 FCPATH\index.php(67): CodeIgniter\CodeIgniter->run()
CRITICAL - 2022-10-19 19:38:22 --> Argument 2 passed to view() must be of the type array, string given, called in C:\xampp\htdocs\tesis\app\Controllers\PDF.php on line 27
in SYSTEMPATH\Common.php on line 1123.
 1 APPPATH\Controllers\PDF.php(27): view('prueba', '89')
 2 SYSTEMPATH\CodeIgniter.php(904): App\Controllers\PDF->copia('89')
 3 SYSTEMPATH\CodeIgniter.php(457): CodeIgniter\CodeIgniter->runController(Object(App\Controllers\PDF))
 4 SYSTEMPATH\CodeIgniter.php(340): CodeIgniter\CodeIgniter->handleRequest(null, Object(Config\Cache), false)
 5 FCPATH\index.php(67): CodeIgniter\CodeIgniter->run()
CRITICAL - 2022-10-19 19:39:19 --> Undefined variable: aux
in APPPATH\Views\prueba.php on line 10.
 1 APPPATH\Views\prueba.php(10): CodeIgniter\Debug\Exceptions->errorHandler(8, 'Undefined variable: aux', 'APPPATH\\Views\\prueba.php', 10, [...])
 2 SYSTEMPATH\View\View.php(213): include('APPPATH\\Views\\prueba.php')
 3 SYSTEMPATH\View\View.php(216): CodeIgniter\View\View->CodeIgniter\View\{closure}()
 4 SYSTEMPATH\Common.php(1137): CodeIgniter\View\View->render('prueba', [], true)
 5 APPPATH\Controllers\PDF.php(32): view('prueba', [...])
 6 SYSTEMPATH\CodeIgniter.php(904): App\Controllers\PDF->copia('89')
 7 SYSTEMPATH\CodeIgniter.php(457): CodeIgniter\CodeIgniter->runController(Object(App\Controllers\PDF))
 8 SYSTEMPATH\CodeIgniter.php(340): CodeIgniter\CodeIgniter->handleRequest(null, Object(Config\Cache), false)
 9 FCPATH\index.php(67): CodeIgniter\CodeIgniter->run()
CRITICAL - 2022-10-19 19:39:34 --> Undefined variable: array
in APPPATH\Views\prueba.php on line 10.
 1 APPPATH\Views\prueba.php(10): CodeIgniter\Debug\Exceptions->errorHandler(8, 'Undefined variable: array', 'APPPATH\\Views\\prueba.php', 10, [...])
 2 SYSTEMPATH\View\View.php(213): include('APPPATH\\Views\\prueba.php')
 3 SYSTEMPATH\View\View.php(216): CodeIgniter\View\View->CodeIgniter\View\{closure}()
 4 SYSTEMPATH\Common.php(1137): CodeIgniter\View\View->render('prueba', [], true)
 5 APPPATH\Controllers\PDF.php(32): view('prueba', [...])
 6 SYSTEMPATH\CodeIgniter.php(904): App\Controllers\PDF->copia('89')
 7 SYSTEMPATH\CodeIgniter.php(457): CodeIgniter\CodeIgniter->runController(Object(App\Controllers\PDF))
 8 SYSTEMPATH\CodeIgniter.php(340): CodeIgniter\CodeIgniter->handleRequest(null, Object(Config\Cache), false)
 9 FCPATH\index.php(67): CodeIgniter\CodeIgniter->run()
CRITICAL - 2022-10-19 19:40:19 --> Undefined variable: array
in APPPATH\Views\prueba.php on line 10.
 1 APPPATH\Views\prueba.php(10): CodeIgniter\Debug\Exceptions->errorHandler(8, 'Undefined variable: array', 'APPPATH\\Views\\prueba.php', 10, [...])
 2 SYSTEMPATH\View\View.php(213): include('APPPATH\\Views\\prueba.php')
 3 SYSTEMPATH\View\View.php(216): CodeIgniter\View\View->CodeIgniter\View\{closure}()
 4 SYSTEMPATH\Common.php(1137): CodeIgniter\View\View->render('prueba', [], true)
 5 APPPATH\Controllers\PDF.php(32): view('prueba', [...])
 6 SYSTEMPATH\CodeIgniter.php(904): App\Controllers\PDF->copia('89')
 7 SYSTEMPATH\CodeIgniter.php(457): CodeIgniter\CodeIgniter->runController(Object(App\Controllers\PDF))
 8 SYSTEMPATH\CodeIgniter.php(340): CodeIgniter\CodeIgniter->handleRequest(null, Object(Config\Cache), false)
 9 FCPATH\index.php(67): CodeIgniter\CodeIgniter->run()
CRITICAL - 2022-10-19 19:40:23 --> Undefined variable: array
in APPPATH\Views\prueba.php on line 10.
 1 APPPATH\Views\prueba.php(10): CodeIgniter\Debug\Exceptions->errorHandler(8, 'Undefined variable: array', 'APPPATH\\Views\\prueba.php', 10, [...])
 2 SYSTEMPATH\View\View.php(213): include('APPPATH\\Views\\prueba.php')
 3 SYSTEMPATH\View\View.php(216): CodeIgniter\View\View->CodeIgniter\View\{closure}()
 4 SYSTEMPATH\Common.php(1137): CodeIgniter\View\View->render('prueba', [], true)
 5 APPPATH\Controllers\PDF.php(32): view('prueba', [...])
 6 SYSTEMPATH\CodeIgniter.php(904): App\Controllers\PDF->copia('89')
 7 SYSTEMPATH\CodeIgniter.php(457): CodeIgniter\CodeIgniter->runController(Object(App\Controllers\PDF))
 8 SYSTEMPATH\CodeIgniter.php(340): CodeIgniter\CodeIgniter->handleRequest(null, Object(Config\Cache), false)
 9 FCPATH\index.php(67): CodeIgniter\CodeIgniter->run()
CRITICAL - 2022-10-19 19:40:27 --> Undefined variable: array
in APPPATH\Views\prueba.php on line 10.
 1 APPPATH\Views\prueba.php(10): CodeIgniter\Debug\Exceptions->errorHandler(8, 'Undefined variable: array', 'APPPATH\\Views\\prueba.php', 10, [...])
 2 SYSTEMPATH\View\View.php(213): include('APPPATH\\Views\\prueba.php')
 3 SYSTEMPATH\View\View.php(216): CodeIgniter\View\View->CodeIgniter\View\{closure}()
 4 SYSTEMPATH\Common.php(1137): CodeIgniter\View\View->render('prueba', [], true)
 5 APPPATH\Controllers\PDF.php(32): view('prueba', [...])
 6 SYSTEMPATH\CodeIgniter.php(904): App\Controllers\PDF->copia('89')
 7 SYSTEMPATH\CodeIgniter.php(457): CodeIgniter\CodeIgniter->runController(Object(App\Controllers\PDF))
 8 SYSTEMPATH\CodeIgniter.php(340): CodeIgniter\CodeIgniter->handleRequest(null, Object(Config\Cache), false)
 9 FCPATH\index.php(67): CodeIgniter\CodeIgniter->run()
CRITICAL - 2022-10-19 19:40:30 --> Undefined variable: array
in APPPATH\Views\prueba.php on line 10.
 1 APPPATH\Views\prueba.php(10): CodeIgniter\Debug\Exceptions->errorHandler(8, 'Undefined variable: array', 'APPPATH\\Views\\prueba.php', 10, [...])
 2 SYSTEMPATH\View\View.php(213): include('APPPATH\\Views\\prueba.php')
 3 SYSTEMPATH\View\View.php(216): CodeIgniter\View\View->CodeIgniter\View\{closure}()
 4 SYSTEMPATH\Common.php(1137): CodeIgniter\View\View->render('prueba', [], true)
 5 APPPATH\Controllers\PDF.php(32): view('prueba', [...])
 6 SYSTEMPATH\CodeIgniter.php(904): App\Controllers\PDF->copia('89')
 7 SYSTEMPATH\CodeIgniter.php(457): CodeIgniter\CodeIgniter->runController(Object(App\Controllers\PDF))
 8 SYSTEMPATH\CodeIgniter.php(340): CodeIgniter\CodeIgniter->handleRequest(null, Object(Config\Cache), false)
 9 FCPATH\index.php(67): CodeIgniter\CodeIgniter->run()
CRITICAL - 2022-10-19 19:42:29 --> Undefined variable: array
in APPPATH\Views\prueba.php on line 10.
 1 APPPATH\Views\prueba.php(10): CodeIgniter\Debug\Exceptions->errorHandler(8, 'Undefined variable: array', 'APPPATH\\Views\\prueba.php', 10, [...])
 2 SYSTEMPATH\View\View.php(213): include('APPPATH\\Views\\prueba.php')
 3 SYSTEMPATH\View\View.php(216): CodeIgniter\View\View->CodeIgniter\View\{closure}()
 4 SYSTEMPATH\Common.php(1137): CodeIgniter\View\View->render('prueba', [], true)
 5 APPPATH\Controllers\PDF.php(31): view('prueba', [...])
 6 SYSTEMPATH\CodeIgniter.php(904): App\Controllers\PDF->copia('89')
 7 SYSTEMPATH\CodeIgniter.php(457): CodeIgniter\CodeIgniter->runController(Object(App\Controllers\PDF))
 8 SYSTEMPATH\CodeIgniter.php(340): CodeIgniter\CodeIgniter->handleRequest(null, Object(Config\Cache), false)
 9 FCPATH\index.php(67): CodeIgniter\CodeIgniter->run()
CRITICAL - 2022-10-19 19:43:35 --> Undefined variable: array
in APPPATH\Views\welcome_message.php on line 12.
 1 APPPATH\Views\welcome_message.php(12): CodeIgniter\Debug\Exceptions->errorHandler(8, 'Undefined variable: array', 'APPPATH\\Views\\welcome_message.php', 12, [...])
 2 SYSTEMPATH\View\View.php(213): include('APPPATH\\Views\\welcome_message.php')
 3 SYSTEMPATH\View\View.php(216): CodeIgniter\View\View->CodeIgniter\View\{closure}()
 4 SYSTEMPATH\Common.php(1137): CodeIgniter\View\View->render('welcome_message', [], true)
 5 APPPATH\Controllers\PDF.php(31): view('welcome_message', [...])
 6 SYSTEMPATH\CodeIgniter.php(904): App\Controllers\PDF->copia('89')
 7 SYSTEMPATH\CodeIgniter.php(457): CodeIgniter\CodeIgniter->runController(Object(App\Controllers\PDF))
 8 SYSTEMPATH\CodeIgniter.php(340): CodeIgniter\CodeIgniter->handleRequest(null, Object(Config\Cache), false)
 9 FCPATH\index.php(67): CodeIgniter\CodeIgniter->run()
CRITICAL - 2022-10-19 19:49:28 --> Undefined variable: data
in APPPATH\Views\prueba.php on line 10.
 1 APPPATH\Views\prueba.php(10): CodeIgniter\Debug\Exceptions->errorHandler(8, 'Undefined variable: data', 'APPPATH\\Views\\prueba.php', 10, [...])
 2 SYSTEMPATH\View\View.php(213): include('APPPATH\\Views\\prueba.php')
 3 SYSTEMPATH\View\View.php(216): CodeIgniter\View\View->CodeIgniter\View\{closure}()
 4 SYSTEMPATH\Common.php(1137): CodeIgniter\View\View->render('prueba', [], true)
 5 APPPATH\Controllers\exporte_pdf.php(13): view('prueba', [...])
 6 SYSTEMPATH\CodeIgniter.php(904): App\Controllers\exporte_pdf->copia('89')
 7 SYSTEMPATH\CodeIgniter.php(457): CodeIgniter\CodeIgniter->runController(Object(App\Controllers\exporte_pdf))
 8 SYSTEMPATH\CodeIgniter.php(340): CodeIgniter\CodeIgniter->handleRequest(null, Object(Config\Cache), false)
 9 FCPATH\index.php(67): CodeIgniter\CodeIgniter->run()
CRITICAL - 2022-10-19 19:50:19 --> Undefined variable: data
in APPPATH\Views\template\prueba.php on line 10.
 1 APPPATH\Views\template\prueba.php(10): CodeIgniter\Debug\Exceptions->errorHandler(8, 'Undefined variable: data', 'APPPATH\\Views\\template\\prueba.php', 10, [...])
 2 SYSTEMPATH\View\View.php(213): include('APPPATH\\Views\\template\\prueba.php')
 3 SYSTEMPATH\View\View.php(216): CodeIgniter\View\View->CodeIgniter\View\{closure}()
 4 SYSTEMPATH\Common.php(1137): CodeIgniter\View\View->render('template/prueba', [], true)
 5 APPPATH\Controllers\exporte_pdf.php(13): view('template/prueba', [...])
 6 SYSTEMPATH\CodeIgniter.php(904): App\Controllers\exporte_pdf->copia('89')
 7 SYSTEMPATH\CodeIgniter.php(457): CodeIgniter\CodeIgniter->runController(Object(App\Controllers\exporte_pdf))
 8 SYSTEMPATH\CodeIgniter.php(340): CodeIgniter\CodeIgniter->handleRequest(null, Object(Config\Cache), false)
 9 FCPATH\index.php(67): CodeIgniter\CodeIgniter->run()
CRITICAL - 2022-10-19 19:50:58 --> Invalid file: template/fffff.php
in SYSTEMPATH\Exceptions\FrameworkException.php on line 33.
 1 SYSTEMPATH\View\View.php(201): CodeIgniter\Exceptions\FrameworkException::forInvalidFile('template/fffff.php')
 2 SYSTEMPATH\Common.php(1137): CodeIgniter\View\View->render('template/fffff', [], true)
 3 APPPATH\Controllers\exporte_pdf.php(13): view('template/fffff', [...])
 4 SYSTEMPATH\CodeIgniter.php(904): App\Controllers\exporte_pdf->copia('89')
 5 SYSTEMPATH\CodeIgniter.php(457): CodeIgniter\CodeIgniter->runController(Object(App\Controllers\exporte_pdf))
 6 SYSTEMPATH\CodeIgniter.php(340): CodeIgniter\CodeIgniter->handleRequest(null, Object(Config\Cache), false)
 7 FCPATH\index.php(67): CodeIgniter\CodeIgniter->run()
CRITICAL - 2022-10-19 19:51:08 --> Undefined variable: data
in APPPATH\Views\template\ffffff.php on line 1.
 1 APPPATH\Views\template\ffffff.php(1): CodeIgniter\Debug\Exceptions->errorHandler(8, 'Undefined variable: data', 'APPPATH\\Views\\template\\ffffff.php', 1, [...])
 2 SYSTEMPATH\View\View.php(213): include('APPPATH\\Views\\template\\ffffff.php')
 3 SYSTEMPATH\View\View.php(216): CodeIgniter\View\View->CodeIgniter\View\{closure}()
 4 SYSTEMPATH\Common.php(1137): CodeIgniter\View\View->render('template/ffffff', [], true)
 5 APPPATH\Controllers\exporte_pdf.php(13): view('template/ffffff', [...])
 6 SYSTEMPATH\CodeIgniter.php(904): App\Controllers\exporte_pdf->copia('89')
 7 SYSTEMPATH\CodeIgniter.php(457): CodeIgniter\CodeIgniter->runController(Object(App\Controllers\exporte_pdf))
 8 SYSTEMPATH\CodeIgniter.php(340): CodeIgniter\CodeIgniter->handleRequest(null, Object(Config\Cache), false)
 9 FCPATH\index.php(67): CodeIgniter\CodeIgniter->run()
CRITICAL - 2022-10-19 19:51:23 --> Undefined variable: datitos
in APPPATH\Views\template\ffffff.php on line 1.
 1 APPPATH\Views\template\ffffff.php(1): CodeIgniter\Debug\Exceptions->errorHandler(8, 'Undefined variable: datitos', 'APPPATH\\Views\\template\\ffffff.php', 1, [...])
 2 SYSTEMPATH\View\View.php(213): include('APPPATH\\Views\\template\\ffffff.php')
 3 SYSTEMPATH\View\View.php(216): CodeIgniter\View\View->CodeIgniter\View\{closure}()
 4 SYSTEMPATH\Common.php(1137): CodeIgniter\View\View->render('template/ffffff', [], true)
 5 APPPATH\Controllers\exporte_pdf.php(13): view('template/ffffff', [...])
 6 SYSTEMPATH\CodeIgniter.php(904): App\Controllers\exporte_pdf->copia('89')
 7 SYSTEMPATH\CodeIgniter.php(457): CodeIgniter\CodeIgniter->runController(Object(App\Controllers\exporte_pdf))
 8 SYSTEMPATH\CodeIgniter.php(340): CodeIgniter\CodeIgniter->handleRequest(null, Object(Config\Cache), false)
 9 FCPATH\index.php(67): CodeIgniter\CodeIgniter->run()
