CRITICAL - 2022-08-14 00:03:14 --> Namespace declaration statement has to be the very first statement or after any declare call in the script
in APPPATH\Controllers\Excel.php on line 5.
 1 [internal function]: CodeIgniter\Debug\Exceptions->shutdownHandler()
CRITICAL - 2022-08-14 00:04:34 --> require(../../vendor/autoload.php): failed to open stream: No such file or directory
in APPPATH\Controllers\Excel.php on line 17.
 1 APPPATH\Controllers\Excel.php(17): CodeIgniter\Debug\Exceptions->errorHandler(2, 'require(../../vendor/autoload.php): failed to open stream: No such file or directory', 'APPPATH\\Controllers\\Excel.php', 17, [])
 2 APPPATH\Controllers\Excel.php(17): require()
 3 SYSTEMPATH\CodeIgniter.php(904): App\Controllers\Excel->exportar()
 4 SYSTEMPATH\CodeIgniter.php(457): CodeIgniter\CodeIgniter->runController(Object(App\Controllers\Excel))
 5 SYSTEMPATH\CodeIgniter.php(340): CodeIgniter\CodeIgniter->handleRequest(null, Object(Config\Cache), false)
 6 FCPATH\index.php(67): CodeIgniter\CodeIgniter->run()
CRITICAL - 2022-08-14 00:04:48 --> require(../vendor/autoload.php): failed to open stream: No such file or directory
in APPPATH\Controllers\Excel.php on line 17.
 1 APPPATH\Controllers\Excel.php(17): CodeIgniter\Debug\Exceptions->errorHandler(2, 'require(../vendor/autoload.php): failed to open stream: No such file or directory', 'APPPATH\\Controllers\\Excel.php', 17, [])
 2 APPPATH\Controllers\Excel.php(17): require()
 3 SYSTEMPATH\CodeIgniter.php(904): App\Controllers\Excel->exportar()
 4 SYSTEMPATH\CodeIgniter.php(457): CodeIgniter\CodeIgniter->runController(Object(App\Controllers\Excel))
 5 SYSTEMPATH\CodeIgniter.php(340): CodeIgniter\CodeIgniter->handleRequest(null, Object(Config\Cache), false)
 6 FCPATH\index.php(67): CodeIgniter\CodeIgniter->run()
CRITICAL - 2022-08-14 00:21:48 --> Undefined variable: fileName
in APPPATH\Controllers\Excel.php on line 20.
 1 APPPATH\Controllers\Excel.php(20): CodeIgniter\Debug\Exceptions->errorHandler(8, 'Undefined variable: fileName', 'APPPATH\\Controllers\\Excel.php', 20, [...])
 2 SYSTEMPATH\CodeIgniter.php(904): App\Controllers\Excel->exportar()
 3 SYSTEMPATH\CodeIgniter.php(457): CodeIgniter\CodeIgniter->runController(Object(App\Controllers\Excel))
 4 SYSTEMPATH\CodeIgniter.php(340): CodeIgniter\CodeIgniter->handleRequest(null, Object(Config\Cache), false)
 5 FCPATH\index.php(67): CodeIgniter\CodeIgniter->run()
CRITICAL - 2022-08-14 00:21:49 --> Undefined variable: fileName
in APPPATH\Controllers\Excel.php on line 20.
 1 APPPATH\Controllers\Excel.php(20): CodeIgniter\Debug\Exceptions->errorHandler(8, 'Undefined variable: fileName', 'APPPATH\\Controllers\\Excel.php', 20, [...])
 2 SYSTEMPATH\CodeIgniter.php(904): App\Controllers\Excel->exportar()
 3 SYSTEMPATH\CodeIgniter.php(457): CodeIgniter\CodeIgniter->runController(Object(App\Controllers\Excel))
 4 SYSTEMPATH\CodeIgniter.php(340): CodeIgniter\CodeIgniter->handleRequest(null, Object(Config\Cache), false)
 5 FCPATH\index.php(67): CodeIgniter\CodeIgniter->run()
CRITICAL - 2022-08-14 00:21:54 --> Undefined variable: fileName
in APPPATH\Controllers\Excel.php on line 20.
 1 APPPATH\Controllers\Excel.php(20): CodeIgniter\Debug\Exceptions->errorHandler(8, 'Undefined variable: fileName', 'APPPATH\\Controllers\\Excel.php', 20, [...])
 2 SYSTEMPATH\CodeIgniter.php(904): App\Controllers\Excel->exportar()
 3 SYSTEMPATH\CodeIgniter.php(457): CodeIgniter\CodeIgniter->runController(Object(App\Controllers\Excel))
 4 SYSTEMPATH\CodeIgniter.php(340): CodeIgniter\CodeIgniter->handleRequest(null, Object(Config\Cache), false)
 5 FCPATH\index.php(67): CodeIgniter\CodeIgniter->run()
CRITICAL - 2022-08-14 00:24:19 --> Undefined variable: response
in APPPATH\Controllers\Excel.php on line 24.
 1 APPPATH\Controllers\Excel.php(24): CodeIgniter\Debug\Exceptions->errorHandler(8, 'Undefined variable: response', 'APPPATH\\Controllers\\Excel.php', 24, [...])
 2 SYSTEMPATH\CodeIgniter.php(904): App\Controllers\Excel->exportar()
 3 SYSTEMPATH\CodeIgniter.php(457): CodeIgniter\CodeIgniter->runController(Object(App\Controllers\Excel))
 4 SYSTEMPATH\CodeIgniter.php(340): CodeIgniter\CodeIgniter->handleRequest(null, Object(Config\Cache), false)
 5 FCPATH\index.php(67): CodeIgniter\CodeIgniter->run()
CRITICAL - 2022-08-14 00:28:11 --> Undefined variable: response
in APPPATH\Controllers\Excel.php on line 25.
 1 APPPATH\Controllers\Excel.php(25): CodeIgniter\Debug\Exceptions->errorHandler(8, 'Undefined variable: response', 'APPPATH\\Controllers\\Excel.php', 25, [...])
 2 SYSTEMPATH\CodeIgniter.php(904): App\Controllers\Excel->exportar()
 3 SYSTEMPATH\CodeIgniter.php(457): CodeIgniter\CodeIgniter->runController(Object(App\Controllers\Excel))
 4 SYSTEMPATH\CodeIgniter.php(340): CodeIgniter\CodeIgniter->handleRequest(null, Object(Config\Cache), false)
 5 FCPATH\index.php(67): CodeIgniter\CodeIgniter->run()
CRITICAL - 2022-08-14 01:43:09 --> Undefined index: ID_CARRERA
in APPPATH\Controllers\Excel.php on line 35.
 1 APPPATH\Controllers\Excel.php(35): CodeIgniter\Debug\Exceptions->errorHandler(8, 'Undefined index: ID_CARRERA', 'APPPATH\\Controllers\\Excel.php', 35, [...])
 2 SYSTEMPATH\CodeIgniter.php(904): App\Controllers\Excel->exportar('202201')
 3 SYSTEMPATH\CodeIgniter.php(457): CodeIgniter\CodeIgniter->runController(Object(App\Controllers\Excel))
 4 SYSTEMPATH\CodeIgniter.php(340): CodeIgniter\CodeIgniter->handleRequest(null, Object(Config\Cache), false)
 5 FCPATH\index.php(67): CodeIgniter\CodeIgniter->run()
CRITICAL - 2022-08-14 01:44:26 --> Undefined variable: postulante
in APPPATH\Controllers\Excel.php on line 34.
 1 APPPATH\Controllers\Excel.php(34): CodeIgniter\Debug\Exceptions->errorHandler(8, 'Undefined variable: postulante', 'APPPATH\\Controllers\\Excel.php', 34, [...])
 2 SYSTEMPATH\CodeIgniter.php(904): App\Controllers\Excel->exportar('202201')
 3 SYSTEMPATH\CodeIgniter.php(457): CodeIgniter\CodeIgniter->runController(Object(App\Controllers\Excel))
 4 SYSTEMPATH\CodeIgniter.php(340): CodeIgniter\CodeIgniter->handleRequest(null, Object(Config\Cache), false)
 5 FCPATH\index.php(67): CodeIgniter\CodeIgniter->run()
ERROR - 2022-08-14 01:49:18 --> mysqli_sql_exception: Unknown column 'ID_CONVOCATORIA' in 'where clause' in C:\xampp\htdocs\tesis\system\Database\MySQLi\Connection.php:292
Stack trace:
#0 C:\xampp\htdocs\tesis\system\Database\MySQLi\Connection.php(292): mysqli->query('SELECT *\nFROM `...', 0)
#1 C:\xampp\htdocs\tesis\system\Database\BaseConnection.php(693): CodeIgniter\Database\MySQLi\Connection->execute('SELECT *\nFROM `...')
#2 C:\xampp\htdocs\tesis\system\Database\BaseConnection.php(620): CodeIgniter\Database\BaseConnection->simpleQuery('SELECT *\nFROM `...')
#3 C:\xampp\htdocs\tesis\system\Database\BaseBuilder.php(1585): CodeIgniter\Database\BaseConnection->query('SELECT *\nFROM `...', Array, false)
#4 C:\xampp\htdocs\tesis\system\Model.php(222): CodeIgniter\Database\BaseBuilder->get()
#5 C:\xampp\htdocs\tesis\system\BaseModel.php(584): CodeIgniter\Model->doFindAll(0, 0)
#6 C:\xampp\htdocs\tesis\app\Controllers\Excel.php(35): CodeIgniter\BaseModel->findAll()
#7 C:\xampp\htdocs\tesis\system\CodeIgniter.php(904): App\Controllers\Excel->exportar('202201')
#8 C:\xampp\htdocs\tesis\system\CodeIgniter.php(457): CodeIgniter\CodeIgniter->runController(Object(App\Controllers\Excel))
#9 C:\xampp\htdocs\tesis\system\CodeIgniter.php(340): CodeIgniter\CodeIgniter->handleRequest(NULL, Object(Config\Cache), false)
#10 C:\xampp\htdocs\tesis\index.php(67): CodeIgniter\CodeIgniter->run()
#11 {main}
CRITICAL - 2022-08-14 01:49:18 --> Unknown column 'ID_CONVOCATORIA' in 'where clause'
in SYSTEMPATH\Database\MySQLi\Connection.php on line 292.
 1 SYSTEMPATH\Database\MySQLi\Connection.php(292): mysqli->query('SELECT *
FROM `postulacion`
WHERE `ID_CONVOCATORIA` = \'202201\'', 0)
 2 SYSTEMPATH\Database\BaseConnection.php(693): CodeIgniter\Database\MySQLi\Connection->execute('SELECT *
FROM `postulacion`
WHERE `ID_CONVOCATORIA` = \'202201\'')
 3 SYSTEMPATH\Database\BaseConnection.php(620): CodeIgniter\Database\BaseConnection->simpleQuery('SELECT *
FROM `postulacion`
WHERE `ID_CONVOCATORIA` = \'202201\'')
 4 SYSTEMPATH\Database\BaseBuilder.php(1585): CodeIgniter\Database\BaseConnection->query('SELECT *
FROM `postulacion`
WHERE `ID_CONVOCATORIA` = :ID_CONVOCATORIA:', [...], false)
 5 SYSTEMPATH\Model.php(222): CodeIgniter\Database\BaseBuilder->get()
 6 SYSTEMPATH\BaseModel.php(584): CodeIgniter\Model->doFindAll(0, 0)
 7 APPPATH\Controllers\Excel.php(35): CodeIgniter\BaseModel->findAll()
 8 SYSTEMPATH\CodeIgniter.php(904): App\Controllers\Excel->exportar('202201')
 9 SYSTEMPATH\CodeIgniter.php(457): CodeIgniter\CodeIgniter->runController(Object(App\Controllers\Excel))
10 SYSTEMPATH\CodeIgniter.php(340): CodeIgniter\CodeIgniter->handleRequest(null, Object(Config\Cache), false)
11 FCPATH\index.php(67): CodeIgniter\CodeIgniter->run()
CRITICAL - 2022-08-14 13:40:48 --> Call to undefined method PhpOffice\PhpSpreadsheet\Worksheet\Worksheet::getActiveSheet()
in APPPATH\Controllers\Excel.php on line 43.
 1 SYSTEMPATH\CodeIgniter.php(904): App\Controllers\Excel->exportar('202201')
 2 SYSTEMPATH\CodeIgniter.php(457): CodeIgniter\CodeIgniter->runController(Object(App\Controllers\Excel))
 3 SYSTEMPATH\CodeIgniter.php(340): CodeIgniter\CodeIgniter->handleRequest(null, Object(Config\Cache), false)
 4 FCPATH\index.php(67): CodeIgniter\CodeIgniter->run()
CRITICAL - 2022-08-14 15:18:01 --> Undefined index: EMAIL_PERSONAL_ESTUDIANTE
in APPPATH\Controllers\Excel.php on line 102.
 1 APPPATH\Controllers\Excel.php(102): CodeIgniter\Debug\Exceptions->errorHandler(8, 'Undefined index: EMAIL_PERSONAL_ESTUDIANTE', 'APPPATH\\Controllers\\Excel.php', 102, [...])
 2 SYSTEMPATH\CodeIgniter.php(904): App\Controllers\Excel->exportar('202201')
 3 SYSTEMPATH\CodeIgniter.php(457): CodeIgniter\CodeIgniter->runController(Object(App\Controllers\Excel))
 4 SYSTEMPATH\CodeIgniter.php(340): CodeIgniter\CodeIgniter->handleRequest(null, Object(Config\Cache), false)
 5 FCPATH\index.php(67): CodeIgniter\CodeIgniter->run()
CRITICAL - 2022-08-14 15:23:16 --> Invalid argument supplied for foreach()
in APPPATH\Controllers\Excel.php on line 102.
 1 APPPATH\Controllers\Excel.php(102): CodeIgniter\Debug\Exceptions->errorHandler(2, 'Invalid argument supplied for foreach()', 'APPPATH\\Controllers\\Excel.php', 102, [...])
 2 SYSTEMPATH\CodeIgniter.php(904): App\Controllers\Excel->exportar('202201')
 3 SYSTEMPATH\CodeIgniter.php(457): CodeIgniter\CodeIgniter->runController(Object(App\Controllers\Excel))
 4 SYSTEMPATH\CodeIgniter.php(340): CodeIgniter\CodeIgniter->handleRequest(null, Object(Config\Cache), false)
 5 FCPATH\index.php(67): CodeIgniter\CodeIgniter->run()
CRITICAL - 2022-08-14 15:27:45 --> Undefined index: EMAIL_PERSONAL_ESTUDIANTE
in APPPATH\Controllers\Excel.php on line 113.
 1 APPPATH\Controllers\Excel.php(113): CodeIgniter\Debug\Exceptions->errorHandler(8, 'Undefined index: EMAIL_PERSONAL_ESTUDIANTE', 'APPPATH\\Controllers\\Excel.php', 113, [...])
 2 SYSTEMPATH\CodeIgniter.php(904): App\Controllers\Excel->exportar('202201')
 3 SYSTEMPATH\CodeIgniter.php(457): CodeIgniter\CodeIgniter->runController(Object(App\Controllers\Excel))
 4 SYSTEMPATH\CodeIgniter.php(340): CodeIgniter\CodeIgniter->handleRequest(null, Object(Config\Cache), false)
 5 FCPATH\index.php(67): CodeIgniter\CodeIgniter->run()
CRITICAL - 2022-08-14 15:28:05 --> Undefined index: TELEFONO
in APPPATH\Controllers\Excel.php on line 114.
 1 APPPATH\Controllers\Excel.php(114): CodeIgniter\Debug\Exceptions->errorHandler(8, 'Undefined index: TELEFONO', 'APPPATH\\Controllers\\Excel.php', 114, [...])
 2 SYSTEMPATH\CodeIgniter.php(904): App\Controllers\Excel->exportar('202201')
 3 SYSTEMPATH\CodeIgniter.php(457): CodeIgniter\CodeIgniter->runController(Object(App\Controllers\Excel))
 4 SYSTEMPATH\CodeIgniter.php(340): CodeIgniter\CodeIgniter->handleRequest(null, Object(Config\Cache), false)
 5 FCPATH\index.php(67): CodeIgniter\CodeIgniter->run()
