CRITICAL - 2022-09-25 14:23:39 --> Trying to access array offset on value of type null
in APPPATH\Views\admin\postulaciones\individual.php on line 52.
 1 APPPATH\Views\admin\postulaciones\individual.php(52): CodeIgniter\Debug\Exceptions->errorHandler(8, 'Trying to access array offset on value of type null', 'APPPATH\\Views\\admin\\postulaciones\\individual.php', 52, [...])
 2 SYSTEMPATH\View\View.php(213): include('APPPATH\\Views\\admin\\postulaciones\\individual.php')
 3 SYSTEMPATH\View\View.php(216): CodeIgniter\View\View->CodeIgniter\View\{closure}()
 4 SYSTEMPATH\Common.php(1137): CodeIgniter\View\View->render('admin/postulaciones/individual', [], true)
 5 APPPATH\Controllers\Postulante.php(110): view('admin/postulaciones/individual', [...])
 6 SYSTEMPATH\CodeIgniter.php(904): App\Controllers\Postulante->registro('58')
 7 SYSTEMPATH\CodeIgniter.php(457): CodeIgniter\CodeIgniter->runController(Object(App\Controllers\Postulante))
 8 SYSTEMPATH\CodeIgniter.php(340): CodeIgniter\CodeIgniter->handleRequest(null, Object(Config\Cache), false)
 9 FCPATH\index.php(67): CodeIgniter\CodeIgniter->run()
CRITICAL - 2022-09-25 14:25:30 --> Trying to access array offset on value of type null
in APPPATH\Views\admin\convocatorias\crear.php on line 53.
 1 APPPATH\Views\admin\convocatorias\crear.php(53): CodeIgniter\Debug\Exceptions->errorHandler(8, 'Trying to access array offset on value of type null', 'APPPATH\\Views\\admin\\convocatorias\\crear.php', 53, [...])
 2 SYSTEMPATH\View\View.php(213): include('APPPATH\\Views\\admin\\convocatorias\\crear.php')
 3 SYSTEMPATH\View\View.php(216): CodeIgniter\View\View->CodeIgniter\View\{closure}()
 4 SYSTEMPATH\Common.php(1137): CodeIgniter\View\View->render('admin/convocatorias/crear', [], true)
 5 APPPATH\Controllers\Convocatoria.php(113): view('admin/convocatorias/crear', [...])
 6 SYSTEMPATH\CodeIgniter.php(904): App\Controllers\Convocatoria->crear()
 7 SYSTEMPATH\CodeIgniter.php(457): CodeIgniter\CodeIgniter->runController(Object(App\Controllers\Convocatoria))
 8 SYSTEMPATH\CodeIgniter.php(340): CodeIgniter\CodeIgniter->handleRequest(null, Object(Config\Cache), false)
 9 FCPATH\index.php(67): CodeIgniter\CodeIgniter->run()
CRITICAL - 2022-09-25 17:28:40 --> Trying to access array offset on value of type null
in APPPATH\Views\admin\convocatorias\crear.php on line 53.
 1 APPPATH\Views\admin\convocatorias\crear.php(53): CodeIgniter\Debug\Exceptions->errorHandler(8, 'Trying to access array offset on value of type null', 'APPPATH\\Views\\admin\\convocatorias\\crear.php', 53, [...])
 2 SYSTEMPATH\View\View.php(213): include('APPPATH\\Views\\admin\\convocatorias\\crear.php')
 3 SYSTEMPATH\View\View.php(216): CodeIgniter\View\View->CodeIgniter\View\{closure}()
 4 SYSTEMPATH\Common.php(1137): CodeIgniter\View\View->render('admin/convocatorias/crear', [], true)
 5 APPPATH\Controllers\Convocatoria.php(113): view('admin/convocatorias/crear', [...])
 6 SYSTEMPATH\CodeIgniter.php(904): App\Controllers\Convocatoria->crear()
 7 SYSTEMPATH\CodeIgniter.php(457): CodeIgniter\CodeIgniter->runController(Object(App\Controllers\Convocatoria))
 8 SYSTEMPATH\CodeIgniter.php(340): CodeIgniter\CodeIgniter->handleRequest(null, Object(Config\Cache), false)
 9 FCPATH\index.php(67): CodeIgniter\CodeIgniter->run()
CRITICAL - 2022-09-25 17:30:14 --> Trying to access array offset on value of type null
in APPPATH\Views\admin\postulaciones\individual.php on line 52.
 1 APPPATH\Views\admin\postulaciones\individual.php(52): CodeIgniter\Debug\Exceptions->errorHandler(8, 'Trying to access array offset on value of type null', 'APPPATH\\Views\\admin\\postulaciones\\individual.php', 52, [...])
 2 SYSTEMPATH\View\View.php(213): include('APPPATH\\Views\\admin\\postulaciones\\individual.php')
 3 SYSTEMPATH\View\View.php(216): CodeIgniter\View\View->CodeIgniter\View\{closure}()
 4 SYSTEMPATH\Common.php(1137): CodeIgniter\View\View->render('admin/postulaciones/individual', [], true)
 5 APPPATH\Controllers\Postulante.php(110): view('admin/postulaciones/individual', [...])
 6 SYSTEMPATH\CodeIgniter.php(904): App\Controllers\Postulante->registro('58')
 7 SYSTEMPATH\CodeIgniter.php(457): CodeIgniter\CodeIgniter->runController(Object(App\Controllers\Postulante))
 8 SYSTEMPATH\CodeIgniter.php(340): CodeIgniter\CodeIgniter->handleRequest(null, Object(Config\Cache), false)
 9 FCPATH\index.php(67): CodeIgniter\CodeIgniter->run()
CRITICAL - 2022-09-25 18:54:34 --> Undefined variable: aux
in APPPATH\Controllers\Convocatoria.php on line 287.
 1 APPPATH\Controllers\Convocatoria.php(287): CodeIgniter\Debug\Exceptions->errorHandler(8, 'Undefined variable: aux', 'APPPATH\\Controllers\\Convocatoria.php', 287, [...])
 2 SYSTEMPATH\CodeIgniter.php(904): App\Controllers\Convocatoria->modificarModal()
 3 SYSTEMPATH\CodeIgniter.php(457): CodeIgniter\CodeIgniter->runController(Object(App\Controllers\Convocatoria))
 4 SYSTEMPATH\CodeIgniter.php(340): CodeIgniter\CodeIgniter->handleRequest(null, Object(Config\Cache), false)
 5 FCPATH\index.php(67): CodeIgniter\CodeIgniter->run()
