CRITICAL - 2022-10-29 09:31:09 --> Undefined variable: preguntas
in APPPATH\Controllers\Estudiante.php on line 319.
 1 APPPATH\Controllers\Estudiante.php(319): CodeIgniter\Debug\Exceptions->errorHandler(8, 'Undefined variable: preguntas', 'APPPATH\\Controllers\\Estudiante.php', 319, [...])
 2 SYSTEMPATH\CodeIgniter.php(904): App\Controllers\Estudiante->formulario()
 3 SYSTEMPATH\CodeIgniter.php(457): CodeIgniter\CodeIgniter->runController(Object(App\Controllers\Estudiante))
 4 SYSTEMPATH\CodeIgniter.php(340): CodeIgniter\CodeIgniter->handleRequest(null, Object(Config\Cache), false)
 5 FCPATH\index.php(67): CodeIgniter\CodeIgniter->run()
CRITICAL - 2022-10-29 09:32:58 --> Undefined variable: preguntas
in APPPATH\Controllers\Estudiante.php on line 320.
 1 APPPATH\Controllers\Estudiante.php(320): CodeIgniter\Debug\Exceptions->errorHandler(8, 'Undefined variable: preguntas', 'APPPATH\\Controllers\\Estudiante.php', 320, [...])
 2 SYSTEMPATH\CodeIgniter.php(904): App\Controllers\Estudiante->formulario()
 3 SYSTEMPATH\CodeIgniter.php(457): CodeIgniter\CodeIgniter->runController(Object(App\Controllers\Estudiante))
 4 SYSTEMPATH\CodeIgniter.php(340): CodeIgniter\CodeIgniter->handleRequest(null, Object(Config\Cache), false)
 5 FCPATH\index.php(67): CodeIgniter\CodeIgniter->run()
CRITICAL - 2022-10-29 09:33:20 --> Undefined variable: preguntas
in APPPATH\Controllers\Estudiante.php on line 322.
 1 APPPATH\Controllers\Estudiante.php(322): CodeIgniter\Debug\Exceptions->errorHandler(8, 'Undefined variable: preguntas', 'APPPATH\\Controllers\\Estudiante.php', 322, [...])
 2 SYSTEMPATH\CodeIgniter.php(904): App\Controllers\Estudiante->formulario()
 3 SYSTEMPATH\CodeIgniter.php(457): CodeIgniter\CodeIgniter->runController(Object(App\Controllers\Estudiante))
 4 SYSTEMPATH\CodeIgniter.php(340): CodeIgniter\CodeIgniter->handleRequest(null, Object(Config\Cache), false)
 5 FCPATH\index.php(67): CodeIgniter\CodeIgniter->run()
CRITICAL - 2022-10-29 09:33:31 --> Undefined variable: preguntas
in APPPATH\Controllers\Estudiante.php on line 322.
 1 APPPATH\Controllers\Estudiante.php(322): CodeIgniter\Debug\Exceptions->errorHandler(8, 'Undefined variable: preguntas', 'APPPATH\\Controllers\\Estudiante.php', 322, [...])
 2 SYSTEMPATH\CodeIgniter.php(904): App\Controllers\Estudiante->formulario()
 3 SYSTEMPATH\CodeIgniter.php(457): CodeIgniter\CodeIgniter->runController(Object(App\Controllers\Estudiante))
 4 SYSTEMPATH\CodeIgniter.php(340): CodeIgniter\CodeIgniter->handleRequest(null, Object(Config\Cache), false)
 5 FCPATH\index.php(67): CodeIgniter\CodeIgniter->run()
CRITICAL - 2022-10-29 13:48:03 --> Undefined variable: user
in APPPATH\Controllers\AuthSPM.php on line 39.
 1 APPPATH\Controllers\AuthSPM.php(39): CodeIgniter\Debug\Exceptions->errorHandler(8, 'Undefined variable: user', 'APPPATH\\Controllers\\AuthSPM.php', 39, [...])
 2 SYSTEMPATH\CodeIgniter.php(904): App\Controllers\AuthSPM->validador()
 3 SYSTEMPATH\CodeIgniter.php(457): CodeIgniter\CodeIgniter->runController(Object(App\Controllers\AuthSPM))
 4 SYSTEMPATH\CodeIgniter.php(340): CodeIgniter\CodeIgniter->handleRequest(null, Object(Config\Cache), false)
 5 FCPATH\index.php(67): CodeIgniter\CodeIgniter->run()
CRITICAL - 2022-10-29 13:50:18 --> Class 'App\Controllers\DetalleAdministrativo' not found
in APPPATH\Controllers\AuthSPM.php on line 47.
 1 SYSTEMPATH\CodeIgniter.php(904): App\Controllers\AuthSPM->validador()
 2 SYSTEMPATH\CodeIgniter.php(457): CodeIgniter\CodeIgniter->runController(Object(App\Controllers\AuthSPM))
 3 SYSTEMPATH\CodeIgniter.php(340): CodeIgniter\CodeIgniter->handleRequest(null, Object(Config\Cache), false)
 4 FCPATH\index.php(67): CodeIgniter\CodeIgniter->run()
CRITICAL - 2022-10-29 13:50:35 --> Undefined variable: user
in APPPATH\Controllers\AuthSPM.php on line 51.
 1 APPPATH\Controllers\AuthSPM.php(51): CodeIgniter\Debug\Exceptions->errorHandler(8, 'Undefined variable: user', 'APPPATH\\Controllers\\AuthSPM.php', 51, [...])
 2 SYSTEMPATH\CodeIgniter.php(904): App\Controllers\AuthSPM->validador()
 3 SYSTEMPATH\CodeIgniter.php(457): CodeIgniter\CodeIgniter->runController(Object(App\Controllers\AuthSPM))
 4 SYSTEMPATH\CodeIgniter.php(340): CodeIgniter\CodeIgniter->handleRequest(null, Object(Config\Cache), false)
 5 FCPATH\index.php(67): CodeIgniter\CodeIgniter->run()
ERROR - 2022-10-29 14:07:35 --> mysqli_sql_exception: Illegal parameter data types int and row for operation '=' in C:\xampp\htdocs\tesis\system\Database\MySQLi\Connection.php:292
Stack trace:
#0 C:\xampp\htdocs\tesis\system\Database\MySQLi\Connection.php(292): mysqli->query('SELECT *\nFROM `...', 0)
#1 C:\xampp\htdocs\tesis\system\Database\BaseConnection.php(693): CodeIgniter\Database\MySQLi\Connection->execute('SELECT *\nFROM `...')
#2 C:\xampp\htdocs\tesis\system\Database\BaseConnection.php(620): CodeIgniter\Database\BaseConnection->simpleQuery('SELECT *\nFROM `...')
#3 C:\xampp\htdocs\tesis\system\Database\BaseBuilder.php(1585): CodeIgniter\Database\BaseConnection->query('SELECT *\nFROM `...', Array, false)
#4 C:\xampp\htdocs\tesis\system\Model.php(249): CodeIgniter\Database\BaseBuilder->get()
#5 C:\xampp\htdocs\tesis\system\BaseModel.php(622): CodeIgniter\Model->doFirst()
#6 C:\xampp\htdocs\tesis\app\Controllers\AuthSPM.php(80): CodeIgniter\BaseModel->first()
#7 C:\xampp\htdocs\tesis\system\CodeIgniter.php(904): App\Controllers\AuthSPM->validador()
#8 C:\xampp\htdocs\tesis\system\CodeIgniter.php(457): CodeIgniter\CodeIgniter->runController(Object(App\Controllers\AuthSPM))
#9 C:\xampp\htdocs\tesis\system\CodeIgniter.php(340): CodeIgniter\CodeIgniter->handleRequest(NULL, Object(Config\Cache), false)
#10 C:\xampp\htdocs\tesis\index.php(67): CodeIgniter\CodeIgniter->run()
#11 {main}
CRITICAL - 2022-10-29 14:07:35 --> Illegal parameter data types int and row for operation '='
in SYSTEMPATH\Database\MySQLi\Connection.php on line 292.
 1 SYSTEMPATH\Database\MySQLi\Connection.php(292): mysqli->query('SELECT *
FROM `administrativo`
WHERE `ID_USUARIO` = (\'222\',\'Administrativo\',\'admin\')
 LIMIT 1', 0)
 2 SYSTEMPATH\Database\BaseConnection.php(693): CodeIgniter\Database\MySQLi\Connection->execute('SELECT *
FROM `administrativo`
WHERE `ID_USUARIO` = (\'222\',\'Administrativo\',\'admin\')
 LIMIT 1')
 3 SYSTEMPATH\Database\BaseConnection.php(620): CodeIgniter\Database\BaseConnection->simpleQuery('SELECT *
FROM `administrativo`
WHERE `ID_USUARIO` = (\'222\',\'Administrativo\',\'admin\')
 LIMIT 1')
 4 SYSTEMPATH\Database\BaseBuilder.php(1585): CodeIgniter\Database\BaseConnection->query('SELECT *
FROM `administrativo`
WHERE `ID_USUARIO` = :ID_USUARIO:
 LIMIT 1', [...], false)
 5 SYSTEMPATH\Model.php(249): CodeIgniter\Database\BaseBuilder->get()
 6 SYSTEMPATH\BaseModel.php(622): CodeIgniter\Model->doFirst()
 7 APPPATH\Controllers\AuthSPM.php(80): CodeIgniter\BaseModel->first()
 8 SYSTEMPATH\CodeIgniter.php(904): App\Controllers\AuthSPM->validador()
 9 SYSTEMPATH\CodeIgniter.php(457): CodeIgniter\CodeIgniter->runController(Object(App\Controllers\AuthSPM))
10 SYSTEMPATH\CodeIgniter.php(340): CodeIgniter\CodeIgniter->handleRequest(null, Object(Config\Cache), false)
11 FCPATH\index.php(67): CodeIgniter\CodeIgniter->run()
CRITICAL - 2022-10-29 14:09:05 --> Class 'App\Models\ConvocatoriaModel' not found
in APPPATH\Controllers\Admin.php on line 23.
 1 SYSTEMPATH\CodeIgniter.php(904): App\Controllers\Admin->home()
 2 SYSTEMPATH\CodeIgniter.php(457): CodeIgniter\CodeIgniter->runController(Object(App\Controllers\Admin))
 3 SYSTEMPATH\CodeIgniter.php(340): CodeIgniter\CodeIgniter->handleRequest(null, Object(Config\Cache), false)
 4 FCPATH\index.php(67): CodeIgniter\CodeIgniter->run()
CRITICAL - 2022-10-29 14:26:07 --> Trying to access array offset on value of type null
in APPPATH\Controllers\AuthSPM.php on line 55.
 1 APPPATH\Controllers\AuthSPM.php(55): CodeIgniter\Debug\Exceptions->errorHandler(8, 'Trying to access array offset on value of type null', 'APPPATH\\Controllers\\AuthSPM.php', 55, [...])
 2 SYSTEMPATH\CodeIgniter.php(904): App\Controllers\AuthSPM->validador()
 3 SYSTEMPATH\CodeIgniter.php(457): CodeIgniter\CodeIgniter->runController(Object(App\Controllers\AuthSPM))
 4 SYSTEMPATH\CodeIgniter.php(340): CodeIgniter\CodeIgniter->handleRequest(null, Object(Config\Cache), false)
 5 FCPATH\index.php(67): CodeIgniter\CodeIgniter->run()
CRITICAL - 2022-10-29 14:42:55 --> Undefined index: ID_DET_POST
in APPPATH\Controllers\AuthSPM.php on line 58.
 1 APPPATH\Controllers\AuthSPM.php(58): CodeIgniter\Debug\Exceptions->errorHandler(8, 'Undefined index: ID_DET_POST', 'APPPATH\\Controllers\\AuthSPM.php', 58, [...])
 2 SYSTEMPATH\CodeIgniter.php(904): App\Controllers\AuthSPM->validador()
 3 SYSTEMPATH\CodeIgniter.php(457): CodeIgniter\CodeIgniter->runController(Object(App\Controllers\AuthSPM))
 4 SYSTEMPATH\CodeIgniter.php(340): CodeIgniter\CodeIgniter->handleRequest(null, Object(Config\Cache), false)
 5 FCPATH\index.php(67): CodeIgniter\CodeIgniter->run()
CRITICAL - 2022-10-29 14:43:05 --> Trying to access array offset on value of type null
in APPPATH\Controllers\Admin.php on line 32.
 1 APPPATH\Controllers\Admin.php(32): CodeIgniter\Debug\Exceptions->errorHandler(8, 'Trying to access array offset on value of type null', 'APPPATH\\Controllers\\Admin.php', 32, [...])
 2 SYSTEMPATH\CodeIgniter.php(904): App\Controllers\Admin->home()
 3 SYSTEMPATH\CodeIgniter.php(457): CodeIgniter\CodeIgniter->runController(Object(App\Controllers\Admin))
 4 SYSTEMPATH\CodeIgniter.php(340): CodeIgniter\CodeIgniter->handleRequest(null, Object(Config\Cache), false)
 5 FCPATH\index.php(67): CodeIgniter\CodeIgniter->run()
CRITICAL - 2022-10-29 14:48:46 --> Trying to access array offset on value of type null
in APPPATH\Controllers\Admin.php on line 40.
 1 APPPATH\Controllers\Admin.php(40): CodeIgniter\Debug\Exceptions->errorHandler(8, 'Trying to access array offset on value of type null', 'APPPATH\\Controllers\\Admin.php', 40, [...])
 2 SYSTEMPATH\CodeIgniter.php(904): App\Controllers\Admin->home()
 3 SYSTEMPATH\CodeIgniter.php(457): CodeIgniter\CodeIgniter->runController(Object(App\Controllers\Admin))
 4 SYSTEMPATH\CodeIgniter.php(340): CodeIgniter\CodeIgniter->handleRequest(null, Object(Config\Cache), false)
 5 FCPATH\index.php(67): CodeIgniter\CodeIgniter->run()
CRITICAL - 2022-10-29 14:48:57 --> Undefined variable: postulaciones
in APPPATH\Controllers\Admin.php on line 43.
 1 APPPATH\Controllers\Admin.php(43): CodeIgniter\Debug\Exceptions->errorHandler(8, 'Undefined variable: postulaciones', 'APPPATH\\Controllers\\Admin.php', 43, [...])
 2 SYSTEMPATH\CodeIgniter.php(904): App\Controllers\Admin->home()
 3 SYSTEMPATH\CodeIgniter.php(457): CodeIgniter\CodeIgniter->runController(Object(App\Controllers\Admin))
 4 SYSTEMPATH\CodeIgniter.php(340): CodeIgniter\CodeIgniter->handleRequest(null, Object(Config\Cache), false)
 5 FCPATH\index.php(67): CodeIgniter\CodeIgniter->run()
CRITICAL - 2022-10-29 14:53:20 --> Undefined variable: checker
in APPPATH\Controllers\Admin.php on line 45.
 1 APPPATH\Controllers\Admin.php(45): CodeIgniter\Debug\Exceptions->errorHandler(8, 'Undefined variable: checker', 'APPPATH\\Controllers\\Admin.php', 45, [...])
 2 SYSTEMPATH\CodeIgniter.php(904): App\Controllers\Admin->home()
 3 SYSTEMPATH\CodeIgniter.php(457): CodeIgniter\CodeIgniter->runController(Object(App\Controllers\Admin))
 4 SYSTEMPATH\CodeIgniter.php(340): CodeIgniter\CodeIgniter->handleRequest(null, Object(Config\Cache), false)
 5 FCPATH\index.php(67): CodeIgniter\CodeIgniter->run()
CRITICAL - 2022-10-29 15:20:17 --> Illegal string offset 'ESTADO_CONVOCATORIA'
in APPPATH\Views\admin\index.php on line 77.
 1 APPPATH\Views\admin\index.php(77): CodeIgniter\Debug\Exceptions->errorHandler(2, 'Illegal string offset \'ESTADO_CONVOCATORIA\'', 'APPPATH\\Views\\admin\\index.php', 77, [...])
 2 SYSTEMPATH\View\View.php(213): include('APPPATH\\Views\\admin\\index.php')
 3 SYSTEMPATH\View\View.php(216): CodeIgniter\View\View->CodeIgniter\View\{closure}()
 4 SYSTEMPATH\Common.php(1137): CodeIgniter\View\View->render('admin/index', [], true)
 5 APPPATH\Controllers\Admin.php(70): view('admin/index', [...])
 6 SYSTEMPATH\CodeIgniter.php(904): App\Controllers\Admin->home()
 7 SYSTEMPATH\CodeIgniter.php(457): CodeIgniter\CodeIgniter->runController(Object(App\Controllers\Admin))
 8 SYSTEMPATH\CodeIgniter.php(340): CodeIgniter\CodeIgniter->handleRequest(null, Object(Config\Cache), false)
 9 FCPATH\index.php(67): CodeIgniter\CodeIgniter->run()
CRITICAL - 2022-10-29 15:29:51 --> Undefined variable: no_info
in APPPATH\Controllers\Admin.php on line 67.
 1 APPPATH\Controllers\Admin.php(67): CodeIgniter\Debug\Exceptions->errorHandler(8, 'Undefined variable: no_info', 'APPPATH\\Controllers\\Admin.php', 67, [...])
 2 SYSTEMPATH\CodeIgniter.php(904): App\Controllers\Admin->home()
 3 SYSTEMPATH\CodeIgniter.php(457): CodeIgniter\CodeIgniter->runController(Object(App\Controllers\Admin))
 4 SYSTEMPATH\CodeIgniter.php(340): CodeIgniter\CodeIgniter->handleRequest(null, Object(Config\Cache), false)
 5 FCPATH\index.php(67): CodeIgniter\CodeIgniter->run()
CRITICAL - 2022-10-29 15:30:15 --> Illegal string offset 'NOMBRE_CONVOCATORIA'
in APPPATH\Views\admin\index.php on line 103.
 1 APPPATH\Views\admin\index.php(103): CodeIgniter\Debug\Exceptions->errorHandler(2, 'Illegal string offset \'NOMBRE_CONVOCATORIA\'', 'APPPATH\\Views\\admin\\index.php', 103, [...])
 2 SYSTEMPATH\View\View.php(213): include('APPPATH\\Views\\admin\\index.php')
 3 SYSTEMPATH\View\View.php(216): CodeIgniter\View\View->CodeIgniter\View\{closure}()
 4 SYSTEMPATH\Common.php(1137): CodeIgniter\View\View->render('admin/index', [], true)
 5 APPPATH\Controllers\Admin.php(75): view('admin/index', [...])
 6 SYSTEMPATH\CodeIgniter.php(904): App\Controllers\Admin->home()
 7 SYSTEMPATH\CodeIgniter.php(457): CodeIgniter\CodeIgniter->runController(Object(App\Controllers\Admin))
 8 SYSTEMPATH\CodeIgniter.php(340): CodeIgniter\CodeIgniter->handleRequest(null, Object(Config\Cache), false)
 9 FCPATH\index.php(67): CodeIgniter\CodeIgniter->run()
CRITICAL - 2022-10-29 16:31:42 --> Class 'App\Models\PreguntaModel' not found
in APPPATH\Controllers\Convocatoria.php on line 42.
 1 SYSTEMPATH\CodeIgniter.php(904): App\Controllers\Convocatoria->index()
 2 SYSTEMPATH\CodeIgniter.php(457): CodeIgniter\CodeIgniter->runController(Object(App\Controllers\Convocatoria))
 3 SYSTEMPATH\CodeIgniter.php(340): CodeIgniter\CodeIgniter->handleRequest(null, Object(Config\Cache), false)
 4 FCPATH\index.php(67): CodeIgniter\CodeIgniter->run()
CRITICAL - 2022-10-29 17:12:39 --> Class 'App\Models\PreguntaModel' not found
in APPPATH\Controllers\Convocatoria.php on line 34.
 1 SYSTEMPATH\CodeIgniter.php(904): App\Controllers\Convocatoria->index()
 2 SYSTEMPATH\CodeIgniter.php(457): CodeIgniter\CodeIgniter->runController(Object(App\Controllers\Convocatoria))
 3 SYSTEMPATH\CodeIgniter.php(340): CodeIgniter\CodeIgniter->handleRequest(null, Object(Config\Cache), false)
 4 FCPATH\index.php(67): CodeIgniter\CodeIgniter->run()
CRITICAL - 2022-10-29 17:13:18 --> Class 'App\Models\IdiomaModel' not found
in APPPATH\Controllers\Convocatoria.php on line 35.
 1 SYSTEMPATH\CodeIgniter.php(904): App\Controllers\Convocatoria->index()
 2 SYSTEMPATH\CodeIgniter.php(457): CodeIgniter\CodeIgniter->runController(Object(App\Controllers\Convocatoria))
 3 SYSTEMPATH\CodeIgniter.php(340): CodeIgniter\CodeIgniter->handleRequest(null, Object(Config\Cache), false)
 4 FCPATH\index.php(67): CodeIgniter\CodeIgniter->run()
CRITICAL - 2022-10-29 17:14:02 --> Undefined variable: movilidadModel
in APPPATH\Controllers\Convocatoria.php on line 65.
 1 APPPATH\Controllers\Convocatoria.php(65): CodeIgniter\Debug\Exceptions->errorHandler(8, 'Undefined variable: movilidadModel', 'APPPATH\\Controllers\\Convocatoria.php', 65, [...])
 2 SYSTEMPATH\CodeIgniter.php(904): App\Controllers\Convocatoria->index()
 3 SYSTEMPATH\CodeIgniter.php(457): CodeIgniter\CodeIgniter->runController(Object(App\Controllers\Convocatoria))
 4 SYSTEMPATH\CodeIgniter.php(340): CodeIgniter\CodeIgniter->handleRequest(null, Object(Config\Cache), false)
 5 FCPATH\index.php(67): CodeIgniter\CodeIgniter->run()
CRITICAL - 2022-10-29 17:14:24 --> Undefined variable: movilidad
in APPPATH\Controllers\Convocatoria.php on line 109.
 1 APPPATH\Controllers\Convocatoria.php(109): CodeIgniter\Debug\Exceptions->errorHandler(8, 'Undefined variable: movilidad', 'APPPATH\\Controllers\\Convocatoria.php', 109, [...])
 2 SYSTEMPATH\CodeIgniter.php(904): App\Controllers\Convocatoria->index()
 3 SYSTEMPATH\CodeIgniter.php(457): CodeIgniter\CodeIgniter->runController(Object(App\Controllers\Convocatoria))
 4 SYSTEMPATH\CodeIgniter.php(340): CodeIgniter\CodeIgniter->handleRequest(null, Object(Config\Cache), false)
 5 FCPATH\index.php(67): CodeIgniter\CodeIgniter->run()
CRITICAL - 2022-10-29 17:14:43 --> Undefined variable: preguntas
in APPPATH\Controllers\Convocatoria.php on line 110.
 1 APPPATH\Controllers\Convocatoria.php(110): CodeIgniter\Debug\Exceptions->errorHandler(8, 'Undefined variable: preguntas', 'APPPATH\\Controllers\\Convocatoria.php', 110, [...])
 2 SYSTEMPATH\CodeIgniter.php(904): App\Controllers\Convocatoria->index()
 3 SYSTEMPATH\CodeIgniter.php(457): CodeIgniter\CodeIgniter->runController(Object(App\Controllers\Convocatoria))
 4 SYSTEMPATH\CodeIgniter.php(340): CodeIgniter\CodeIgniter->handleRequest(null, Object(Config\Cache), false)
 5 FCPATH\index.php(67): CodeIgniter\CodeIgniter->run()
CRITICAL - 2022-10-29 17:15:01 --> Undefined variable: preguntas
in APPPATH\Controllers\Convocatoria.php on line 112.
 1 APPPATH\Controllers\Convocatoria.php(112): CodeIgniter\Debug\Exceptions->errorHandler(8, 'Undefined variable: preguntas', 'APPPATH\\Controllers\\Convocatoria.php', 112, [...])
 2 SYSTEMPATH\CodeIgniter.php(904): App\Controllers\Convocatoria->index()
 3 SYSTEMPATH\CodeIgniter.php(457): CodeIgniter\CodeIgniter->runController(Object(App\Controllers\Convocatoria))
 4 SYSTEMPATH\CodeIgniter.php(340): CodeIgniter\CodeIgniter->handleRequest(null, Object(Config\Cache), false)
 5 FCPATH\index.php(67): CodeIgniter\CodeIgniter->run()
CRITICAL - 2022-10-29 17:19:55 --> Undefined variable: convocatorias
in APPPATH\Views\admin\convocatorias\vista.php on line 120.
 1 APPPATH\Views\admin\convocatorias\vista.php(120): CodeIgniter\Debug\Exceptions->errorHandler(8, 'Undefined variable: convocatorias', 'APPPATH\\Views\\admin\\convocatorias\\vista.php', 120, [...])
 2 SYSTEMPATH\View\View.php(213): include('APPPATH\\Views\\admin\\convocatorias\\vista.php')
 3 SYSTEMPATH\View\View.php(216): CodeIgniter\View\View->CodeIgniter\View\{closure}()
 4 SYSTEMPATH\Common.php(1137): CodeIgniter\View\View->render('admin/convocatorias/vista', [], true)
 5 APPPATH\Controllers\Convocatoria.php(55): view('admin/convocatorias/vista', [...])
 6 SYSTEMPATH\CodeIgniter.php(904): App\Controllers\Convocatoria->index()
 7 SYSTEMPATH\CodeIgniter.php(457): CodeIgniter\CodeIgniter->runController(Object(App\Controllers\Convocatoria))
 8 SYSTEMPATH\CodeIgniter.php(340): CodeIgniter\CodeIgniter->handleRequest(null, Object(Config\Cache), false)
 9 FCPATH\index.php(67): CodeIgniter\CodeIgniter->run()
CRITICAL - 2022-10-29 17:19:55 --> Undefined variable: convocatorias
in APPPATH\Views\admin\convocatorias\vista.php on line 120.
 1 APPPATH\Views\admin\convocatorias\vista.php(120): CodeIgniter\Debug\Exceptions->errorHandler(8, 'Undefined variable: convocatorias', 'APPPATH\\Views\\admin\\convocatorias\\vista.php', 120, [...])
 2 SYSTEMPATH\View\View.php(213): include('APPPATH\\Views\\admin\\convocatorias\\vista.php')
 3 SYSTEMPATH\View\View.php(216): CodeIgniter\View\View->CodeIgniter\View\{closure}()
 4 SYSTEMPATH\Common.php(1137): CodeIgniter\View\View->render('admin/convocatorias/vista', [], true)
 5 APPPATH\Controllers\Convocatoria.php(55): view('admin/convocatorias/vista', [...])
 6 SYSTEMPATH\CodeIgniter.php(904): App\Controllers\Convocatoria->index()
 7 SYSTEMPATH\CodeIgniter.php(457): CodeIgniter\CodeIgniter->runController(Object(App\Controllers\Convocatoria))
 8 SYSTEMPATH\CodeIgniter.php(340): CodeIgniter\CodeIgniter->handleRequest(null, Object(Config\Cache), false)
 9 FCPATH\index.php(67): CodeIgniter\CodeIgniter->run()
CRITICAL - 2022-10-29 17:20:31 --> Undefined variable: programas
in APPPATH\Views\admin\convocatorias\vista.php on line 177.
 1 APPPATH\Views\admin\convocatorias\vista.php(177): CodeIgniter\Debug\Exceptions->errorHandler(8, 'Undefined variable: programas', 'APPPATH\\Views\\admin\\convocatorias\\vista.php', 177, [...])
 2 SYSTEMPATH\View\View.php(213): include('APPPATH\\Views\\admin\\convocatorias\\vista.php')
 3 SYSTEMPATH\View\View.php(216): CodeIgniter\View\View->CodeIgniter\View\{closure}()
 4 SYSTEMPATH\Common.php(1137): CodeIgniter\View\View->render('admin/convocatorias/vista', [], true)
 5 APPPATH\Controllers\Convocatoria.php(55): view('admin/convocatorias/vista', [...])
 6 SYSTEMPATH\CodeIgniter.php(904): App\Controllers\Convocatoria->index()
 7 SYSTEMPATH\CodeIgniter.php(457): CodeIgniter\CodeIgniter->runController(Object(App\Controllers\Convocatoria))
 8 SYSTEMPATH\CodeIgniter.php(340): CodeIgniter\CodeIgniter->handleRequest(null, Object(Config\Cache), false)
 9 FCPATH\index.php(67): CodeIgniter\CodeIgniter->run()
CRITICAL - 2022-10-29 17:20:53 --> Undefined variable: programas
in APPPATH\Views\admin\convocatorias\vista.php on line 280.
 1 APPPATH\Views\admin\convocatorias\vista.php(280): CodeIgniter\Debug\Exceptions->errorHandler(8, 'Undefined variable: programas', 'APPPATH\\Views\\admin\\convocatorias\\vista.php', 280, [...])
 2 SYSTEMPATH\View\View.php(213): include('APPPATH\\Views\\admin\\convocatorias\\vista.php')
 3 SYSTEMPATH\View\View.php(216): CodeIgniter\View\View->CodeIgniter\View\{closure}()
 4 SYSTEMPATH\Common.php(1137): CodeIgniter\View\View->render('admin/convocatorias/vista', [], true)
 5 APPPATH\Controllers\Convocatoria.php(55): view('admin/convocatorias/vista', [...])
 6 SYSTEMPATH\CodeIgniter.php(904): App\Controllers\Convocatoria->index()
 7 SYSTEMPATH\CodeIgniter.php(457): CodeIgniter\CodeIgniter->runController(Object(App\Controllers\Convocatoria))
 8 SYSTEMPATH\CodeIgniter.php(340): CodeIgniter\CodeIgniter->handleRequest(null, Object(Config\Cache), false)
 9 FCPATH\index.php(67): CodeIgniter\CodeIgniter->run()
CRITICAL - 2022-10-29 17:30:54 --> Undefined variable: preguntas
in APPPATH\Controllers\Convocatoria.php on line 106.
 1 APPPATH\Controllers\Convocatoria.php(106): CodeIgniter\Debug\Exceptions->errorHandler(8, 'Undefined variable: preguntas', 'APPPATH\\Controllers\\Convocatoria.php', 106, [...])
 2 SYSTEMPATH\CodeIgniter.php(904): App\Controllers\Convocatoria->index()
 3 SYSTEMPATH\CodeIgniter.php(457): CodeIgniter\CodeIgniter->runController(Object(App\Controllers\Convocatoria))
 4 SYSTEMPATH\CodeIgniter.php(340): CodeIgniter\CodeIgniter->handleRequest(null, Object(Config\Cache), false)
 5 FCPATH\index.php(67): CodeIgniter\CodeIgniter->run()
CRITICAL - 2022-10-29 17:34:22 --> Undefined variable: no_info
in APPPATH\Views\admin\convocatorias\vista.php on line 90.
 1 APPPATH\Views\admin\convocatorias\vista.php(90): CodeIgniter\Debug\Exceptions->errorHandler(8, 'Undefined variable: no_info', 'APPPATH\\Views\\admin\\convocatorias\\vista.php', 90, [...])
 2 SYSTEMPATH\View\View.php(213): include('APPPATH\\Views\\admin\\convocatorias\\vista.php')
 3 SYSTEMPATH\View\View.php(216): CodeIgniter\View\View->CodeIgniter\View\{closure}()
 4 SYSTEMPATH\Common.php(1137): CodeIgniter\View\View->render('admin/convocatorias/vista', [], true)
 5 APPPATH\Controllers\Convocatoria.php(117): view('admin/convocatorias/vista', [...])
 6 SYSTEMPATH\CodeIgniter.php(904): App\Controllers\Convocatoria->index()
 7 SYSTEMPATH\CodeIgniter.php(457): CodeIgniter\CodeIgniter->runController(Object(App\Controllers\Convocatoria))
 8 SYSTEMPATH\CodeIgniter.php(340): CodeIgniter\CodeIgniter->handleRequest(null, Object(Config\Cache), false)
 9 FCPATH\index.php(67): CodeIgniter\CodeIgniter->run()
CRITICAL - 2022-10-29 17:53:30 --> Undefined index: NOMBRE_CONVOCATORIA
in APPPATH\Views\admin\convocatorias\vista.php on line 118.
 1 APPPATH\Views\admin\convocatorias\vista.php(118): CodeIgniter\Debug\Exceptions->errorHandler(8, 'Undefined index: NOMBRE_CONVOCATORIA', 'APPPATH\\Views\\admin\\convocatorias\\vista.php', 118, [...])
 2 SYSTEMPATH\View\View.php(213): include('APPPATH\\Views\\admin\\convocatorias\\vista.php')
 3 SYSTEMPATH\View\View.php(216): CodeIgniter\View\View->CodeIgniter\View\{closure}()
 4 SYSTEMPATH\Common.php(1137): CodeIgniter\View\View->render('admin/convocatorias/vista', [], true)
 5 APPPATH\Controllers\Convocatoria.php(117): view('admin/convocatorias/vista', [...])
 6 SYSTEMPATH\CodeIgniter.php(904): App\Controllers\Convocatoria->index()
 7 SYSTEMPATH\CodeIgniter.php(457): CodeIgniter\CodeIgniter->runController(Object(App\Controllers\Convocatoria))
 8 SYSTEMPATH\CodeIgniter.php(340): CodeIgniter\CodeIgniter->handleRequest(null, Object(Config\Cache), false)
 9 FCPATH\index.php(67): CodeIgniter\CodeIgniter->run()
CRITICAL - 2022-10-29 17:53:59 --> Undefined variable: no_info
in APPPATH\Controllers\Admin.php on line 40.
 1 APPPATH\Controllers\Admin.php(40): CodeIgniter\Debug\Exceptions->errorHandler(8, 'Undefined variable: no_info', 'APPPATH\\Controllers\\Admin.php', 40, [...])
 2 SYSTEMPATH\CodeIgniter.php(904): App\Controllers\Admin->home()
 3 SYSTEMPATH\CodeIgniter.php(457): CodeIgniter\CodeIgniter->runController(Object(App\Controllers\Admin))
 4 SYSTEMPATH\CodeIgniter.php(340): CodeIgniter\CodeIgniter->handleRequest(null, Object(Config\Cache), false)
 5 FCPATH\index.php(67): CodeIgniter\CodeIgniter->run()
CRITICAL - 2022-10-29 17:54:55 --> Undefined variable: no_info
in APPPATH\Controllers\Admin.php on line 40.
 1 APPPATH\Controllers\Admin.php(40): CodeIgniter\Debug\Exceptions->errorHandler(8, 'Undefined variable: no_info', 'APPPATH\\Controllers\\Admin.php', 40, [...])
 2 SYSTEMPATH\CodeIgniter.php(904): App\Controllers\Admin->home()
 3 SYSTEMPATH\CodeIgniter.php(457): CodeIgniter\CodeIgniter->runController(Object(App\Controllers\Admin))
 4 SYSTEMPATH\CodeIgniter.php(340): CodeIgniter\CodeIgniter->handleRequest(null, Object(Config\Cache), false)
 5 FCPATH\index.php(67): CodeIgniter\CodeIgniter->run()
CRITICAL - 2022-10-29 17:55:03 --> Undefined index: NOMBRE_CONVOCATORIA
in APPPATH\Views\admin\convocatorias\vista.php on line 118.
 1 APPPATH\Views\admin\convocatorias\vista.php(118): CodeIgniter\Debug\Exceptions->errorHandler(8, 'Undefined index: NOMBRE_CONVOCATORIA', 'APPPATH\\Views\\admin\\convocatorias\\vista.php', 118, [...])
 2 SYSTEMPATH\View\View.php(213): include('APPPATH\\Views\\admin\\convocatorias\\vista.php')
 3 SYSTEMPATH\View\View.php(216): CodeIgniter\View\View->CodeIgniter\View\{closure}()
 4 SYSTEMPATH\Common.php(1137): CodeIgniter\View\View->render('admin/convocatorias/vista', [], true)
 5 APPPATH\Controllers\Convocatoria.php(117): view('admin/convocatorias/vista', [...])
 6 SYSTEMPATH\CodeIgniter.php(904): App\Controllers\Convocatoria->index()
 7 SYSTEMPATH\CodeIgniter.php(457): CodeIgniter\CodeIgniter->runController(Object(App\Controllers\Convocatoria))
 8 SYSTEMPATH\CodeIgniter.php(340): CodeIgniter\CodeIgniter->handleRequest(null, Object(Config\Cache), false)
 9 FCPATH\index.php(67): CodeIgniter\CodeIgniter->run()
CRITICAL - 2022-10-29 17:56:29 --> Undefined index: NOMBRE_CONVOCATORIA
in APPPATH\Views\admin\convocatorias\vista.php on line 118.
 1 APPPATH\Views\admin\convocatorias\vista.php(118): CodeIgniter\Debug\Exceptions->errorHandler(8, 'Undefined index: NOMBRE_CONVOCATORIA', 'APPPATH\\Views\\admin\\convocatorias\\vista.php', 118, [...])
 2 SYSTEMPATH\View\View.php(213): include('APPPATH\\Views\\admin\\convocatorias\\vista.php')
 3 SYSTEMPATH\View\View.php(216): CodeIgniter\View\View->CodeIgniter\View\{closure}()
 4 SYSTEMPATH\Common.php(1137): CodeIgniter\View\View->render('admin/convocatorias/vista', [], true)
 5 APPPATH\Controllers\Convocatoria.php(117): view('admin/convocatorias/vista', [...])
 6 SYSTEMPATH\CodeIgniter.php(904): App\Controllers\Convocatoria->index()
 7 SYSTEMPATH\CodeIgniter.php(457): CodeIgniter\CodeIgniter->runController(Object(App\Controllers\Convocatoria))
 8 SYSTEMPATH\CodeIgniter.php(340): CodeIgniter\CodeIgniter->handleRequest(null, Object(Config\Cache), false)
 9 FCPATH\index.php(67): CodeIgniter\CodeIgniter->run()
CRITICAL - 2022-10-29 17:59:20 --> Undefined index: FECHA_INICIO_CONVOCATORIA
in APPPATH\Views\admin\convocatorias\vista.php on line 120.
 1 APPPATH\Views\admin\convocatorias\vista.php(120): CodeIgniter\Debug\Exceptions->errorHandler(8, 'Undefined index: FECHA_INICIO_CONVOCATORIA', 'APPPATH\\Views\\admin\\convocatorias\\vista.php', 120, [...])
 2 SYSTEMPATH\View\View.php(213): include('APPPATH\\Views\\admin\\convocatorias\\vista.php')
 3 SYSTEMPATH\View\View.php(216): CodeIgniter\View\View->CodeIgniter\View\{closure}()
 4 SYSTEMPATH\Common.php(1137): CodeIgniter\View\View->render('admin/convocatorias/vista', [], true)
 5 APPPATH\Controllers\Convocatoria.php(117): view('admin/convocatorias/vista', [...])
 6 SYSTEMPATH\CodeIgniter.php(904): App\Controllers\Convocatoria->index()
 7 SYSTEMPATH\CodeIgniter.php(457): CodeIgniter\CodeIgniter->runController(Object(App\Controllers\Convocatoria))
 8 SYSTEMPATH\CodeIgniter.php(340): CodeIgniter\CodeIgniter->handleRequest(null, Object(Config\Cache), false)
 9 FCPATH\index.php(67): CodeIgniter\CodeIgniter->run()
CRITICAL - 2022-10-29 18:00:29 --> Class 'App\Controllers\InputModel' not found
in APPPATH\Controllers\Convocatoria.php on line 264.
 1 SYSTEMPATH\CodeIgniter.php(904): App\Controllers\Convocatoria->vista('1')
 2 SYSTEMPATH\CodeIgniter.php(457): CodeIgniter\CodeIgniter->runController(Object(App\Controllers\Convocatoria))
 3 SYSTEMPATH\CodeIgniter.php(340): CodeIgniter\CodeIgniter->handleRequest(null, Object(Config\Cache), false)
 4 FCPATH\index.php(67): CodeIgniter\CodeIgniter->run()
CRITICAL - 2022-10-29 18:54:00 --> Invalid argument supplied for foreach()
in APPPATH\Views\admin\convocatorias\vista.php on line 229.
 1 APPPATH\Views\admin\convocatorias\vista.php(229): CodeIgniter\Debug\Exceptions->errorHandler(2, 'Invalid argument supplied for foreach()', 'APPPATH\\Views\\admin\\convocatorias\\vista.php', 229, [...])
 2 SYSTEMPATH\View\View.php(213): include('APPPATH\\Views\\admin\\convocatorias\\vista.php')
 3 SYSTEMPATH\View\View.php(216): CodeIgniter\View\View->CodeIgniter\View\{closure}()
 4 SYSTEMPATH\Common.php(1137): CodeIgniter\View\View->render('admin/convocatorias/vista', [], true)
 5 APPPATH\Controllers\Convocatoria.php(117): view('admin/convocatorias/vista', [...])
 6 SYSTEMPATH\CodeIgniter.php(904): App\Controllers\Convocatoria->index()
 7 SYSTEMPATH\CodeIgniter.php(457): CodeIgniter\CodeIgniter->runController(Object(App\Controllers\Convocatoria))
 8 SYSTEMPATH\CodeIgniter.php(340): CodeIgniter\CodeIgniter->handleRequest(null, Object(Config\Cache), false)
 9 FCPATH\index.php(67): CodeIgniter\CodeIgniter->run()
CRITICAL - 2022-10-29 19:45:57 --> Invalid argument supplied for foreach()
in APPPATH\Views\admin\convocatorias\vista.php on line 344.
 1 APPPATH\Views\admin\convocatorias\vista.php(344): CodeIgniter\Debug\Exceptions->errorHandler(2, 'Invalid argument supplied for foreach()', 'APPPATH\\Views\\admin\\convocatorias\\vista.php', 344, [...])
 2 SYSTEMPATH\View\View.php(213): include('APPPATH\\Views\\admin\\convocatorias\\vista.php')
 3 SYSTEMPATH\View\View.php(216): CodeIgniter\View\View->CodeIgniter\View\{closure}()
 4 SYSTEMPATH\Common.php(1137): CodeIgniter\View\View->render('admin/convocatorias/vista', [], true)
 5 APPPATH\Controllers\Convocatoria.php(117): view('admin/convocatorias/vista', [...])
 6 SYSTEMPATH\CodeIgniter.php(904): App\Controllers\Convocatoria->index()
 7 SYSTEMPATH\CodeIgniter.php(457): CodeIgniter\CodeIgniter->runController(Object(App\Controllers\Convocatoria))
 8 SYSTEMPATH\CodeIgniter.php(340): CodeIgniter\CodeIgniter->handleRequest(null, Object(Config\Cache), false)
 9 FCPATH\index.php(67): CodeIgniter\CodeIgniter->run()
CRITICAL - 2022-10-29 19:46:27 --> Invalid argument supplied for foreach()
in APPPATH\Views\admin\convocatorias\vista.php on line 342.
 1 APPPATH\Views\admin\convocatorias\vista.php(342): CodeIgniter\Debug\Exceptions->errorHandler(2, 'Invalid argument supplied for foreach()', 'APPPATH\\Views\\admin\\convocatorias\\vista.php', 342, [...])
 2 SYSTEMPATH\View\View.php(213): include('APPPATH\\Views\\admin\\convocatorias\\vista.php')
 3 SYSTEMPATH\View\View.php(216): CodeIgniter\View\View->CodeIgniter\View\{closure}()
 4 SYSTEMPATH\Common.php(1137): CodeIgniter\View\View->render('admin/convocatorias/vista', [], true)
 5 APPPATH\Controllers\Convocatoria.php(117): view('admin/convocatorias/vista', [...])
 6 SYSTEMPATH\CodeIgniter.php(904): App\Controllers\Convocatoria->index()
 7 SYSTEMPATH\CodeIgniter.php(457): CodeIgniter\CodeIgniter->runController(Object(App\Controllers\Convocatoria))
 8 SYSTEMPATH\CodeIgniter.php(340): CodeIgniter\CodeIgniter->handleRequest(null, Object(Config\Cache), false)
 9 FCPATH\index.php(67): CodeIgniter\CodeIgniter->run()
CRITICAL - 2022-10-29 20:25:35 --> Class 'App\Models\UniversidadModel' not found
in APPPATH\Controllers\Universidad.php on line 26.
 1 SYSTEMPATH\CodeIgniter.php(904): App\Controllers\Universidad->universidades()
 2 SYSTEMPATH\CodeIgniter.php(457): CodeIgniter\CodeIgniter->runController(Object(App\Controllers\Universidad))
 3 SYSTEMPATH\CodeIgniter.php(340): CodeIgniter\CodeIgniter->handleRequest(null, Object(Config\Cache), false)
 4 FCPATH\index.php(67): CodeIgniter\CodeIgniter->run()
CRITICAL - 2022-10-29 20:25:40 --> Class 'App\Models\DetallePostulante' not found
in APPPATH\Controllers\Postulante.php on line 34.
 1 SYSTEMPATH\CodeIgniter.php(904): App\Controllers\Postulante->postulantes()
 2 SYSTEMPATH\CodeIgniter.php(457): CodeIgniter\CodeIgniter->runController(Object(App\Controllers\Postulante))
 3 SYSTEMPATH\CodeIgniter.php(340): CodeIgniter\CodeIgniter->handleRequest(null, Object(Config\Cache), false)
 4 FCPATH\index.php(67): CodeIgniter\CodeIgniter->run()
CRITICAL - 2022-10-29 20:30:23 --> strip_tags() expects parameter 1 to be string, array given
in APPPATH\Controllers\Test.php on line 20.
 1 [internal function]: CodeIgniter\Debug\Exceptions->errorHandler(2, 'strip_tags() expects parameter 1 to be string, array given', 'APPPATH\\Controllers\\Test.php', 20, [...])
 2 APPPATH\Controllers\Test.php(20): strip_tags([...])
 3 SYSTEMPATH\CodeIgniter.php(904): App\Controllers\Test->index()
 4 SYSTEMPATH\CodeIgniter.php(457): CodeIgniter\CodeIgniter->runController(Object(App\Controllers\Test))
 5 SYSTEMPATH\CodeIgniter.php(340): CodeIgniter\CodeIgniter->handleRequest(null, Object(Config\Cache), false)
 6 FCPATH\index.php(67): CodeIgniter\CodeIgniter->run()
CRITICAL - 2022-10-29 20:41:38 --> Class 'App\Models\UniversidadModel' not found
in APPPATH\Controllers\Universidad.php on line 26.
 1 SYSTEMPATH\CodeIgniter.php(904): App\Controllers\Universidad->universidades()
 2 SYSTEMPATH\CodeIgniter.php(457): CodeIgniter\CodeIgniter->runController(Object(App\Controllers\Universidad))
 3 SYSTEMPATH\CodeIgniter.php(340): CodeIgniter\CodeIgniter->handleRequest(null, Object(Config\Cache), false)
 4 FCPATH\index.php(67): CodeIgniter\CodeIgniter->run()
CRITICAL - 2022-10-29 21:40:42 --> Trying to access array offset on value of type null
in APPPATH\Controllers\Convocatoria.php on line 271.
 1 APPPATH\Controllers\Convocatoria.php(271): CodeIgniter\Debug\Exceptions->errorHandler(8, 'Trying to access array offset on value of type null', 'APPPATH\\Controllers\\Convocatoria.php', 271, [...])
 2 SYSTEMPATH\CodeIgniter.php(904): App\Controllers\Convocatoria->vista('1')
 3 SYSTEMPATH\CodeIgniter.php(457): CodeIgniter\CodeIgniter->runController(Object(App\Controllers\Convocatoria))
 4 SYSTEMPATH\CodeIgniter.php(340): CodeIgniter\CodeIgniter->handleRequest(null, Object(Config\Cache), false)
 5 FCPATH\index.php(67): CodeIgniter\CodeIgniter->run()
CRITICAL - 2022-10-29 21:41:18 --> Trying to access array offset on value of type null
in APPPATH\Controllers\Convocatoria.php on line 276.
 1 APPPATH\Controllers\Convocatoria.php(276): CodeIgniter\Debug\Exceptions->errorHandler(8, 'Trying to access array offset on value of type null', 'APPPATH\\Controllers\\Convocatoria.php', 276, [...])
 2 SYSTEMPATH\CodeIgniter.php(904): App\Controllers\Convocatoria->vista('1')
 3 SYSTEMPATH\CodeIgniter.php(457): CodeIgniter\CodeIgniter->runController(Object(App\Controllers\Convocatoria))
 4 SYSTEMPATH\CodeIgniter.php(340): CodeIgniter\CodeIgniter->handleRequest(null, Object(Config\Cache), false)
 5 FCPATH\index.php(67): CodeIgniter\CodeIgniter->run()
