ERROR - 2022-08-26 00:01:20 --> mysqli_sql_exception: Column 'ESTADO_CONVOCATORIA' cannot be null in C:\xampp\htdocs\tesis\system\Database\MySQLi\Connection.php:292
Stack trace:
#0 C:\xampp\htdocs\tesis\system\Database\MySQLi\Connection.php(292): mysqli->query('INSERT INTO `CO...', 0)
#1 C:\xampp\htdocs\tesis\system\Database\BaseConnection.php(693): CodeIgniter\Database\MySQLi\Connection->execute('INSERT INTO `CO...')
#2 C:\xampp\htdocs\tesis\system\Database\BaseConnection.php(620): CodeIgniter\Database\BaseConnection->simpleQuery('INSERT INTO `CO...')
#3 C:\xampp\htdocs\tesis\system\Database\BaseBuilder.php(1916): CodeIgniter\Database\BaseConnection->query('INSERT INTO `CO...', Array, false)
#4 C:\xampp\htdocs\tesis\system\Model.php(278): CodeIgniter\Database\BaseBuilder->insert()
#5 C:\xampp\htdocs\tesis\system\BaseModel.php(738): CodeIgniter\Model->doInsert(Array)
#6 C:\xampp\htdocs\tesis\system\Model.php(666): CodeIgniter\BaseModel->insert(Array, true)
#7 C:\xampp\htdocs\tesis\app\Controllers\Convocatoria.php(130): CodeIgniter\Model->insert(Array)
#8 C:\xampp\htdocs\tesis\system\CodeIgniter.php(904): App\Controllers\Convocatoria->creada()
#9 C:\xampp\htdocs\tesis\system\CodeIgniter.php(457): CodeIgniter\CodeIgniter->runController(Object(App\Controllers\Convocatoria))
#10 C:\xampp\htdocs\tesis\system\CodeIgniter.php(340): CodeIgniter\CodeIgniter->handleRequest(NULL, Object(Config\Cache), false)
#11 C:\xampp\htdocs\tesis\index.php(67): CodeIgniter\CodeIgniter->run()
#12 {main}
CRITICAL - 2022-08-26 00:01:20 --> Column 'ESTADO_CONVOCATORIA' cannot be null
in SYSTEMPATH\Database\MySQLi\Connection.php on line 292.
 1 SYSTEMPATH\Database\MySQLi\Connection.php(292): mysqli->query('INSERT INTO `CONVOCATORIA` (`NOMBRE_CONVOCATORIA`, `FECHA_INICIO_CONVOCATORIA`, `FECHA_FIN_CONVOCATORIA`, `ESTADO_CONVOCATORIA`, `MIN_CREDITO_SCT`, `MAX_CREDITO_SCT`, `ID_PROGRAMA`) VALUES (\'1\', \'2022-01-01\', \'2022-01-01\', NULL, NULL, NULL, \'1\')', 0)
 2 SYSTEMPATH\Database\BaseConnection.php(693): CodeIgniter\Database\MySQLi\Connection->execute('INSERT INTO `CONVOCATORIA` (`NOMBRE_CONVOCATORIA`, `FECHA_INICIO_CONVOCATORIA`, `FECHA_FIN_CONVOCATORIA`, `ESTADO_CONVOCATORIA`, `MIN_CREDITO_SCT`, `MAX_CREDITO_SCT`, `ID_PROGRAMA`) VALUES (\'1\', \'2022-01-01\', \'2022-01-01\', NULL, NULL, NULL, \'1\')')
 3 SYSTEMPATH\Database\BaseConnection.php(620): CodeIgniter\Database\BaseConnection->simpleQuery('INSERT INTO `CONVOCATORIA` (`NOMBRE_CONVOCATORIA`, `FECHA_INICIO_CONVOCATORIA`, `FECHA_FIN_CONVOCATORIA`, `ESTADO_CONVOCATORIA`, `MIN_CREDITO_SCT`, `MAX_CREDITO_SCT`, `ID_PROGRAMA`) VALUES (\'1\', \'2022-01-01\', \'2022-01-01\', NULL, NULL, NULL, \'1\')')
 4 SYSTEMPATH\Database\BaseBuilder.php(1916): CodeIgniter\Database\BaseConnection->query('INSERT INTO `CONVOCATORIA` (`NOMBRE_CONVOCATORIA`, `FECHA_INICIO_CONVOCATORIA`, `FECHA_FIN_CONVOCATORIA`, `ESTADO_CONVOCATORIA`, `MIN_CREDITO_SCT`, `MAX_CREDITO_SCT`, `ID_PROGRAMA`) VALUES (:NOMBRE_CONVOCATORIA:, :FECHA_INICIO_CONVOCATORIA:, :FECHA_FIN_CONVOCATORIA:, :ESTADO_CONVOCATORIA:, :MIN_CREDITO_SCT:, :MAX_CREDITO_SCT:, :ID_PROGRAMA:)', [...], false)
 5 SYSTEMPATH\Model.php(278): CodeIgniter\Database\BaseBuilder->insert()
 6 SYSTEMPATH\BaseModel.php(738): CodeIgniter\Model->doInsert([...])
 7 SYSTEMPATH\Model.php(666): CodeIgniter\BaseModel->insert([...], true)
 8 APPPATH\Controllers\Convocatoria.php(130): CodeIgniter\Model->insert([...])
 9 SYSTEMPATH\CodeIgniter.php(904): App\Controllers\Convocatoria->creada()
10 SYSTEMPATH\CodeIgniter.php(457): CodeIgniter\CodeIgniter->runController(Object(App\Controllers\Convocatoria))
11 SYSTEMPATH\CodeIgniter.php(340): CodeIgniter\CodeIgniter->handleRequest(null, Object(Config\Cache), false)
12 FCPATH\index.php(67): CodeIgniter\CodeIgniter->run()
ERROR - 2022-08-26 00:06:45 --> mysqli_sql_exception: Column 'MIN_CREDITO_SCT' cannot be null in C:\xampp\htdocs\tesis\system\Database\MySQLi\Connection.php:292
Stack trace:
#0 C:\xampp\htdocs\tesis\system\Database\MySQLi\Connection.php(292): mysqli->query('INSERT INTO `CO...', 0)
#1 C:\xampp\htdocs\tesis\system\Database\BaseConnection.php(693): CodeIgniter\Database\MySQLi\Connection->execute('INSERT INTO `CO...')
#2 C:\xampp\htdocs\tesis\system\Database\BaseConnection.php(620): CodeIgniter\Database\BaseConnection->simpleQuery('INSERT INTO `CO...')
#3 C:\xampp\htdocs\tesis\system\Database\BaseBuilder.php(1916): CodeIgniter\Database\BaseConnection->query('INSERT INTO `CO...', Array, false)
#4 C:\xampp\htdocs\tesis\system\Model.php(278): CodeIgniter\Database\BaseBuilder->insert()
#5 C:\xampp\htdocs\tesis\system\BaseModel.php(738): CodeIgniter\Model->doInsert(Array)
#6 C:\xampp\htdocs\tesis\system\Model.php(666): CodeIgniter\BaseModel->insert(Array, true)
#7 C:\xampp\htdocs\tesis\app\Controllers\Convocatoria.php(130): CodeIgniter\Model->insert(Array)
#8 C:\xampp\htdocs\tesis\system\CodeIgniter.php(904): App\Controllers\Convocatoria->creada()
#9 C:\xampp\htdocs\tesis\system\CodeIgniter.php(457): CodeIgniter\CodeIgniter->runController(Object(App\Controllers\Convocatoria))
#10 C:\xampp\htdocs\tesis\system\CodeIgniter.php(340): CodeIgniter\CodeIgniter->handleRequest(NULL, Object(Config\Cache), false)
#11 C:\xampp\htdocs\tesis\index.php(67): CodeIgniter\CodeIgniter->run()
#12 {main}
CRITICAL - 2022-08-26 00:06:45 --> Column 'MIN_CREDITO_SCT' cannot be null
in SYSTEMPATH\Database\MySQLi\Connection.php on line 292.
 1 SYSTEMPATH\Database\MySQLi\Connection.php(292): mysqli->query('INSERT INTO `CONVOCATORIA` (`NOMBRE_CONVOCATORIA`, `FECHA_INICIO_CONVOCATORIA`, `FECHA_FIN_CONVOCATORIA`, `ESTADO_CONVOCATORIA`, `MIN_CREDITO_SCT`, `MAX_CREDITO_SCT`, `ID_PROGRAMA`) VALUES (\'1\', \'2022-01-01\', \'2022-01-01\', \'Próximamente\', NULL, NULL, \'1\')', 0)
 2 SYSTEMPATH\Database\BaseConnection.php(693): CodeIgniter\Database\MySQLi\Connection->execute('INSERT INTO `CONVOCATORIA` (`NOMBRE_CONVOCATORIA`, `FECHA_INICIO_CONVOCATORIA`, `FECHA_FIN_CONVOCATORIA`, `ESTADO_CONVOCATORIA`, `MIN_CREDITO_SCT`, `MAX_CREDITO_SCT`, `ID_PROGRAMA`) VALUES (\'1\', \'2022-01-01\', \'2022-01-01\', \'Próximamente\', NULL, NULL, \'1\')')
 3 SYSTEMPATH\Database\BaseConnection.php(620): CodeIgniter\Database\BaseConnection->simpleQuery('INSERT INTO `CONVOCATORIA` (`NOMBRE_CONVOCATORIA`, `FECHA_INICIO_CONVOCATORIA`, `FECHA_FIN_CONVOCATORIA`, `ESTADO_CONVOCATORIA`, `MIN_CREDITO_SCT`, `MAX_CREDITO_SCT`, `ID_PROGRAMA`) VALUES (\'1\', \'2022-01-01\', \'2022-01-01\', \'Próximamente\', NULL, NULL, \'1\')')
 4 SYSTEMPATH\Database\BaseBuilder.php(1916): CodeIgniter\Database\BaseConnection->query('INSERT INTO `CONVOCATORIA` (`NOMBRE_CONVOCATORIA`, `FECHA_INICIO_CONVOCATORIA`, `FECHA_FIN_CONVOCATORIA`, `ESTADO_CONVOCATORIA`, `MIN_CREDITO_SCT`, `MAX_CREDITO_SCT`, `ID_PROGRAMA`) VALUES (:NOMBRE_CONVOCATORIA:, :FECHA_INICIO_CONVOCATORIA:, :FECHA_FIN_CONVOCATORIA:, :ESTADO_CONVOCATORIA:, :MIN_CREDITO_SCT:, :MAX_CREDITO_SCT:, :ID_PROGRAMA:)', [...], false)
 5 SYSTEMPATH\Model.php(278): CodeIgniter\Database\BaseBuilder->insert()
 6 SYSTEMPATH\BaseModel.php(738): CodeIgniter\Model->doInsert([...])
 7 SYSTEMPATH\Model.php(666): CodeIgniter\BaseModel->insert([...], true)
 8 APPPATH\Controllers\Convocatoria.php(130): CodeIgniter\Model->insert([...])
 9 SYSTEMPATH\CodeIgniter.php(904): App\Controllers\Convocatoria->creada()
10 SYSTEMPATH\CodeIgniter.php(457): CodeIgniter\CodeIgniter->runController(Object(App\Controllers\Convocatoria))
11 SYSTEMPATH\CodeIgniter.php(340): CodeIgniter\CodeIgniter->handleRequest(null, Object(Config\Cache), false)
12 FCPATH\index.php(67): CodeIgniter\CodeIgniter->run()
ERROR - 2022-08-26 00:07:02 --> mysqli_sql_exception: Column 'MIN_CREDITO_SCT' cannot be null in C:\xampp\htdocs\tesis\system\Database\MySQLi\Connection.php:292
Stack trace:
#0 C:\xampp\htdocs\tesis\system\Database\MySQLi\Connection.php(292): mysqli->query('INSERT INTO `CO...', 0)
#1 C:\xampp\htdocs\tesis\system\Database\BaseConnection.php(693): CodeIgniter\Database\MySQLi\Connection->execute('INSERT INTO `CO...')
#2 C:\xampp\htdocs\tesis\system\Database\BaseConnection.php(620): CodeIgniter\Database\BaseConnection->simpleQuery('INSERT INTO `CO...')
#3 C:\xampp\htdocs\tesis\system\Database\BaseBuilder.php(1916): CodeIgniter\Database\BaseConnection->query('INSERT INTO `CO...', Array, false)
#4 C:\xampp\htdocs\tesis\system\Model.php(278): CodeIgniter\Database\BaseBuilder->insert()
#5 C:\xampp\htdocs\tesis\system\BaseModel.php(738): CodeIgniter\Model->doInsert(Array)
#6 C:\xampp\htdocs\tesis\system\Model.php(666): CodeIgniter\BaseModel->insert(Array, true)
#7 C:\xampp\htdocs\tesis\app\Controllers\Convocatoria.php(130): CodeIgniter\Model->insert(Array)
#8 C:\xampp\htdocs\tesis\system\CodeIgniter.php(904): App\Controllers\Convocatoria->creada()
#9 C:\xampp\htdocs\tesis\system\CodeIgniter.php(457): CodeIgniter\CodeIgniter->runController(Object(App\Controllers\Convocatoria))
#10 C:\xampp\htdocs\tesis\system\CodeIgniter.php(340): CodeIgniter\CodeIgniter->handleRequest(NULL, Object(Config\Cache), false)
#11 C:\xampp\htdocs\tesis\index.php(67): CodeIgniter\CodeIgniter->run()
#12 {main}
CRITICAL - 2022-08-26 00:07:02 --> Column 'MIN_CREDITO_SCT' cannot be null
in SYSTEMPATH\Database\MySQLi\Connection.php on line 292.
 1 SYSTEMPATH\Database\MySQLi\Connection.php(292): mysqli->query('INSERT INTO `CONVOCATORIA` (`NOMBRE_CONVOCATORIA`, `FECHA_INICIO_CONVOCATORIA`, `FECHA_FIN_CONVOCATORIA`, `ESTADO_CONVOCATORIA`, `MIN_CREDITO_SCT`, `MAX_CREDITO_SCT`, `ID_PROGRAMA`) VALUES (\'1\', \'2022-01-01\', \'2022-01-01\', \'Próximamente\', NULL, NULL, \'1\')', 0)
 2 SYSTEMPATH\Database\BaseConnection.php(693): CodeIgniter\Database\MySQLi\Connection->execute('INSERT INTO `CONVOCATORIA` (`NOMBRE_CONVOCATORIA`, `FECHA_INICIO_CONVOCATORIA`, `FECHA_FIN_CONVOCATORIA`, `ESTADO_CONVOCATORIA`, `MIN_CREDITO_SCT`, `MAX_CREDITO_SCT`, `ID_PROGRAMA`) VALUES (\'1\', \'2022-01-01\', \'2022-01-01\', \'Próximamente\', NULL, NULL, \'1\')')
 3 SYSTEMPATH\Database\BaseConnection.php(620): CodeIgniter\Database\BaseConnection->simpleQuery('INSERT INTO `CONVOCATORIA` (`NOMBRE_CONVOCATORIA`, `FECHA_INICIO_CONVOCATORIA`, `FECHA_FIN_CONVOCATORIA`, `ESTADO_CONVOCATORIA`, `MIN_CREDITO_SCT`, `MAX_CREDITO_SCT`, `ID_PROGRAMA`) VALUES (\'1\', \'2022-01-01\', \'2022-01-01\', \'Próximamente\', NULL, NULL, \'1\')')
 4 SYSTEMPATH\Database\BaseBuilder.php(1916): CodeIgniter\Database\BaseConnection->query('INSERT INTO `CONVOCATORIA` (`NOMBRE_CONVOCATORIA`, `FECHA_INICIO_CONVOCATORIA`, `FECHA_FIN_CONVOCATORIA`, `ESTADO_CONVOCATORIA`, `MIN_CREDITO_SCT`, `MAX_CREDITO_SCT`, `ID_PROGRAMA`) VALUES (:NOMBRE_CONVOCATORIA:, :FECHA_INICIO_CONVOCATORIA:, :FECHA_FIN_CONVOCATORIA:, :ESTADO_CONVOCATORIA:, :MIN_CREDITO_SCT:, :MAX_CREDITO_SCT:, :ID_PROGRAMA:)', [...], false)
 5 SYSTEMPATH\Model.php(278): CodeIgniter\Database\BaseBuilder->insert()
 6 SYSTEMPATH\BaseModel.php(738): CodeIgniter\Model->doInsert([...])
 7 SYSTEMPATH\Model.php(666): CodeIgniter\BaseModel->insert([...], true)
 8 APPPATH\Controllers\Convocatoria.php(130): CodeIgniter\Model->insert([...])
 9 SYSTEMPATH\CodeIgniter.php(904): App\Controllers\Convocatoria->creada()
10 SYSTEMPATH\CodeIgniter.php(457): CodeIgniter\CodeIgniter->runController(Object(App\Controllers\Convocatoria))
11 SYSTEMPATH\CodeIgniter.php(340): CodeIgniter\CodeIgniter->handleRequest(null, Object(Config\Cache), false)
12 FCPATH\index.php(67): CodeIgniter\CodeIgniter->run()
CRITICAL - 2022-08-26 00:07:20 --> Invalid file: admin/convocatoria/creada.php
in SYSTEMPATH\Exceptions\FrameworkException.php on line 33.
 1 SYSTEMPATH\View\View.php(201): CodeIgniter\Exceptions\FrameworkException::forInvalidFile('admin/convocatoria/creada.php')
 2 SYSTEMPATH\Common.php(1137): CodeIgniter\View\View->render('admin/convocatoria/creada', [], true)
 3 APPPATH\Controllers\Convocatoria.php(131): view('admin/convocatoria/creada', [...])
 4 SYSTEMPATH\CodeIgniter.php(904): App\Controllers\Convocatoria->creada()
 5 SYSTEMPATH\CodeIgniter.php(457): CodeIgniter\CodeIgniter->runController(Object(App\Controllers\Convocatoria))
 6 SYSTEMPATH\CodeIgniter.php(340): CodeIgniter\CodeIgniter->handleRequest(null, Object(Config\Cache), false)
 7 FCPATH\index.php(67): CodeIgniter\CodeIgniter->run()
CRITICAL - 2022-08-26 00:07:39 --> Undefined variable: usuario
in APPPATH\Views\admin\convocatorias\creada.php on line 52.
 1 APPPATH\Views\admin\convocatorias\creada.php(52): CodeIgniter\Debug\Exceptions->errorHandler(8, 'Undefined variable: usuario', 'APPPATH\\Views\\admin\\convocatorias\\creada.php', 52, [...])
 2 SYSTEMPATH\View\View.php(213): include('APPPATH\\Views\\admin\\convocatorias\\creada.php')
 3 SYSTEMPATH\View\View.php(216): CodeIgniter\View\View->CodeIgniter\View\{closure}()
 4 SYSTEMPATH\Common.php(1137): CodeIgniter\View\View->render('admin/convocatorias/creada', [], true)
 5 APPPATH\Controllers\Convocatoria.php(131): view('admin/convocatorias/creada', [...])
 6 SYSTEMPATH\CodeIgniter.php(904): App\Controllers\Convocatoria->creada()
 7 SYSTEMPATH\CodeIgniter.php(457): CodeIgniter\CodeIgniter->runController(Object(App\Controllers\Convocatoria))
 8 SYSTEMPATH\CodeIgniter.php(340): CodeIgniter\CodeIgniter->handleRequest(null, Object(Config\Cache), false)
 9 FCPATH\index.php(67): CodeIgniter\CodeIgniter->run()
CRITICAL - 2022-08-26 00:08:25 --> Return value of CodeIgniter\BaseModel::transformDataToArray() must be of the type array, int returned
in SYSTEMPATH\BaseModel.php on line 1599.
 1 SYSTEMPATH\BaseModel.php(704): CodeIgniter\BaseModel->transformDataToArray(4, 'insert')
 2 SYSTEMPATH\Model.php(666): CodeIgniter\BaseModel->insert(4, true)
 3 APPPATH\Controllers\Convocatoria.php(132): CodeIgniter\Model->insert(4)
 4 SYSTEMPATH\CodeIgniter.php(904): App\Controllers\Convocatoria->creada()
 5 SYSTEMPATH\CodeIgniter.php(457): CodeIgniter\CodeIgniter->runController(Object(App\Controllers\Convocatoria))
 6 SYSTEMPATH\CodeIgniter.php(340): CodeIgniter\CodeIgniter->handleRequest(null, Object(Config\Cache), false)
 7 FCPATH\index.php(67): CodeIgniter\CodeIgniter->run()
ERROR - 2022-08-26 00:20:08 --> mysqli_sql_exception: Column 'NOMBRE_CONVOCATORIA' cannot be null in C:\xampp\htdocs\tesis\system\Database\MySQLi\Connection.php:292
Stack trace:
#0 C:\xampp\htdocs\tesis\system\Database\MySQLi\Connection.php(292): mysqli->query('INSERT INTO `CO...', 0)
#1 C:\xampp\htdocs\tesis\system\Database\BaseConnection.php(693): CodeIgniter\Database\MySQLi\Connection->execute('INSERT INTO `CO...')
#2 C:\xampp\htdocs\tesis\system\Database\BaseConnection.php(620): CodeIgniter\Database\BaseConnection->simpleQuery('INSERT INTO `CO...')
#3 C:\xampp\htdocs\tesis\system\Database\BaseBuilder.php(1916): CodeIgniter\Database\BaseConnection->query('INSERT INTO `CO...', Array, false)
#4 C:\xampp\htdocs\tesis\system\Model.php(278): CodeIgniter\Database\BaseBuilder->insert()
#5 C:\xampp\htdocs\tesis\system\BaseModel.php(738): CodeIgniter\Model->doInsert(Array)
#6 C:\xampp\htdocs\tesis\system\Model.php(666): CodeIgniter\BaseModel->insert(Array, true)
#7 C:\xampp\htdocs\tesis\app\Controllers\Convocatoria.php(132): CodeIgniter\Model->insert(Array)
#8 C:\xampp\htdocs\tesis\system\CodeIgniter.php(904): App\Controllers\Convocatoria->creada()
#9 C:\xampp\htdocs\tesis\system\CodeIgniter.php(457): CodeIgniter\CodeIgniter->runController(Object(App\Controllers\Convocatoria))
#10 C:\xampp\htdocs\tesis\system\CodeIgniter.php(340): CodeIgniter\CodeIgniter->handleRequest(NULL, Object(Config\Cache), false)
#11 C:\xampp\htdocs\tesis\index.php(67): CodeIgniter\CodeIgniter->run()
#12 {main}
CRITICAL - 2022-08-26 00:20:08 --> Column 'NOMBRE_CONVOCATORIA' cannot be null
in SYSTEMPATH\Database\MySQLi\Connection.php on line 292.
 1 SYSTEMPATH\Database\MySQLi\Connection.php(292): mysqli->query('INSERT INTO `CONVOCATORIA` (`NOMBRE_CONVOCATORIA`, `FECHA_INICIO_CONVOCATORIA`, `FECHA_FIN_CONVOCATORIA`, `ESTADO_CONVOCATORIA`, `MIN_CREDITO_SCT`, `MAX_CREDITO_SCT`, `ID_PROGRAMA`) VALUES (NULL, NULL, NULL, \'Próximamente\', NULL, NULL, NULL)', 0)
 2 SYSTEMPATH\Database\BaseConnection.php(693): CodeIgniter\Database\MySQLi\Connection->execute('INSERT INTO `CONVOCATORIA` (`NOMBRE_CONVOCATORIA`, `FECHA_INICIO_CONVOCATORIA`, `FECHA_FIN_CONVOCATORIA`, `ESTADO_CONVOCATORIA`, `MIN_CREDITO_SCT`, `MAX_CREDITO_SCT`, `ID_PROGRAMA`) VALUES (NULL, NULL, NULL, \'Próximamente\', NULL, NULL, NULL)')
 3 SYSTEMPATH\Database\BaseConnection.php(620): CodeIgniter\Database\BaseConnection->simpleQuery('INSERT INTO `CONVOCATORIA` (`NOMBRE_CONVOCATORIA`, `FECHA_INICIO_CONVOCATORIA`, `FECHA_FIN_CONVOCATORIA`, `ESTADO_CONVOCATORIA`, `MIN_CREDITO_SCT`, `MAX_CREDITO_SCT`, `ID_PROGRAMA`) VALUES (NULL, NULL, NULL, \'Próximamente\', NULL, NULL, NULL)')
 4 SYSTEMPATH\Database\BaseBuilder.php(1916): CodeIgniter\Database\BaseConnection->query('INSERT INTO `CONVOCATORIA` (`NOMBRE_CONVOCATORIA`, `FECHA_INICIO_CONVOCATORIA`, `FECHA_FIN_CONVOCATORIA`, `ESTADO_CONVOCATORIA`, `MIN_CREDITO_SCT`, `MAX_CREDITO_SCT`, `ID_PROGRAMA`) VALUES (:NOMBRE_CONVOCATORIA:, :FECHA_INICIO_CONVOCATORIA:, :FECHA_FIN_CONVOCATORIA:, :ESTADO_CONVOCATORIA:, :MIN_CREDITO_SCT:, :MAX_CREDITO_SCT:, :ID_PROGRAMA:)', [...], false)
 5 SYSTEMPATH\Model.php(278): CodeIgniter\Database\BaseBuilder->insert()
 6 SYSTEMPATH\BaseModel.php(738): CodeIgniter\Model->doInsert([...])
 7 SYSTEMPATH\Model.php(666): CodeIgniter\BaseModel->insert([...], true)
 8 APPPATH\Controllers\Convocatoria.php(132): CodeIgniter\Model->insert([...])
 9 SYSTEMPATH\CodeIgniter.php(904): App\Controllers\Convocatoria->creada()
10 SYSTEMPATH\CodeIgniter.php(457): CodeIgniter\CodeIgniter->runController(Object(App\Controllers\Convocatoria))
11 SYSTEMPATH\CodeIgniter.php(340): CodeIgniter\CodeIgniter->handleRequest(null, Object(Config\Cache), false)
12 FCPATH\index.php(67): CodeIgniter\CodeIgniter->run()
ERROR - 2022-08-26 00:20:22 --> mysqli_sql_exception: Column 'NOMBRE_CONVOCATORIA' cannot be null in C:\xampp\htdocs\tesis\system\Database\MySQLi\Connection.php:292
Stack trace:
#0 C:\xampp\htdocs\tesis\system\Database\MySQLi\Connection.php(292): mysqli->query('INSERT INTO `CO...', 0)
#1 C:\xampp\htdocs\tesis\system\Database\BaseConnection.php(693): CodeIgniter\Database\MySQLi\Connection->execute('INSERT INTO `CO...')
#2 C:\xampp\htdocs\tesis\system\Database\BaseConnection.php(620): CodeIgniter\Database\BaseConnection->simpleQuery('INSERT INTO `CO...')
#3 C:\xampp\htdocs\tesis\system\Database\BaseBuilder.php(1916): CodeIgniter\Database\BaseConnection->query('INSERT INTO `CO...', Array, false)
#4 C:\xampp\htdocs\tesis\system\Model.php(278): CodeIgniter\Database\BaseBuilder->insert()
#5 C:\xampp\htdocs\tesis\system\BaseModel.php(738): CodeIgniter\Model->doInsert(Array)
#6 C:\xampp\htdocs\tesis\system\Model.php(666): CodeIgniter\BaseModel->insert(Array, true)
#7 C:\xampp\htdocs\tesis\app\Controllers\Convocatoria.php(132): CodeIgniter\Model->insert(Array)
#8 C:\xampp\htdocs\tesis\system\CodeIgniter.php(904): App\Controllers\Convocatoria->creada()
#9 C:\xampp\htdocs\tesis\system\CodeIgniter.php(457): CodeIgniter\CodeIgniter->runController(Object(App\Controllers\Convocatoria))
#10 C:\xampp\htdocs\tesis\system\CodeIgniter.php(340): CodeIgniter\CodeIgniter->handleRequest(NULL, Object(Config\Cache), false)
#11 C:\xampp\htdocs\tesis\index.php(67): CodeIgniter\CodeIgniter->run()
#12 {main}
CRITICAL - 2022-08-26 00:20:22 --> Column 'NOMBRE_CONVOCATORIA' cannot be null
in SYSTEMPATH\Database\MySQLi\Connection.php on line 292.
 1 SYSTEMPATH\Database\MySQLi\Connection.php(292): mysqli->query('INSERT INTO `CONVOCATORIA` (`NOMBRE_CONVOCATORIA`, `FECHA_INICIO_CONVOCATORIA`, `FECHA_FIN_CONVOCATORIA`, `ESTADO_CONVOCATORIA`, `MIN_CREDITO_SCT`, `MAX_CREDITO_SCT`, `ID_PROGRAMA`) VALUES (NULL, NULL, NULL, \'Próximamente\', NULL, NULL, NULL)', 0)
 2 SYSTEMPATH\Database\BaseConnection.php(693): CodeIgniter\Database\MySQLi\Connection->execute('INSERT INTO `CONVOCATORIA` (`NOMBRE_CONVOCATORIA`, `FECHA_INICIO_CONVOCATORIA`, `FECHA_FIN_CONVOCATORIA`, `ESTADO_CONVOCATORIA`, `MIN_CREDITO_SCT`, `MAX_CREDITO_SCT`, `ID_PROGRAMA`) VALUES (NULL, NULL, NULL, \'Próximamente\', NULL, NULL, NULL)')
 3 SYSTEMPATH\Database\BaseConnection.php(620): CodeIgniter\Database\BaseConnection->simpleQuery('INSERT INTO `CONVOCATORIA` (`NOMBRE_CONVOCATORIA`, `FECHA_INICIO_CONVOCATORIA`, `FECHA_FIN_CONVOCATORIA`, `ESTADO_CONVOCATORIA`, `MIN_CREDITO_SCT`, `MAX_CREDITO_SCT`, `ID_PROGRAMA`) VALUES (NULL, NULL, NULL, \'Próximamente\', NULL, NULL, NULL)')
 4 SYSTEMPATH\Database\BaseBuilder.php(1916): CodeIgniter\Database\BaseConnection->query('INSERT INTO `CONVOCATORIA` (`NOMBRE_CONVOCATORIA`, `FECHA_INICIO_CONVOCATORIA`, `FECHA_FIN_CONVOCATORIA`, `ESTADO_CONVOCATORIA`, `MIN_CREDITO_SCT`, `MAX_CREDITO_SCT`, `ID_PROGRAMA`) VALUES (:NOMBRE_CONVOCATORIA:, :FECHA_INICIO_CONVOCATORIA:, :FECHA_FIN_CONVOCATORIA:, :ESTADO_CONVOCATORIA:, :MIN_CREDITO_SCT:, :MAX_CREDITO_SCT:, :ID_PROGRAMA:)', [...], false)
 5 SYSTEMPATH\Model.php(278): CodeIgniter\Database\BaseBuilder->insert()
 6 SYSTEMPATH\BaseModel.php(738): CodeIgniter\Model->doInsert([...])
 7 SYSTEMPATH\Model.php(666): CodeIgniter\BaseModel->insert([...], true)
 8 APPPATH\Controllers\Convocatoria.php(132): CodeIgniter\Model->insert([...])
 9 SYSTEMPATH\CodeIgniter.php(904): App\Controllers\Convocatoria->creada()
10 SYSTEMPATH\CodeIgniter.php(457): CodeIgniter\CodeIgniter->runController(Object(App\Controllers\Convocatoria))
11 SYSTEMPATH\CodeIgniter.php(340): CodeIgniter\CodeIgniter->handleRequest(null, Object(Config\Cache), false)
12 FCPATH\index.php(67): CodeIgniter\CodeIgniter->run()
CRITICAL - 2022-08-26 00:20:31 --> Undefined variable: convocatoriaModel
in APPPATH\Controllers\Programa.php on line 92.
 1 APPPATH\Controllers\Programa.php(92): CodeIgniter\Debug\Exceptions->errorHandler(8, 'Undefined variable: convocatoriaModel', 'APPPATH\\Controllers\\Programa.php', 92, [...])
 2 SYSTEMPATH\CodeIgniter.php(904): App\Controllers\Programa->creada()
 3 SYSTEMPATH\CodeIgniter.php(457): CodeIgniter\CodeIgniter->runController(Object(App\Controllers\Programa))
 4 SYSTEMPATH\CodeIgniter.php(340): CodeIgniter\CodeIgniter->handleRequest(null, Object(Config\Cache), false)
 5 FCPATH\index.php(67): CodeIgniter\CodeIgniter->run()
ERROR - 2022-08-26 00:21:16 --> mysqli_sql_exception: Duplicate entry '0' for key 'PRIMARY' in C:\xampp\htdocs\tesis\system\Database\MySQLi\Connection.php:292
Stack trace:
#0 C:\xampp\htdocs\tesis\system\Database\MySQLi\Connection.php(292): mysqli->query('INSERT INTO `PR...', 0)
#1 C:\xampp\htdocs\tesis\system\Database\BaseConnection.php(693): CodeIgniter\Database\MySQLi\Connection->execute('INSERT INTO `PR...')
#2 C:\xampp\htdocs\tesis\system\Database\BaseConnection.php(620): CodeIgniter\Database\BaseConnection->simpleQuery('INSERT INTO `PR...')
#3 C:\xampp\htdocs\tesis\system\Database\BaseBuilder.php(1916): CodeIgniter\Database\BaseConnection->query('INSERT INTO `PR...', Array, false)
#4 C:\xampp\htdocs\tesis\system\Model.php(278): CodeIgniter\Database\BaseBuilder->insert()
#5 C:\xampp\htdocs\tesis\system\BaseModel.php(738): CodeIgniter\Model->doInsert(Array)
#6 C:\xampp\htdocs\tesis\system\Model.php(666): CodeIgniter\BaseModel->insert(Array, true)
#7 C:\xampp\htdocs\tesis\app\Controllers\Programa.php(92): CodeIgniter\Model->insert(Array)
#8 C:\xampp\htdocs\tesis\system\CodeIgniter.php(904): App\Controllers\Programa->creada()
#9 C:\xampp\htdocs\tesis\system\CodeIgniter.php(457): CodeIgniter\CodeIgniter->runController(Object(App\Controllers\Programa))
#10 C:\xampp\htdocs\tesis\system\CodeIgniter.php(340): CodeIgniter\CodeIgniter->handleRequest(NULL, Object(Config\Cache), false)
#11 C:\xampp\htdocs\tesis\index.php(67): CodeIgniter\CodeIgniter->run()
#12 {main}
CRITICAL - 2022-08-26 00:21:16 --> Duplicate entry '0' for key 'PRIMARY'
in SYSTEMPATH\Database\MySQLi\Connection.php on line 292.
 1 SYSTEMPATH\Database\MySQLi\Connection.php(292): mysqli->query('INSERT INTO `PROGRAMA` (`NOMBRE_PROGRAMA`, `DESC_PROGRAMA`, `ESTADO_PROGRAMA`) VALUES (\'a\', \'a\', \'a\')', 0)
 2 SYSTEMPATH\Database\BaseConnection.php(693): CodeIgniter\Database\MySQLi\Connection->execute('INSERT INTO `PROGRAMA` (`NOMBRE_PROGRAMA`, `DESC_PROGRAMA`, `ESTADO_PROGRAMA`) VALUES (\'a\', \'a\', \'a\')')
 3 SYSTEMPATH\Database\BaseConnection.php(620): CodeIgniter\Database\BaseConnection->simpleQuery('INSERT INTO `PROGRAMA` (`NOMBRE_PROGRAMA`, `DESC_PROGRAMA`, `ESTADO_PROGRAMA`) VALUES (\'a\', \'a\', \'a\')')
 4 SYSTEMPATH\Database\BaseBuilder.php(1916): CodeIgniter\Database\BaseConnection->query('INSERT INTO `PROGRAMA` (`NOMBRE_PROGRAMA`, `DESC_PROGRAMA`, `ESTADO_PROGRAMA`) VALUES (:NOMBRE_PROGRAMA:, :DESC_PROGRAMA:, :ESTADO_PROGRAMA:)', [...], false)
 5 SYSTEMPATH\Model.php(278): CodeIgniter\Database\BaseBuilder->insert()
 6 SYSTEMPATH\BaseModel.php(738): CodeIgniter\Model->doInsert([...])
 7 SYSTEMPATH\Model.php(666): CodeIgniter\BaseModel->insert([...], true)
 8 APPPATH\Controllers\Programa.php(92): CodeIgniter\Model->insert([...])
 9 SYSTEMPATH\CodeIgniter.php(904): App\Controllers\Programa->creada()
10 SYSTEMPATH\CodeIgniter.php(457): CodeIgniter\CodeIgniter->runController(Object(App\Controllers\Programa))
11 SYSTEMPATH\CodeIgniter.php(340): CodeIgniter\CodeIgniter->handleRequest(null, Object(Config\Cache), false)
12 FCPATH\index.php(67): CodeIgniter\CodeIgniter->run()
ERROR - 2022-08-26 00:21:35 --> mysqli_sql_exception: Duplicate entry '0' for key 'PRIMARY' in C:\xampp\htdocs\tesis\system\Database\MySQLi\Connection.php:292
Stack trace:
#0 C:\xampp\htdocs\tesis\system\Database\MySQLi\Connection.php(292): mysqli->query('INSERT INTO `PR...', 0)
#1 C:\xampp\htdocs\tesis\system\Database\BaseConnection.php(693): CodeIgniter\Database\MySQLi\Connection->execute('INSERT INTO `PR...')
#2 C:\xampp\htdocs\tesis\system\Database\BaseConnection.php(620): CodeIgniter\Database\BaseConnection->simpleQuery('INSERT INTO `PR...')
#3 C:\xampp\htdocs\tesis\system\Database\BaseBuilder.php(1916): CodeIgniter\Database\BaseConnection->query('INSERT INTO `PR...', Array, false)
#4 C:\xampp\htdocs\tesis\system\Model.php(278): CodeIgniter\Database\BaseBuilder->insert()
#5 C:\xampp\htdocs\tesis\system\BaseModel.php(738): CodeIgniter\Model->doInsert(Array)
#6 C:\xampp\htdocs\tesis\system\Model.php(666): CodeIgniter\BaseModel->insert(Array, true)
#7 C:\xampp\htdocs\tesis\app\Controllers\Programa.php(92): CodeIgniter\Model->insert(Array)
#8 C:\xampp\htdocs\tesis\system\CodeIgniter.php(904): App\Controllers\Programa->creada()
#9 C:\xampp\htdocs\tesis\system\CodeIgniter.php(457): CodeIgniter\CodeIgniter->runController(Object(App\Controllers\Programa))
#10 C:\xampp\htdocs\tesis\system\CodeIgniter.php(340): CodeIgniter\CodeIgniter->handleRequest(NULL, Object(Config\Cache), false)
#11 C:\xampp\htdocs\tesis\index.php(67): CodeIgniter\CodeIgniter->run()
#12 {main}
CRITICAL - 2022-08-26 00:21:35 --> Duplicate entry '0' for key 'PRIMARY'
in SYSTEMPATH\Database\MySQLi\Connection.php on line 292.
 1 SYSTEMPATH\Database\MySQLi\Connection.php(292): mysqli->query('INSERT INTO `PROGRAMA` (`NOMBRE_PROGRAMA`, `DESC_PROGRAMA`, `ESTADO_PROGRAMA`) VALUES (\'a\', \'a\', \'a\')', 0)
 2 SYSTEMPATH\Database\BaseConnection.php(693): CodeIgniter\Database\MySQLi\Connection->execute('INSERT INTO `PROGRAMA` (`NOMBRE_PROGRAMA`, `DESC_PROGRAMA`, `ESTADO_PROGRAMA`) VALUES (\'a\', \'a\', \'a\')')
 3 SYSTEMPATH\Database\BaseConnection.php(620): CodeIgniter\Database\BaseConnection->simpleQuery('INSERT INTO `PROGRAMA` (`NOMBRE_PROGRAMA`, `DESC_PROGRAMA`, `ESTADO_PROGRAMA`) VALUES (\'a\', \'a\', \'a\')')
 4 SYSTEMPATH\Database\BaseBuilder.php(1916): CodeIgniter\Database\BaseConnection->query('INSERT INTO `PROGRAMA` (`NOMBRE_PROGRAMA`, `DESC_PROGRAMA`, `ESTADO_PROGRAMA`) VALUES (:NOMBRE_PROGRAMA:, :DESC_PROGRAMA:, :ESTADO_PROGRAMA:)', [...], false)
 5 SYSTEMPATH\Model.php(278): CodeIgniter\Database\BaseBuilder->insert()
 6 SYSTEMPATH\BaseModel.php(738): CodeIgniter\Model->doInsert([...])
 7 SYSTEMPATH\Model.php(666): CodeIgniter\BaseModel->insert([...], true)
 8 APPPATH\Controllers\Programa.php(92): CodeIgniter\Model->insert([...])
 9 SYSTEMPATH\CodeIgniter.php(904): App\Controllers\Programa->creada()
10 SYSTEMPATH\CodeIgniter.php(457): CodeIgniter\CodeIgniter->runController(Object(App\Controllers\Programa))
11 SYSTEMPATH\CodeIgniter.php(340): CodeIgniter\CodeIgniter->handleRequest(null, Object(Config\Cache), false)
12 FCPATH\index.php(67): CodeIgniter\CodeIgniter->run()
ERROR - 2022-08-26 00:21:43 --> mysqli_sql_exception: Duplicate entry '0' for key 'PRIMARY' in C:\xampp\htdocs\tesis\system\Database\MySQLi\Connection.php:292
Stack trace:
#0 C:\xampp\htdocs\tesis\system\Database\MySQLi\Connection.php(292): mysqli->query('INSERT INTO `PR...', 0)
#1 C:\xampp\htdocs\tesis\system\Database\BaseConnection.php(693): CodeIgniter\Database\MySQLi\Connection->execute('INSERT INTO `PR...')
#2 C:\xampp\htdocs\tesis\system\Database\BaseConnection.php(620): CodeIgniter\Database\BaseConnection->simpleQuery('INSERT INTO `PR...')
#3 C:\xampp\htdocs\tesis\system\Database\BaseBuilder.php(1916): CodeIgniter\Database\BaseConnection->query('INSERT INTO `PR...', Array, false)
#4 C:\xampp\htdocs\tesis\system\Model.php(278): CodeIgniter\Database\BaseBuilder->insert()
#5 C:\xampp\htdocs\tesis\system\BaseModel.php(738): CodeIgniter\Model->doInsert(Array)
#6 C:\xampp\htdocs\tesis\system\Model.php(666): CodeIgniter\BaseModel->insert(Array, true)
#7 C:\xampp\htdocs\tesis\app\Controllers\Programa.php(92): CodeIgniter\Model->insert(Array)
#8 C:\xampp\htdocs\tesis\system\CodeIgniter.php(904): App\Controllers\Programa->creada()
#9 C:\xampp\htdocs\tesis\system\CodeIgniter.php(457): CodeIgniter\CodeIgniter->runController(Object(App\Controllers\Programa))
#10 C:\xampp\htdocs\tesis\system\CodeIgniter.php(340): CodeIgniter\CodeIgniter->handleRequest(NULL, Object(Config\Cache), false)
#11 C:\xampp\htdocs\tesis\index.php(67): CodeIgniter\CodeIgniter->run()
#12 {main}
CRITICAL - 2022-08-26 00:21:43 --> Duplicate entry '0' for key 'PRIMARY'
in SYSTEMPATH\Database\MySQLi\Connection.php on line 292.
 1 SYSTEMPATH\Database\MySQLi\Connection.php(292): mysqli->query('INSERT INTO `PROGRAMA` (`NOMBRE_PROGRAMA`, `DESC_PROGRAMA`, `ESTADO_PROGRAMA`) VALUES (\'a\', \'a\', \'a\')', 0)
 2 SYSTEMPATH\Database\BaseConnection.php(693): CodeIgniter\Database\MySQLi\Connection->execute('INSERT INTO `PROGRAMA` (`NOMBRE_PROGRAMA`, `DESC_PROGRAMA`, `ESTADO_PROGRAMA`) VALUES (\'a\', \'a\', \'a\')')
 3 SYSTEMPATH\Database\BaseConnection.php(620): CodeIgniter\Database\BaseConnection->simpleQuery('INSERT INTO `PROGRAMA` (`NOMBRE_PROGRAMA`, `DESC_PROGRAMA`, `ESTADO_PROGRAMA`) VALUES (\'a\', \'a\', \'a\')')
 4 SYSTEMPATH\Database\BaseBuilder.php(1916): CodeIgniter\Database\BaseConnection->query('INSERT INTO `PROGRAMA` (`NOMBRE_PROGRAMA`, `DESC_PROGRAMA`, `ESTADO_PROGRAMA`) VALUES (:NOMBRE_PROGRAMA:, :DESC_PROGRAMA:, :ESTADO_PROGRAMA:)', [...], false)
 5 SYSTEMPATH\Model.php(278): CodeIgniter\Database\BaseBuilder->insert()
 6 SYSTEMPATH\BaseModel.php(738): CodeIgniter\Model->doInsert([...])
 7 SYSTEMPATH\Model.php(666): CodeIgniter\BaseModel->insert([...], true)
 8 APPPATH\Controllers\Programa.php(92): CodeIgniter\Model->insert([...])
 9 SYSTEMPATH\CodeIgniter.php(904): App\Controllers\Programa->creada()
10 SYSTEMPATH\CodeIgniter.php(457): CodeIgniter\CodeIgniter->runController(Object(App\Controllers\Programa))
11 SYSTEMPATH\CodeIgniter.php(340): CodeIgniter\CodeIgniter->handleRequest(null, Object(Config\Cache), false)
12 FCPATH\index.php(67): CodeIgniter\CodeIgniter->run()
CRITICAL - 2022-08-26 00:22:08 --> Invalid file: admin/programa/creada.php
in SYSTEMPATH\Exceptions\FrameworkException.php on line 33.
 1 SYSTEMPATH\View\View.php(201): CodeIgniter\Exceptions\FrameworkException::forInvalidFile('admin/programa/creada.php')
 2 SYSTEMPATH\Common.php(1137): CodeIgniter\View\View->render('admin/programa/creada', [], true)
 3 APPPATH\Controllers\Programa.php(93): view('admin/programa/creada', [...])
 4 SYSTEMPATH\CodeIgniter.php(904): App\Controllers\Programa->creada()
 5 SYSTEMPATH\CodeIgniter.php(457): CodeIgniter\CodeIgniter->runController(Object(App\Controllers\Programa))
 6 SYSTEMPATH\CodeIgniter.php(340): CodeIgniter\CodeIgniter->handleRequest(null, Object(Config\Cache), false)
 7 FCPATH\index.php(67): CodeIgniter\CodeIgniter->run()
CRITICAL - 2022-08-26 01:11:14 --> Class 'App\Controllers\DetalleUniversidad' not found
in APPPATH\Controllers\Universidad.php on line 95.
 1 SYSTEMPATH\CodeIgniter.php(904): App\Controllers\Universidad->creada()
 2 SYSTEMPATH\CodeIgniter.php(457): CodeIgniter\CodeIgniter->runController(Object(App\Controllers\Universidad))
 3 SYSTEMPATH\CodeIgniter.php(340): CodeIgniter\CodeIgniter->handleRequest(null, Object(Config\Cache), false)
 4 FCPATH\index.php(67): CodeIgniter\CodeIgniter->run()
CRITICAL - 2022-08-26 01:11:33 --> Undefined variable: detalleUniversidadModelo
in APPPATH\Controllers\Universidad.php on line 97.
 1 APPPATH\Controllers\Universidad.php(97): CodeIgniter\Debug\Exceptions->errorHandler(8, 'Undefined variable: detalleUniversidadModelo', 'APPPATH\\Controllers\\Universidad.php', 97, [...])
 2 SYSTEMPATH\CodeIgniter.php(904): App\Controllers\Universidad->creada()
 3 SYSTEMPATH\CodeIgniter.php(457): CodeIgniter\CodeIgniter->runController(Object(App\Controllers\Universidad))
 4 SYSTEMPATH\CodeIgniter.php(340): CodeIgniter\CodeIgniter->handleRequest(null, Object(Config\Cache), false)
 5 FCPATH\index.php(67): CodeIgniter\CodeIgniter->run()
CRITICAL - 2022-08-26 01:11:40 --> Undefined variable: data
in APPPATH\Controllers\Universidad.php on line 113.
 1 APPPATH\Controllers\Universidad.php(113): CodeIgniter\Debug\Exceptions->errorHandler(8, 'Undefined variable: data', 'APPPATH\\Controllers\\Universidad.php', 113, [...])
 2 SYSTEMPATH\CodeIgniter.php(904): App\Controllers\Universidad->creada()
 3 SYSTEMPATH\CodeIgniter.php(457): CodeIgniter\CodeIgniter->runController(Object(App\Controllers\Universidad))
 4 SYSTEMPATH\CodeIgniter.php(340): CodeIgniter\CodeIgniter->handleRequest(null, Object(Config\Cache), false)
 5 FCPATH\index.php(67): CodeIgniter\CodeIgniter->run()
CRITICAL - 2022-08-26 01:12:19 --> Undefined variable: aux
in APPPATH\Controllers\Universidad.php on line 109.
 1 APPPATH\Controllers\Universidad.php(109): CodeIgniter\Debug\Exceptions->errorHandler(8, 'Undefined variable: aux', 'APPPATH\\Controllers\\Universidad.php', 109, [...])
 2 SYSTEMPATH\CodeIgniter.php(904): App\Controllers\Universidad->creada()
 3 SYSTEMPATH\CodeIgniter.php(457): CodeIgniter\CodeIgniter->runController(Object(App\Controllers\Universidad))
 4 SYSTEMPATH\CodeIgniter.php(340): CodeIgniter\CodeIgniter->handleRequest(null, Object(Config\Cache), false)
 5 FCPATH\index.php(67): CodeIgniter\CodeIgniter->run()
CRITICAL - 2022-08-26 01:12:37 --> Undefined variable: aux
in APPPATH\Controllers\Universidad.php on line 109.
 1 APPPATH\Controllers\Universidad.php(109): CodeIgniter\Debug\Exceptions->errorHandler(8, 'Undefined variable: aux', 'APPPATH\\Controllers\\Universidad.php', 109, [...])
 2 SYSTEMPATH\CodeIgniter.php(904): App\Controllers\Universidad->creada()
 3 SYSTEMPATH\CodeIgniter.php(457): CodeIgniter\CodeIgniter->runController(Object(App\Controllers\Universidad))
 4 SYSTEMPATH\CodeIgniter.php(340): CodeIgniter\CodeIgniter->handleRequest(null, Object(Config\Cache), false)
 5 FCPATH\index.php(67): CodeIgniter\CodeIgniter->run()
CRITICAL - 2022-08-26 01:32:44 --> Undefined variable: programas
in APPPATH\Controllers\Universidad.php on line 118.
 1 APPPATH\Controllers\Universidad.php(118): CodeIgniter\Debug\Exceptions->errorHandler(8, 'Undefined variable: programas', 'APPPATH\\Controllers\\Universidad.php', 118, [...])
 2 SYSTEMPATH\CodeIgniter.php(904): App\Controllers\Universidad->creada()
 3 SYSTEMPATH\CodeIgniter.php(457): CodeIgniter\CodeIgniter->runController(Object(App\Controllers\Universidad))
 4 SYSTEMPATH\CodeIgniter.php(340): CodeIgniter\CodeIgniter->handleRequest(null, Object(Config\Cache), false)
 5 FCPATH\index.php(67): CodeIgniter\CodeIgniter->run()
CRITICAL - 2022-08-26 01:33:07 --> Cannot pass parameter 1 by reference
in APPPATH\Controllers\Universidad.php on line 123.
 1 SYSTEMPATH\CodeIgniter.php(904): App\Controllers\Universidad->creada()
 2 SYSTEMPATH\CodeIgniter.php(457): CodeIgniter\CodeIgniter->runController(Object(App\Controllers\Universidad))
 3 SYSTEMPATH\CodeIgniter.php(340): CodeIgniter\CodeIgniter->handleRequest(null, Object(Config\Cache), false)
 4 FCPATH\index.php(67): CodeIgniter\CodeIgniter->run()
CRITICAL - 2022-08-26 13:06:36 --> Undefined variable: convocatoriaModel
in APPPATH\Controllers\Formulario.php on line 88.
 1 APPPATH\Controllers\Formulario.php(88): CodeIgniter\Debug\Exceptions->errorHandler(8, 'Undefined variable: convocatoriaModel', 'APPPATH\\Controllers\\Formulario.php', 88, [...])
 2 SYSTEMPATH\CodeIgniter.php(904): App\Controllers\Formulario->creada()
 3 SYSTEMPATH\CodeIgniter.php(457): CodeIgniter\CodeIgniter->runController(Object(App\Controllers\Formulario))
 4 SYSTEMPATH\CodeIgniter.php(340): CodeIgniter\CodeIgniter->handleRequest(null, Object(Config\Cache), false)
 5 FCPATH\index.php(67): CodeIgniter\CodeIgniter->run()
CRITICAL - 2022-08-26 13:06:48 --> Invalid file: admin/formulario/actualizada.php
in SYSTEMPATH\Exceptions\FrameworkException.php on line 33.
 1 SYSTEMPATH\View\View.php(201): CodeIgniter\Exceptions\FrameworkException::forInvalidFile('admin/formulario/actualizada.php')
 2 SYSTEMPATH\Common.php(1137): CodeIgniter\View\View->render('admin/formulario/actualizada', [], true)
 3 APPPATH\Controllers\Formulario.php(89): view('admin/formulario/actualizada', [...])
 4 SYSTEMPATH\CodeIgniter.php(904): App\Controllers\Formulario->creada()
 5 SYSTEMPATH\CodeIgniter.php(457): CodeIgniter\CodeIgniter->runController(Object(App\Controllers\Formulario))
 6 SYSTEMPATH\CodeIgniter.php(340): CodeIgniter\CodeIgniter->handleRequest(null, Object(Config\Cache), false)
 7 FCPATH\index.php(67): CodeIgniter\CodeIgniter->run()
CRITICAL - 2022-08-26 13:06:56 --> Invalid file: admin/formulario/creada.php
in SYSTEMPATH\Exceptions\FrameworkException.php on line 33.
 1 SYSTEMPATH\View\View.php(201): CodeIgniter\Exceptions\FrameworkException::forInvalidFile('admin/formulario/creada.php')
 2 SYSTEMPATH\Common.php(1137): CodeIgniter\View\View->render('admin/formulario/creada', [], true)
 3 APPPATH\Controllers\Formulario.php(89): view('admin/formulario/creada', [...])
 4 SYSTEMPATH\CodeIgniter.php(904): App\Controllers\Formulario->creada()
 5 SYSTEMPATH\CodeIgniter.php(457): CodeIgniter\CodeIgniter->runController(Object(App\Controllers\Formulario))
 6 SYSTEMPATH\CodeIgniter.php(340): CodeIgniter\CodeIgniter->handleRequest(null, Object(Config\Cache), false)
 7 FCPATH\index.php(67): CodeIgniter\CodeIgniter->run()
CRITICAL - 2022-08-26 13:07:05 --> Undefined variable: usuario
in APPPATH\Views\admin\formularios\creada.php on line 53.
 1 APPPATH\Views\admin\formularios\creada.php(53): CodeIgniter\Debug\Exceptions->errorHandler(8, 'Undefined variable: usuario', 'APPPATH\\Views\\admin\\formularios\\creada.php', 53, [...])
 2 SYSTEMPATH\View\View.php(213): include('APPPATH\\Views\\admin\\formularios\\creada.php')
 3 SYSTEMPATH\View\View.php(216): CodeIgniter\View\View->CodeIgniter\View\{closure}()
 4 SYSTEMPATH\Common.php(1137): CodeIgniter\View\View->render('admin/formularios/creada', [], true)
 5 APPPATH\Controllers\Formulario.php(89): view('admin/formularios/creada', [...])
 6 SYSTEMPATH\CodeIgniter.php(904): App\Controllers\Formulario->creada()
 7 SYSTEMPATH\CodeIgniter.php(457): CodeIgniter\CodeIgniter->runController(Object(App\Controllers\Formulario))
 8 SYSTEMPATH\CodeIgniter.php(340): CodeIgniter\CodeIgniter->handleRequest(null, Object(Config\Cache), false)
 9 FCPATH\index.php(67): CodeIgniter\CodeIgniter->run()
CRITICAL - 2022-08-26 13:07:59 --> Undefined variable: id_admin
in APPPATH\Controllers\Formulario.php on line 84.
 1 APPPATH\Controllers\Formulario.php(84): CodeIgniter\Debug\Exceptions->errorHandler(8, 'Undefined variable: id_admin', 'APPPATH\\Controllers\\Formulario.php', 84, [...])
 2 SYSTEMPATH\CodeIgniter.php(904): App\Controllers\Formulario->creada()
 3 SYSTEMPATH\CodeIgniter.php(457): CodeIgniter\CodeIgniter->runController(Object(App\Controllers\Formulario))
 4 SYSTEMPATH\CodeIgniter.php(340): CodeIgniter\CodeIgniter->handleRequest(null, Object(Config\Cache), false)
 5 FCPATH\index.php(67): CodeIgniter\CodeIgniter->run()
CRITICAL - 2022-08-26 15:15:35 --> syntax error, unexpected ')'
in APPPATH\Controllers\Universidad.php on line 149.
 1 SYSTEMPATH\Autoloader\Autoloader.php(259): CodeIgniter\Autoloader\Autoloader->includeFile('APPPATH\\Controllers\\Universidad.php')
 2 SYSTEMPATH\Autoloader\Autoloader.php(237): CodeIgniter\Autoloader\Autoloader->loadInNamespace('App\\Controllers\\Universidad')
 3 [internal function]: CodeIgniter\Autoloader\Autoloader->loadClass('App\\Controllers\\Universidad')
 4 [internal function]: spl_autoload_call('App\\Controllers\\Universidad')
 5 SYSTEMPATH\CodeIgniter.php(854): class_exists('\\App\\Controllers\\Universidad', true)
 6 SYSTEMPATH\CodeIgniter.php(444): CodeIgniter\CodeIgniter->startController()
 7 SYSTEMPATH\CodeIgniter.php(340): CodeIgniter\CodeIgniter->handleRequest(null, Object(Config\Cache), false)
 8 FCPATH\index.php(67): CodeIgniter\CodeIgniter->run()
CRITICAL - 2022-08-26 16:17:57 --> Undefined index: ID_DETALLE_UNIVERSIDAD
in APPPATH\Views\admin\universidades\vista.php on line 87.
 1 APPPATH\Views\admin\universidades\vista.php(87): CodeIgniter\Debug\Exceptions->errorHandler(8, 'Undefined index: ID_DETALLE_UNIVERSIDAD', 'APPPATH\\Views\\admin\\universidades\\vista.php', 87, [...])
 2 SYSTEMPATH\View\View.php(213): include('APPPATH\\Views\\admin\\universidades\\vista.php')
 3 SYSTEMPATH\View\View.php(216): CodeIgniter\View\View->CodeIgniter\View\{closure}()
 4 SYSTEMPATH\Common.php(1137): CodeIgniter\View\View->render('admin/universidades/vista', [], true)
 5 APPPATH\Controllers\Universidad.php(46): view('admin/universidades/vista', [...])
 6 SYSTEMPATH\CodeIgniter.php(904): App\Controllers\Universidad->universidades()
 7 SYSTEMPATH\CodeIgniter.php(457): CodeIgniter\CodeIgniter->runController(Object(App\Controllers\Universidad))
 8 SYSTEMPATH\CodeIgniter.php(340): CodeIgniter\CodeIgniter->handleRequest(null, Object(Config\Cache), false)
 9 FCPATH\index.php(67): CodeIgniter\CodeIgniter->run()
CRITICAL - 2022-08-26 16:28:03 --> Undefined variable: programas
in APPPATH\Views\admin\universidades\vista.php on line 86.
 1 APPPATH\Views\admin\universidades\vista.php(86): CodeIgniter\Debug\Exceptions->errorHandler(8, 'Undefined variable: programas', 'APPPATH\\Views\\admin\\universidades\\vista.php', 86, [...])
 2 SYSTEMPATH\View\View.php(213): include('APPPATH\\Views\\admin\\universidades\\vista.php')
 3 SYSTEMPATH\View\View.php(216): CodeIgniter\View\View->CodeIgniter\View\{closure}()
 4 SYSTEMPATH\Common.php(1137): CodeIgniter\View\View->render('admin/universidades/vista', [], true)
 5 APPPATH\Controllers\Universidad.php(46): view('admin/universidades/vista', [...])
 6 SYSTEMPATH\CodeIgniter.php(904): App\Controllers\Universidad->universidades()
 7 SYSTEMPATH\CodeIgniter.php(457): CodeIgniter\CodeIgniter->runController(Object(App\Controllers\Universidad))
 8 SYSTEMPATH\CodeIgniter.php(340): CodeIgniter\CodeIgniter->handleRequest(null, Object(Config\Cache), false)
 9 FCPATH\index.php(67): CodeIgniter\CodeIgniter->run()
CRITICAL - 2022-08-26 17:04:03 --> syntax error, unexpected 'as' (T_AS), expecting ')'
in APPPATH\Controllers\Universidad.php on line 123.
 1 SYSTEMPATH\Autoloader\Autoloader.php(259): CodeIgniter\Autoloader\Autoloader->includeFile('APPPATH\\Controllers\\Universidad.php')
 2 SYSTEMPATH\Autoloader\Autoloader.php(237): CodeIgniter\Autoloader\Autoloader->loadInNamespace('App\\Controllers\\Universidad')
 3 [internal function]: CodeIgniter\Autoloader\Autoloader->loadClass('App\\Controllers\\Universidad')
 4 [internal function]: spl_autoload_call('App\\Controllers\\Universidad')
 5 SYSTEMPATH\CodeIgniter.php(854): class_exists('\\App\\Controllers\\Universidad', true)
 6 SYSTEMPATH\CodeIgniter.php(444): CodeIgniter\CodeIgniter->startController()
 7 SYSTEMPATH\CodeIgniter.php(340): CodeIgniter\CodeIgniter->handleRequest(null, Object(Config\Cache), false)
 8 FCPATH\index.php(67): CodeIgniter\CodeIgniter->run()
CRITICAL - 2022-08-26 17:16:06 --> Undefined variable: helper
in APPPATH\Controllers\Universidad.php on line 131.
 1 APPPATH\Controllers\Universidad.php(131): CodeIgniter\Debug\Exceptions->errorHandler(8, 'Undefined variable: helper', 'APPPATH\\Controllers\\Universidad.php', 131, [...])
 2 SYSTEMPATH\CodeIgniter.php(904): App\Controllers\Universidad->creada()
 3 SYSTEMPATH\CodeIgniter.php(457): CodeIgniter\CodeIgniter->runController(Object(App\Controllers\Universidad))
 4 SYSTEMPATH\CodeIgniter.php(340): CodeIgniter\CodeIgniter->handleRequest(null, Object(Config\Cache), false)
 5 FCPATH\index.php(67): CodeIgniter\CodeIgniter->run()
CRITICAL - 2022-08-26 19:17:04 --> Undefined variable: contador
in APPPATH\Views\admin\universidades\crear.php on line 95.
 1 APPPATH\Views\admin\universidades\crear.php(95): CodeIgniter\Debug\Exceptions->errorHandler(8, 'Undefined variable: contador', 'APPPATH\\Views\\admin\\universidades\\crear.php', 95, [...])
 2 SYSTEMPATH\View\View.php(213): include('APPPATH\\Views\\admin\\universidades\\crear.php')
 3 SYSTEMPATH\View\View.php(216): CodeIgniter\View\View->CodeIgniter\View\{closure}()
 4 SYSTEMPATH\Common.php(1137): CodeIgniter\View\View->render('admin/universidades/crear', [], true)
 5 APPPATH\Controllers\Universidad.php(75): view('admin/universidades/crear', [...])
 6 SYSTEMPATH\CodeIgniter.php(904): App\Controllers\Universidad->crear()
 7 SYSTEMPATH\CodeIgniter.php(457): CodeIgniter\CodeIgniter->runController(Object(App\Controllers\Universidad))
 8 SYSTEMPATH\CodeIgniter.php(340): CodeIgniter\CodeIgniter->handleRequest(null, Object(Config\Cache), false)
 9 FCPATH\index.php(67): CodeIgniter\CodeIgniter->run()
