CRITICAL - 2022-08-20 23:08:09 --> Undefined variable: datos
in APPPATH\Controllers\Estudiante.php on line 128.
 1 APPPATH\Controllers\Estudiante.php(128): CodeIgniter\Debug\Exceptions->errorHandler(8, 'Undefined variable: datos', 'APPPATH\\Controllers\\Estudiante.php', 128, [...])
 2 SYSTEMPATH\CodeIgniter.php(904): App\Controllers\Estudiante->formulario_guardar()
 3 SYSTEMPATH\CodeIgniter.php(457): CodeIgniter\CodeIgniter->runController(Object(App\Controllers\Estudiante))
 4 SYSTEMPATH\CodeIgniter.php(340): CodeIgniter\CodeIgniter->handleRequest(null, Object(Config\Cache), false)
 5 FCPATH\index.php(67): CodeIgniter\CodeIgniter->run()
CRITICAL - 2022-08-20 23:08:20 --> Array to string conversion
in APPPATH\Controllers\Estudiante.php on line 130.
 1 APPPATH\Controllers\Estudiante.php(130): CodeIgniter\Debug\Exceptions->errorHandler(8, 'Array to string conversion', 'APPPATH\\Controllers\\Estudiante.php', 130, [...])
 2 SYSTEMPATH\CodeIgniter.php(904): App\Controllers\Estudiante->formulario_guardar()
 3 SYSTEMPATH\CodeIgniter.php(457): CodeIgniter\CodeIgniter->runController(Object(App\Controllers\Estudiante))
 4 SYSTEMPATH\CodeIgniter.php(340): CodeIgniter\CodeIgniter->handleRequest(null, Object(Config\Cache), false)
 5 FCPATH\index.php(67): CodeIgniter\CodeIgniter->run()
ERROR - 2022-08-20 23:08:36 --> mysqli_sql_exception: Duplicate entry '0' for key 'PRIMARY' in C:\xampp\htdocs\tesis\system\Database\MySQLi\Connection.php:292
Stack trace:
#0 C:\xampp\htdocs\tesis\system\Database\MySQLi\Connection.php(292): mysqli->query('INSERT INTO `po...', 0)
#1 C:\xampp\htdocs\tesis\system\Database\BaseConnection.php(693): CodeIgniter\Database\MySQLi\Connection->execute('INSERT INTO `po...')
#2 C:\xampp\htdocs\tesis\system\Database\BaseConnection.php(620): CodeIgniter\Database\BaseConnection->simpleQuery('INSERT INTO `po...')
#3 C:\xampp\htdocs\tesis\system\Database\BaseBuilder.php(1916): CodeIgniter\Database\BaseConnection->query('INSERT INTO `po...', Array, false)
#4 C:\xampp\htdocs\tesis\system\Model.php(278): CodeIgniter\Database\BaseBuilder->insert()
#5 C:\xampp\htdocs\tesis\system\BaseModel.php(738): CodeIgniter\Model->doInsert(Array)
#6 C:\xampp\htdocs\tesis\system\Model.php(666): CodeIgniter\BaseModel->insert(Array, true)
#7 C:\xampp\htdocs\tesis\app\Controllers\Estudiante.php(128): CodeIgniter\Model->insert(Array)
#8 C:\xampp\htdocs\tesis\system\CodeIgniter.php(904): App\Controllers\Estudiante->formulario_guardar()
#9 C:\xampp\htdocs\tesis\system\CodeIgniter.php(457): CodeIgniter\CodeIgniter->runController(Object(App\Controllers\Estudiante))
#10 C:\xampp\htdocs\tesis\system\CodeIgniter.php(340): CodeIgniter\CodeIgniter->handleRequest(NULL, Object(Config\Cache), false)
#11 C:\xampp\htdocs\tesis\index.php(67): CodeIgniter\CodeIgniter->run()
#12 {main}
CRITICAL - 2022-08-20 23:08:36 --> Duplicate entry '0' for key 'PRIMARY'
in SYSTEMPATH\Database\MySQLi\Connection.php on line 292.
 1 SYSTEMPATH\Database\MySQLi\Connection.php(292): mysqli->query('INSERT INTO `postulacion` (`NUMERO_TELEFONO`, `EMAIL_PERSONAL_POSTULANTE`, `NIVEL_INGLES`, `LENGUA_SECUNDARIA`, `1RA_OPCION`, `2DA_OPCION`, `3RA_OPCION`, `ID_POSTULANTE`, `ID_CARRERA`, `ID_DETALLE_PREGUNTA`, `ID_MOVILIDAD`) VALUES (\'\', \'\', \'b2\', \'\', \'1\', \'1\', \'1\', \'2016419076\', \'419\', 3, 4)', 0)
 2 SYSTEMPATH\Database\BaseConnection.php(693): CodeIgniter\Database\MySQLi\Connection->execute('INSERT INTO `postulacion` (`NUMERO_TELEFONO`, `EMAIL_PERSONAL_POSTULANTE`, `NIVEL_INGLES`, `LENGUA_SECUNDARIA`, `1RA_OPCION`, `2DA_OPCION`, `3RA_OPCION`, `ID_POSTULANTE`, `ID_CARRERA`, `ID_DETALLE_PREGUNTA`, `ID_MOVILIDAD`) VALUES (\'\', \'\', \'b2\', \'\', \'1\', \'1\', \'1\', \'2016419076\', \'419\', 3, 4)')
 3 SYSTEMPATH\Database\BaseConnection.php(620): CodeIgniter\Database\BaseConnection->simpleQuery('INSERT INTO `postulacion` (`NUMERO_TELEFONO`, `EMAIL_PERSONAL_POSTULANTE`, `NIVEL_INGLES`, `LENGUA_SECUNDARIA`, `1RA_OPCION`, `2DA_OPCION`, `3RA_OPCION`, `ID_POSTULANTE`, `ID_CARRERA`, `ID_DETALLE_PREGUNTA`, `ID_MOVILIDAD`) VALUES (\'\', \'\', \'b2\', \'\', \'1\', \'1\', \'1\', \'2016419076\', \'419\', 3, 4)')
 4 SYSTEMPATH\Database\BaseBuilder.php(1916): CodeIgniter\Database\BaseConnection->query('INSERT INTO `postulacion` (`NUMERO_TELEFONO`, `EMAIL_PERSONAL_POSTULANTE`, `NIVEL_INGLES`, `LENGUA_SECUNDARIA`, `1RA_OPCION`, `2DA_OPCION`, `3RA_OPCION`, `ID_POSTULANTE`, `ID_CARRERA`, `ID_DETALLE_PREGUNTA`, `ID_MOVILIDAD`) VALUES (:NUMERO_TELEFONO:, :EMAIL_PERSONAL_POSTULANTE:, :NIVEL_INGLES:, :LENGUA_SECUNDARIA:, :1RA_OPCION:, :2DA_OPCION:, :3RA_OPCION:, :ID_POSTULANTE:, :ID_CARRERA:, :ID_DETALLE_PREGUNTA:, :ID_MOVILIDAD:)', [...], false)
 5 SYSTEMPATH\Model.php(278): CodeIgniter\Database\BaseBuilder->insert()
 6 SYSTEMPATH\BaseModel.php(738): CodeIgniter\Model->doInsert([...])
 7 SYSTEMPATH\Model.php(666): CodeIgniter\BaseModel->insert([...], true)
 8 APPPATH\Controllers\Estudiante.php(128): CodeIgniter\Model->insert([...])
 9 SYSTEMPATH\CodeIgniter.php(904): App\Controllers\Estudiante->formulario_guardar()
10 SYSTEMPATH\CodeIgniter.php(457): CodeIgniter\CodeIgniter->runController(Object(App\Controllers\Estudiante))
11 SYSTEMPATH\CodeIgniter.php(340): CodeIgniter\CodeIgniter->handleRequest(null, Object(Config\Cache), false)
12 FCPATH\index.php(67): CodeIgniter\CodeIgniter->run()
ERROR - 2022-08-20 23:09:41 --> mysqli_sql_exception: Duplicate entry '0' for key 'PRIMARY' in C:\xampp\htdocs\tesis\system\Database\MySQLi\Connection.php:292
Stack trace:
#0 C:\xampp\htdocs\tesis\system\Database\MySQLi\Connection.php(292): mysqli->query('INSERT INTO `po...', 0)
#1 C:\xampp\htdocs\tesis\system\Database\BaseConnection.php(693): CodeIgniter\Database\MySQLi\Connection->execute('INSERT INTO `po...')
#2 C:\xampp\htdocs\tesis\system\Database\BaseConnection.php(620): CodeIgniter\Database\BaseConnection->simpleQuery('INSERT INTO `po...')
#3 C:\xampp\htdocs\tesis\system\Database\BaseBuilder.php(1916): CodeIgniter\Database\BaseConnection->query('INSERT INTO `po...', Array, false)
#4 C:\xampp\htdocs\tesis\system\Model.php(278): CodeIgniter\Database\BaseBuilder->insert()
#5 C:\xampp\htdocs\tesis\system\BaseModel.php(738): CodeIgniter\Model->doInsert(Array)
#6 C:\xampp\htdocs\tesis\system\Model.php(666): CodeIgniter\BaseModel->insert(Array, true)
#7 C:\xampp\htdocs\tesis\app\Controllers\Estudiante.php(128): CodeIgniter\Model->insert(Array)
#8 C:\xampp\htdocs\tesis\system\CodeIgniter.php(904): App\Controllers\Estudiante->formulario_guardar()
#9 C:\xampp\htdocs\tesis\system\CodeIgniter.php(457): CodeIgniter\CodeIgniter->runController(Object(App\Controllers\Estudiante))
#10 C:\xampp\htdocs\tesis\system\CodeIgniter.php(340): CodeIgniter\CodeIgniter->handleRequest(NULL, Object(Config\Cache), false)
#11 C:\xampp\htdocs\tesis\index.php(67): CodeIgniter\CodeIgniter->run()
#12 {main}
CRITICAL - 2022-08-20 23:09:41 --> Duplicate entry '0' for key 'PRIMARY'
in SYSTEMPATH\Database\MySQLi\Connection.php on line 292.
 1 SYSTEMPATH\Database\MySQLi\Connection.php(292): mysqli->query('INSERT INTO `postulacion` (`NUMERO_TELEFONO`, `EMAIL_PERSONAL_POSTULANTE`, `NIVEL_INGLES`, `LENGUA_SECUNDARIA`, `1RA_OPCION`, `2DA_OPCION`, `3RA_OPCION`, `ID_POSTULANTE`, `ID_CARRERA`, `ID_DETALLE_PREGUNTA`, `ID_MOVILIDAD`) VALUES (\'\', \'\', \'b2\', \'\', \'1\', \'1\', \'1\', \'2016419076\', \'419\', 3, 4)', 0)
 2 SYSTEMPATH\Database\BaseConnection.php(693): CodeIgniter\Database\MySQLi\Connection->execute('INSERT INTO `postulacion` (`NUMERO_TELEFONO`, `EMAIL_PERSONAL_POSTULANTE`, `NIVEL_INGLES`, `LENGUA_SECUNDARIA`, `1RA_OPCION`, `2DA_OPCION`, `3RA_OPCION`, `ID_POSTULANTE`, `ID_CARRERA`, `ID_DETALLE_PREGUNTA`, `ID_MOVILIDAD`) VALUES (\'\', \'\', \'b2\', \'\', \'1\', \'1\', \'1\', \'2016419076\', \'419\', 3, 4)')
 3 SYSTEMPATH\Database\BaseConnection.php(620): CodeIgniter\Database\BaseConnection->simpleQuery('INSERT INTO `postulacion` (`NUMERO_TELEFONO`, `EMAIL_PERSONAL_POSTULANTE`, `NIVEL_INGLES`, `LENGUA_SECUNDARIA`, `1RA_OPCION`, `2DA_OPCION`, `3RA_OPCION`, `ID_POSTULANTE`, `ID_CARRERA`, `ID_DETALLE_PREGUNTA`, `ID_MOVILIDAD`) VALUES (\'\', \'\', \'b2\', \'\', \'1\', \'1\', \'1\', \'2016419076\', \'419\', 3, 4)')
 4 SYSTEMPATH\Database\BaseBuilder.php(1916): CodeIgniter\Database\BaseConnection->query('INSERT INTO `postulacion` (`NUMERO_TELEFONO`, `EMAIL_PERSONAL_POSTULANTE`, `NIVEL_INGLES`, `LENGUA_SECUNDARIA`, `1RA_OPCION`, `2DA_OPCION`, `3RA_OPCION`, `ID_POSTULANTE`, `ID_CARRERA`, `ID_DETALLE_PREGUNTA`, `ID_MOVILIDAD`) VALUES (:NUMERO_TELEFONO:, :EMAIL_PERSONAL_POSTULANTE:, :NIVEL_INGLES:, :LENGUA_SECUNDARIA:, :1RA_OPCION:, :2DA_OPCION:, :3RA_OPCION:, :ID_POSTULANTE:, :ID_CARRERA:, :ID_DETALLE_PREGUNTA:, :ID_MOVILIDAD:)', [...], false)
 5 SYSTEMPATH\Model.php(278): CodeIgniter\Database\BaseBuilder->insert()
 6 SYSTEMPATH\BaseModel.php(738): CodeIgniter\Model->doInsert([...])
 7 SYSTEMPATH\Model.php(666): CodeIgniter\BaseModel->insert([...], true)
 8 APPPATH\Controllers\Estudiante.php(128): CodeIgniter\Model->insert([...])
 9 SYSTEMPATH\CodeIgniter.php(904): App\Controllers\Estudiante->formulario_guardar()
10 SYSTEMPATH\CodeIgniter.php(457): CodeIgniter\CodeIgniter->runController(Object(App\Controllers\Estudiante))
11 SYSTEMPATH\CodeIgniter.php(340): CodeIgniter\CodeIgniter->handleRequest(null, Object(Config\Cache), false)
12 FCPATH\index.php(67): CodeIgniter\CodeIgniter->run()
ERROR - 2022-08-20 23:10:09 --> mysqli_sql_exception: Duplicate entry '0' for key 'PRIMARY' in C:\xampp\htdocs\tesis\system\Database\MySQLi\Connection.php:292
Stack trace:
#0 C:\xampp\htdocs\tesis\system\Database\MySQLi\Connection.php(292): mysqli->query('INSERT INTO `po...', 0)
#1 C:\xampp\htdocs\tesis\system\Database\BaseConnection.php(693): CodeIgniter\Database\MySQLi\Connection->execute('INSERT INTO `po...')
#2 C:\xampp\htdocs\tesis\system\Database\BaseConnection.php(620): CodeIgniter\Database\BaseConnection->simpleQuery('INSERT INTO `po...')
#3 C:\xampp\htdocs\tesis\system\Database\BaseBuilder.php(1916): CodeIgniter\Database\BaseConnection->query('INSERT INTO `po...', Array, false)
#4 C:\xampp\htdocs\tesis\system\Model.php(278): CodeIgniter\Database\BaseBuilder->insert()
#5 C:\xampp\htdocs\tesis\system\BaseModel.php(738): CodeIgniter\Model->doInsert(Array)
#6 C:\xampp\htdocs\tesis\system\Model.php(666): CodeIgniter\BaseModel->insert(Array, true)
#7 C:\xampp\htdocs\tesis\app\Controllers\Estudiante.php(128): CodeIgniter\Model->insert(Array)
#8 C:\xampp\htdocs\tesis\system\CodeIgniter.php(904): App\Controllers\Estudiante->formulario_guardar()
#9 C:\xampp\htdocs\tesis\system\CodeIgniter.php(457): CodeIgniter\CodeIgniter->runController(Object(App\Controllers\Estudiante))
#10 C:\xampp\htdocs\tesis\system\CodeIgniter.php(340): CodeIgniter\CodeIgniter->handleRequest(NULL, Object(Config\Cache), false)
#11 C:\xampp\htdocs\tesis\index.php(67): CodeIgniter\CodeIgniter->run()
#12 {main}
CRITICAL - 2022-08-20 23:10:09 --> Duplicate entry '0' for key 'PRIMARY'
in SYSTEMPATH\Database\MySQLi\Connection.php on line 292.
 1 SYSTEMPATH\Database\MySQLi\Connection.php(292): mysqli->query('INSERT INTO `postulacion` (`NUMERO_TELEFONO`, `EMAIL_PERSONAL_POSTULANTE`, `NIVEL_INGLES`, `LENGUA_SECUNDARIA`, `1RA_OPCION`, `2DA_OPCION`, `3RA_OPCION`, `ID_POSTULANTE`, `ID_CARRERA`, `ID_DETALLE_PREGUNTA`, `ID_MOVILIDAD`) VALUES (\'\', \'\', \'b2\', \'\', \'1\', \'1\', \'1\', \'2016419076\', \'419\', 3, 4)', 0)
 2 SYSTEMPATH\Database\BaseConnection.php(693): CodeIgniter\Database\MySQLi\Connection->execute('INSERT INTO `postulacion` (`NUMERO_TELEFONO`, `EMAIL_PERSONAL_POSTULANTE`, `NIVEL_INGLES`, `LENGUA_SECUNDARIA`, `1RA_OPCION`, `2DA_OPCION`, `3RA_OPCION`, `ID_POSTULANTE`, `ID_CARRERA`, `ID_DETALLE_PREGUNTA`, `ID_MOVILIDAD`) VALUES (\'\', \'\', \'b2\', \'\', \'1\', \'1\', \'1\', \'2016419076\', \'419\', 3, 4)')
 3 SYSTEMPATH\Database\BaseConnection.php(620): CodeIgniter\Database\BaseConnection->simpleQuery('INSERT INTO `postulacion` (`NUMERO_TELEFONO`, `EMAIL_PERSONAL_POSTULANTE`, `NIVEL_INGLES`, `LENGUA_SECUNDARIA`, `1RA_OPCION`, `2DA_OPCION`, `3RA_OPCION`, `ID_POSTULANTE`, `ID_CARRERA`, `ID_DETALLE_PREGUNTA`, `ID_MOVILIDAD`) VALUES (\'\', \'\', \'b2\', \'\', \'1\', \'1\', \'1\', \'2016419076\', \'419\', 3, 4)')
 4 SYSTEMPATH\Database\BaseBuilder.php(1916): CodeIgniter\Database\BaseConnection->query('INSERT INTO `postulacion` (`NUMERO_TELEFONO`, `EMAIL_PERSONAL_POSTULANTE`, `NIVEL_INGLES`, `LENGUA_SECUNDARIA`, `1RA_OPCION`, `2DA_OPCION`, `3RA_OPCION`, `ID_POSTULANTE`, `ID_CARRERA`, `ID_DETALLE_PREGUNTA`, `ID_MOVILIDAD`) VALUES (:NUMERO_TELEFONO:, :EMAIL_PERSONAL_POSTULANTE:, :NIVEL_INGLES:, :LENGUA_SECUNDARIA:, :1RA_OPCION:, :2DA_OPCION:, :3RA_OPCION:, :ID_POSTULANTE:, :ID_CARRERA:, :ID_DETALLE_PREGUNTA:, :ID_MOVILIDAD:)', [...], false)
 5 SYSTEMPATH\Model.php(278): CodeIgniter\Database\BaseBuilder->insert()
 6 SYSTEMPATH\BaseModel.php(738): CodeIgniter\Model->doInsert([...])
 7 SYSTEMPATH\Model.php(666): CodeIgniter\BaseModel->insert([...], true)
 8 APPPATH\Controllers\Estudiante.php(128): CodeIgniter\Model->insert([...])
 9 SYSTEMPATH\CodeIgniter.php(904): App\Controllers\Estudiante->formulario_guardar()
10 SYSTEMPATH\CodeIgniter.php(457): CodeIgniter\CodeIgniter->runController(Object(App\Controllers\Estudiante))
11 SYSTEMPATH\CodeIgniter.php(340): CodeIgniter\CodeIgniter->handleRequest(null, Object(Config\Cache), false)
12 FCPATH\index.php(67): CodeIgniter\CodeIgniter->run()
CRITICAL - 2022-08-20 23:58:19 --> Array to string conversion
in APPPATH\Controllers\Estudiante.php on line 126.
 1 APPPATH\Controllers\Estudiante.php(126): CodeIgniter\Debug\Exceptions->errorHandler(8, 'Array to string conversion', 'APPPATH\\Controllers\\Estudiante.php', 126, [...])
 2 SYSTEMPATH\CodeIgniter.php(904): App\Controllers\Estudiante->formulario_guardar()
 3 SYSTEMPATH\CodeIgniter.php(457): CodeIgniter\CodeIgniter->runController(Object(App\Controllers\Estudiante))
 4 SYSTEMPATH\CodeIgniter.php(340): CodeIgniter\CodeIgniter->handleRequest(null, Object(Config\Cache), false)
 5 FCPATH\index.php(67): CodeIgniter\CodeIgniter->run()
CRITICAL - 2022-08-20 23:59:22 --> Undefined variable: data
in APPPATH\Views\estudiante\ticket\correcto.php on line 48.
 1 APPPATH\Views\estudiante\ticket\correcto.php(48): CodeIgniter\Debug\Exceptions->errorHandler(8, 'Undefined variable: data', 'APPPATH\\Views\\estudiante\\ticket\\correcto.php', 48, [...])
 2 SYSTEMPATH\View\View.php(213): include('APPPATH\\Views\\estudiante\\ticket\\correcto.php')
 3 SYSTEMPATH\View\View.php(216): CodeIgniter\View\View->CodeIgniter\View\{closure}()
 4 SYSTEMPATH\Common.php(1137): CodeIgniter\View\View->render('estudiante/ticket/correcto', [], true)
 5 APPPATH\Controllers\Estudiante.php(124): view('estudiante/ticket/correcto', [...])
 6 SYSTEMPATH\CodeIgniter.php(904): App\Controllers\Estudiante->formulario_guardar()
 7 SYSTEMPATH\CodeIgniter.php(457): CodeIgniter\CodeIgniter->runController(Object(App\Controllers\Estudiante))
 8 SYSTEMPATH\CodeIgniter.php(340): CodeIgniter\CodeIgniter->handleRequest(null, Object(Config\Cache), false)
 9 FCPATH\index.php(67): CodeIgniter\CodeIgniter->run()
