ERROR - 2022-10-17 09:56:49 --> mysqli_sql_exception: Illegal parameter data types int and row for operation '=' in C:\xampp\htdocs\tesis\system\Database\MySQLi\Connection.php:292
Stack trace:
#0 C:\xampp\htdocs\tesis\system\Database\MySQLi\Connection.php(292): mysqli->query('SELECT *\nFROM `...', 0)
#1 C:\xampp\htdocs\tesis\system\Database\BaseConnection.php(693): CodeIgniter\Database\MySQLi\Connection->execute('SELECT *\nFROM `...')
#2 C:\xampp\htdocs\tesis\system\Database\BaseConnection.php(620): CodeIgniter\Database\BaseConnection->simpleQuery('SELECT *\nFROM `...')
#3 C:\xampp\htdocs\tesis\system\Database\BaseBuilder.php(1585): CodeIgniter\Database\BaseConnection->query('SELECT *\nFROM `...', Array, false)
#4 C:\xampp\htdocs\tesis\system\Model.php(222): CodeIgniter\Database\BaseBuilder->get()
#5 C:\xampp\htdocs\tesis\system\BaseModel.php(584): CodeIgniter\Model->doFindAll(0, 0)
#6 C:\xampp\htdocs\tesis\app\Controllers\Postulante.php(178): CodeIgniter\BaseModel->findAll()
#7 C:\xampp\htdocs\tesis\system\CodeIgniter.php(904): App\Controllers\Postulante->registro('58')
#8 C:\xampp\htdocs\tesis\system\CodeIgniter.php(457): CodeIgniter\CodeIgniter->runController(Object(App\Controllers\Postulante))
#9 C:\xampp\htdocs\tesis\system\CodeIgniter.php(340): CodeIgniter\CodeIgniter->handleRequest(NULL, Object(Config\Cache), false)
#10 C:\xampp\htdocs\tesis\index.php(67): CodeIgniter\CodeIgniter->run()
#11 {main}
CRITICAL - 2022-10-17 09:56:49 --> Illegal parameter data types int and row for operation '='
in SYSTEMPATH\Database\MySQLi\Connection.php on line 292.
 1 SYSTEMPATH\Database\MySQLi\Connection.php(292): mysqli->query('SELECT *
FROM `PREGUNTA`
WHERE `ID_PREGUNTA` = (\'6\',\'2\',\'202237\')', 0)
 2 SYSTEMPATH\Database\BaseConnection.php(693): CodeIgniter\Database\MySQLi\Connection->execute('SELECT *
FROM `PREGUNTA`
WHERE `ID_PREGUNTA` = (\'6\',\'2\',\'202237\')')
 3 SYSTEMPATH\Database\BaseConnection.php(620): CodeIgniter\Database\BaseConnection->simpleQuery('SELECT *
FROM `PREGUNTA`
WHERE `ID_PREGUNTA` = (\'6\',\'2\',\'202237\')')
 4 SYSTEMPATH\Database\BaseBuilder.php(1585): CodeIgniter\Database\BaseConnection->query('SELECT *
FROM `PREGUNTA`
WHERE `ID_PREGUNTA` = :ID_PREGUNTA:', [...], false)
 5 SYSTEMPATH\Model.php(222): CodeIgniter\Database\BaseBuilder->get()
 6 SYSTEMPATH\BaseModel.php(584): CodeIgniter\Model->doFindAll(0, 0)
 7 APPPATH\Controllers\Postulante.php(178): CodeIgniter\BaseModel->findAll()
 8 SYSTEMPATH\CodeIgniter.php(904): App\Controllers\Postulante->registro('58')
 9 SYSTEMPATH\CodeIgniter.php(457): CodeIgniter\CodeIgniter->runController(Object(App\Controllers\Postulante))
10 SYSTEMPATH\CodeIgniter.php(340): CodeIgniter\CodeIgniter->handleRequest(null, Object(Config\Cache), false)
11 FCPATH\index.php(67): CodeIgniter\CodeIgniter->run()
CRITICAL - 2022-10-17 10:00:12 --> Call to undefined function App\Controllers\first()
in APPPATH\Controllers\Postulante.php on line 178.
 1 SYSTEMPATH\CodeIgniter.php(904): App\Controllers\Postulante->registro('58')
 2 SYSTEMPATH\CodeIgniter.php(457): CodeIgniter\CodeIgniter->runController(Object(App\Controllers\Postulante))
 3 SYSTEMPATH\CodeIgniter.php(340): CodeIgniter\CodeIgniter->handleRequest(null, Object(Config\Cache), false)
 4 FCPATH\index.php(67): CodeIgniter\CodeIgniter->run()
ERROR - 2022-10-17 10:00:27 --> mysqli_sql_exception: Illegal parameter data types int and row for operation '=' in C:\xampp\htdocs\tesis\system\Database\MySQLi\Connection.php:292
Stack trace:
#0 C:\xampp\htdocs\tesis\system\Database\MySQLi\Connection.php(292): mysqli->query('SELECT *\nFROM `...', 0)
#1 C:\xampp\htdocs\tesis\system\Database\BaseConnection.php(693): CodeIgniter\Database\MySQLi\Connection->execute('SELECT *\nFROM `...')
#2 C:\xampp\htdocs\tesis\system\Database\BaseConnection.php(620): CodeIgniter\Database\BaseConnection->simpleQuery('SELECT *\nFROM `...')
#3 C:\xampp\htdocs\tesis\system\Database\BaseBuilder.php(1585): CodeIgniter\Database\BaseConnection->query('SELECT *\nFROM `...', Array, false)
#4 C:\xampp\htdocs\tesis\system\Model.php(249): CodeIgniter\Database\BaseBuilder->get()
#5 C:\xampp\htdocs\tesis\system\BaseModel.php(622): CodeIgniter\Model->doFirst()
#6 C:\xampp\htdocs\tesis\app\Controllers\Postulante.php(178): CodeIgniter\BaseModel->first()
#7 C:\xampp\htdocs\tesis\system\CodeIgniter.php(904): App\Controllers\Postulante->registro('58')
#8 C:\xampp\htdocs\tesis\system\CodeIgniter.php(457): CodeIgniter\CodeIgniter->runController(Object(App\Controllers\Postulante))
#9 C:\xampp\htdocs\tesis\system\CodeIgniter.php(340): CodeIgniter\CodeIgniter->handleRequest(NULL, Object(Config\Cache), false)
#10 C:\xampp\htdocs\tesis\index.php(67): CodeIgniter\CodeIgniter->run()
#11 {main}
CRITICAL - 2022-10-17 10:00:27 --> Illegal parameter data types int and row for operation '='
in SYSTEMPATH\Database\MySQLi\Connection.php on line 292.
 1 SYSTEMPATH\Database\MySQLi\Connection.php(292): mysqli->query('SELECT *
FROM `PREGUNTA`
WHERE `ID_PREGUNTA` = (\'6\',\'2\',\'202237\')
 LIMIT 1', 0)
 2 SYSTEMPATH\Database\BaseConnection.php(693): CodeIgniter\Database\MySQLi\Connection->execute('SELECT *
FROM `PREGUNTA`
WHERE `ID_PREGUNTA` = (\'6\',\'2\',\'202237\')
 LIMIT 1')
 3 SYSTEMPATH\Database\BaseConnection.php(620): CodeIgniter\Database\BaseConnection->simpleQuery('SELECT *
FROM `PREGUNTA`
WHERE `ID_PREGUNTA` = (\'6\',\'2\',\'202237\')
 LIMIT 1')
 4 SYSTEMPATH\Database\BaseBuilder.php(1585): CodeIgniter\Database\BaseConnection->query('SELECT *
FROM `PREGUNTA`
WHERE `ID_PREGUNTA` = :ID_PREGUNTA:
 LIMIT 1', [...], false)
 5 SYSTEMPATH\Model.php(249): CodeIgniter\Database\BaseBuilder->get()
 6 SYSTEMPATH\BaseModel.php(622): CodeIgniter\Model->doFirst()
 7 APPPATH\Controllers\Postulante.php(178): CodeIgniter\BaseModel->first()
 8 SYSTEMPATH\CodeIgniter.php(904): App\Controllers\Postulante->registro('58')
 9 SYSTEMPATH\CodeIgniter.php(457): CodeIgniter\CodeIgniter->runController(Object(App\Controllers\Postulante))
10 SYSTEMPATH\CodeIgniter.php(340): CodeIgniter\CodeIgniter->handleRequest(null, Object(Config\Cache), false)
11 FCPATH\index.php(67): CodeIgniter\CodeIgniter->run()
CRITICAL - 2022-10-17 10:03:51 --> Undefined variable: pregunta_respuesta
in APPPATH\Controllers\Postulante.php on line 299.
 1 APPPATH\Controllers\Postulante.php(299): CodeIgniter\Debug\Exceptions->errorHandler(8, 'Undefined variable: pregunta_respuesta', 'APPPATH\\Controllers\\Postulante.php', 299, [...])
 2 SYSTEMPATH\CodeIgniter.php(904): App\Controllers\Postulante->registro('58')
 3 SYSTEMPATH\CodeIgniter.php(457): CodeIgniter\CodeIgniter->runController(Object(App\Controllers\Postulante))
 4 SYSTEMPATH\CodeIgniter.php(340): CodeIgniter\CodeIgniter->handleRequest(null, Object(Config\Cache), false)
 5 FCPATH\index.php(67): CodeIgniter\CodeIgniter->run()
CRITICAL - 2022-10-17 10:17:31 --> Undefined variable: pregunta_respuesta
in APPPATH\Controllers\Postulante.php on line 299.
 1 APPPATH\Controllers\Postulante.php(299): CodeIgniter\Debug\Exceptions->errorHandler(8, 'Undefined variable: pregunta_respuesta', 'APPPATH\\Controllers\\Postulante.php', 299, [...])
 2 SYSTEMPATH\CodeIgniter.php(904): App\Controllers\Postulante->registro('58')
 3 SYSTEMPATH\CodeIgniter.php(457): CodeIgniter\CodeIgniter->runController(Object(App\Controllers\Postulante))
 4 SYSTEMPATH\CodeIgniter.php(340): CodeIgniter\CodeIgniter->handleRequest(null, Object(Config\Cache), false)
 5 FCPATH\index.php(67): CodeIgniter\CodeIgniter->run()
CRITICAL - 2022-10-17 10:33:56 --> Undefined variable: pregunta_respuesta
in APPPATH\Controllers\Postulante.php on line 299.
 1 APPPATH\Controllers\Postulante.php(299): CodeIgniter\Debug\Exceptions->errorHandler(8, 'Undefined variable: pregunta_respuesta', 'APPPATH\\Controllers\\Postulante.php', 299, [...])
 2 SYSTEMPATH\CodeIgniter.php(904): App\Controllers\Postulante->registro('58')
 3 SYSTEMPATH\CodeIgniter.php(457): CodeIgniter\CodeIgniter->runController(Object(App\Controllers\Postulante))
 4 SYSTEMPATH\CodeIgniter.php(340): CodeIgniter\CodeIgniter->handleRequest(null, Object(Config\Cache), false)
 5 FCPATH\index.php(67): CodeIgniter\CodeIgniter->run()
CRITICAL - 2022-10-17 12:04:03 --> Undefined index: ID_POSTULACION
in APPPATH\Controllers\Postulante.php on line 188.
 1 APPPATH\Controllers\Postulante.php(188): CodeIgniter\Debug\Exceptions->errorHandler(8, 'Undefined index: ID_POSTULACION', 'APPPATH\\Controllers\\Postulante.php', 188, [...])
 2 SYSTEMPATH\CodeIgniter.php(904): App\Controllers\Postulante->registro('58')
 3 SYSTEMPATH\CodeIgniter.php(457): CodeIgniter\CodeIgniter->runController(Object(App\Controllers\Postulante))
 4 SYSTEMPATH\CodeIgniter.php(340): CodeIgniter\CodeIgniter->handleRequest(null, Object(Config\Cache), false)
 5 FCPATH\index.php(67): CodeIgniter\CodeIgniter->run()
CRITICAL - 2022-10-17 12:07:04 --> var_dump() expects at least 1 parameter, 0 given
in APPPATH\Controllers\Postulante.php on line 188.
 1 [internal function]: CodeIgniter\Debug\Exceptions->errorHandler(2, 'var_dump() expects at least 1 parameter, 0 given', 'APPPATH\\Controllers\\Postulante.php', 188, [...])
 2 APPPATH\Controllers\Postulante.php(188): var_dump()
 3 SYSTEMPATH\CodeIgniter.php(904): App\Controllers\Postulante->registro('58')
 4 SYSTEMPATH\CodeIgniter.php(457): CodeIgniter\CodeIgniter->runController(Object(App\Controllers\Postulante))
 5 SYSTEMPATH\CodeIgniter.php(340): CodeIgniter\CodeIgniter->handleRequest(null, Object(Config\Cache), false)
 6 FCPATH\index.php(67): CodeIgniter\CodeIgniter->run()
CRITICAL - 2022-10-17 12:07:16 --> Undefined index: ID_POSTULACION
in APPPATH\Controllers\Postulante.php on line 190.
 1 APPPATH\Controllers\Postulante.php(190): CodeIgniter\Debug\Exceptions->errorHandler(8, 'Undefined index: ID_POSTULACION', 'APPPATH\\Controllers\\Postulante.php', 190, [...])
 2 SYSTEMPATH\CodeIgniter.php(904): App\Controllers\Postulante->registro('58')
 3 SYSTEMPATH\CodeIgniter.php(457): CodeIgniter\CodeIgniter->runController(Object(App\Controllers\Postulante))
 4 SYSTEMPATH\CodeIgniter.php(340): CodeIgniter\CodeIgniter->handleRequest(null, Object(Config\Cache), false)
 5 FCPATH\index.php(67): CodeIgniter\CodeIgniter->run()
CRITICAL - 2022-10-17 12:16:03 --> Undefined index: ID_POSTULACION
in APPPATH\Controllers\Postulante.php on line 190.
 1 APPPATH\Controllers\Postulante.php(190): CodeIgniter\Debug\Exceptions->errorHandler(8, 'Undefined index: ID_POSTULACION', 'APPPATH\\Controllers\\Postulante.php', 190, [...])
 2 SYSTEMPATH\CodeIgniter.php(904): App\Controllers\Postulante->registro('58')
 3 SYSTEMPATH\CodeIgniter.php(457): CodeIgniter\CodeIgniter->runController(Object(App\Controllers\Postulante))
 4 SYSTEMPATH\CodeIgniter.php(340): CodeIgniter\CodeIgniter->handleRequest(null, Object(Config\Cache), false)
 5 FCPATH\index.php(67): CodeIgniter\CodeIgniter->run()
CRITICAL - 2022-10-17 12:16:30 --> Undefined index: ID_POSTULACION
in APPPATH\Controllers\Postulante.php on line 190.
 1 APPPATH\Controllers\Postulante.php(190): CodeIgniter\Debug\Exceptions->errorHandler(8, 'Undefined index: ID_POSTULACION', 'APPPATH\\Controllers\\Postulante.php', 190, [...])
 2 SYSTEMPATH\CodeIgniter.php(904): App\Controllers\Postulante->registro('58')
 3 SYSTEMPATH\CodeIgniter.php(457): CodeIgniter\CodeIgniter->runController(Object(App\Controllers\Postulante))
 4 SYSTEMPATH\CodeIgniter.php(340): CodeIgniter\CodeIgniter->handleRequest(null, Object(Config\Cache), false)
 5 FCPATH\index.php(67): CodeIgniter\CodeIgniter->run()
CRITICAL - 2022-10-17 12:16:35 --> Undefined index: ID_POSTULACION
in APPPATH\Controllers\Postulante.php on line 190.
 1 APPPATH\Controllers\Postulante.php(190): CodeIgniter\Debug\Exceptions->errorHandler(8, 'Undefined index: ID_POSTULACION', 'APPPATH\\Controllers\\Postulante.php', 190, [...])
 2 SYSTEMPATH\CodeIgniter.php(904): App\Controllers\Postulante->registro('58')
 3 SYSTEMPATH\CodeIgniter.php(457): CodeIgniter\CodeIgniter->runController(Object(App\Controllers\Postulante))
 4 SYSTEMPATH\CodeIgniter.php(340): CodeIgniter\CodeIgniter->handleRequest(null, Object(Config\Cache), false)
 5 FCPATH\index.php(67): CodeIgniter\CodeIgniter->run()
CRITICAL - 2022-10-17 12:16:35 --> Undefined index: ID_POSTULACION
in APPPATH\Controllers\Postulante.php on line 190.
 1 APPPATH\Controllers\Postulante.php(190): CodeIgniter\Debug\Exceptions->errorHandler(8, 'Undefined index: ID_POSTULACION', 'APPPATH\\Controllers\\Postulante.php', 190, [...])
 2 SYSTEMPATH\CodeIgniter.php(904): App\Controllers\Postulante->registro('58')
 3 SYSTEMPATH\CodeIgniter.php(457): CodeIgniter\CodeIgniter->runController(Object(App\Controllers\Postulante))
 4 SYSTEMPATH\CodeIgniter.php(340): CodeIgniter\CodeIgniter->handleRequest(null, Object(Config\Cache), false)
 5 FCPATH\index.php(67): CodeIgniter\CodeIgniter->run()
CRITICAL - 2022-10-17 12:16:36 --> Undefined index: ID_POSTULACION
in APPPATH\Controllers\Postulante.php on line 190.
 1 APPPATH\Controllers\Postulante.php(190): CodeIgniter\Debug\Exceptions->errorHandler(8, 'Undefined index: ID_POSTULACION', 'APPPATH\\Controllers\\Postulante.php', 190, [...])
 2 SYSTEMPATH\CodeIgniter.php(904): App\Controllers\Postulante->registro('58')
 3 SYSTEMPATH\CodeIgniter.php(457): CodeIgniter\CodeIgniter->runController(Object(App\Controllers\Postulante))
 4 SYSTEMPATH\CodeIgniter.php(340): CodeIgniter\CodeIgniter->handleRequest(null, Object(Config\Cache), false)
 5 FCPATH\index.php(67): CodeIgniter\CodeIgniter->run()
CRITICAL - 2022-10-17 12:16:36 --> Undefined index: ID_POSTULACION
in APPPATH\Controllers\Postulante.php on line 190.
 1 APPPATH\Controllers\Postulante.php(190): CodeIgniter\Debug\Exceptions->errorHandler(8, 'Undefined index: ID_POSTULACION', 'APPPATH\\Controllers\\Postulante.php', 190, [...])
 2 SYSTEMPATH\CodeIgniter.php(904): App\Controllers\Postulante->registro('58')
 3 SYSTEMPATH\CodeIgniter.php(457): CodeIgniter\CodeIgniter->runController(Object(App\Controllers\Postulante))
 4 SYSTEMPATH\CodeIgniter.php(340): CodeIgniter\CodeIgniter->handleRequest(null, Object(Config\Cache), false)
 5 FCPATH\index.php(67): CodeIgniter\CodeIgniter->run()
CRITICAL - 2022-10-17 12:16:37 --> Undefined index: ID_POSTULACION
in APPPATH\Controllers\Postulante.php on line 190.
 1 APPPATH\Controllers\Postulante.php(190): CodeIgniter\Debug\Exceptions->errorHandler(8, 'Undefined index: ID_POSTULACION', 'APPPATH\\Controllers\\Postulante.php', 190, [...])
 2 SYSTEMPATH\CodeIgniter.php(904): App\Controllers\Postulante->registro('58')
 3 SYSTEMPATH\CodeIgniter.php(457): CodeIgniter\CodeIgniter->runController(Object(App\Controllers\Postulante))
 4 SYSTEMPATH\CodeIgniter.php(340): CodeIgniter\CodeIgniter->handleRequest(null, Object(Config\Cache), false)
 5 FCPATH\index.php(67): CodeIgniter\CodeIgniter->run()
CRITICAL - 2022-10-17 12:16:37 --> Undefined index: ID_POSTULACION
in APPPATH\Controllers\Postulante.php on line 190.
 1 APPPATH\Controllers\Postulante.php(190): CodeIgniter\Debug\Exceptions->errorHandler(8, 'Undefined index: ID_POSTULACION', 'APPPATH\\Controllers\\Postulante.php', 190, [...])
 2 SYSTEMPATH\CodeIgniter.php(904): App\Controllers\Postulante->registro('58')
 3 SYSTEMPATH\CodeIgniter.php(457): CodeIgniter\CodeIgniter->runController(Object(App\Controllers\Postulante))
 4 SYSTEMPATH\CodeIgniter.php(340): CodeIgniter\CodeIgniter->handleRequest(null, Object(Config\Cache), false)
 5 FCPATH\index.php(67): CodeIgniter\CodeIgniter->run()
CRITICAL - 2022-10-17 12:16:37 --> Undefined index: ID_POSTULACION
in APPPATH\Controllers\Postulante.php on line 190.
 1 APPPATH\Controllers\Postulante.php(190): CodeIgniter\Debug\Exceptions->errorHandler(8, 'Undefined index: ID_POSTULACION', 'APPPATH\\Controllers\\Postulante.php', 190, [...])
 2 SYSTEMPATH\CodeIgniter.php(904): App\Controllers\Postulante->registro('58')
 3 SYSTEMPATH\CodeIgniter.php(457): CodeIgniter\CodeIgniter->runController(Object(App\Controllers\Postulante))
 4 SYSTEMPATH\CodeIgniter.php(340): CodeIgniter\CodeIgniter->handleRequest(null, Object(Config\Cache), false)
 5 FCPATH\index.php(67): CodeIgniter\CodeIgniter->run()
CRITICAL - 2022-10-17 12:16:38 --> Undefined index: ID_POSTULACION
in APPPATH\Controllers\Postulante.php on line 190.
 1 APPPATH\Controllers\Postulante.php(190): CodeIgniter\Debug\Exceptions->errorHandler(8, 'Undefined index: ID_POSTULACION', 'APPPATH\\Controllers\\Postulante.php', 190, [...])
 2 SYSTEMPATH\CodeIgniter.php(904): App\Controllers\Postulante->registro('58')
 3 SYSTEMPATH\CodeIgniter.php(457): CodeIgniter\CodeIgniter->runController(Object(App\Controllers\Postulante))
 4 SYSTEMPATH\CodeIgniter.php(340): CodeIgniter\CodeIgniter->handleRequest(null, Object(Config\Cache), false)
 5 FCPATH\index.php(67): CodeIgniter\CodeIgniter->run()
CRITICAL - 2022-10-17 12:16:38 --> Undefined index: ID_POSTULACION
in APPPATH\Controllers\Postulante.php on line 190.
 1 APPPATH\Controllers\Postulante.php(190): CodeIgniter\Debug\Exceptions->errorHandler(8, 'Undefined index: ID_POSTULACION', 'APPPATH\\Controllers\\Postulante.php', 190, [...])
 2 SYSTEMPATH\CodeIgniter.php(904): App\Controllers\Postulante->registro('58')
 3 SYSTEMPATH\CodeIgniter.php(457): CodeIgniter\CodeIgniter->runController(Object(App\Controllers\Postulante))
 4 SYSTEMPATH\CodeIgniter.php(340): CodeIgniter\CodeIgniter->handleRequest(null, Object(Config\Cache), false)
 5 FCPATH\index.php(67): CodeIgniter\CodeIgniter->run()
CRITICAL - 2022-10-17 12:23:25 --> Undefined index: ID_POSTULACION
in APPPATH\Controllers\Postulante.php on line 192.
 1 APPPATH\Controllers\Postulante.php(192): CodeIgniter\Debug\Exceptions->errorHandler(8, 'Undefined index: ID_POSTULACION', 'APPPATH\\Controllers\\Postulante.php', 192, [...])
 2 SYSTEMPATH\CodeIgniter.php(904): App\Controllers\Postulante->registro('58')
 3 SYSTEMPATH\CodeIgniter.php(457): CodeIgniter\CodeIgniter->runController(Object(App\Controllers\Postulante))
 4 SYSTEMPATH\CodeIgniter.php(340): CodeIgniter\CodeIgniter->handleRequest(null, Object(Config\Cache), false)
 5 FCPATH\index.php(67): CodeIgniter\CodeIgniter->run()
CRITICAL - 2022-10-17 13:16:13 --> Class 'App\Controllers\PreguntaMutlipleModel' not found
in APPPATH\Controllers\Postulante.php on line 138.
 1 SYSTEMPATH\CodeIgniter.php(904): App\Controllers\Postulante->registro('58')
 2 SYSTEMPATH\CodeIgniter.php(457): CodeIgniter\CodeIgniter->runController(Object(App\Controllers\Postulante))
 3 SYSTEMPATH\CodeIgniter.php(340): CodeIgniter\CodeIgniter->handleRequest(null, Object(Config\Cache), false)
 4 FCPATH\index.php(67): CodeIgniter\CodeIgniter->run()
CRITICAL - 2022-10-17 13:16:56 --> Class 'App\Controllers\PreguntaMutlipleModel' not found
in APPPATH\Controllers\Postulante.php on line 139.
 1 SYSTEMPATH\CodeIgniter.php(904): App\Controllers\Postulante->registro('58')
 2 SYSTEMPATH\CodeIgniter.php(457): CodeIgniter\CodeIgniter->runController(Object(App\Controllers\Postulante))
 3 SYSTEMPATH\CodeIgniter.php(340): CodeIgniter\CodeIgniter->handleRequest(null, Object(Config\Cache), false)
 4 FCPATH\index.php(67): CodeIgniter\CodeIgniter->run()
CRITICAL - 2022-10-17 13:17:19 --> Class 'App\Controllers\PreguntaMutlipleModel' not found
in APPPATH\Controllers\Postulante.php on line 139.
 1 SYSTEMPATH\CodeIgniter.php(904): App\Controllers\Postulante->registro('58')
 2 SYSTEMPATH\CodeIgniter.php(457): CodeIgniter\CodeIgniter->runController(Object(App\Controllers\Postulante))
 3 SYSTEMPATH\CodeIgniter.php(340): CodeIgniter\CodeIgniter->handleRequest(null, Object(Config\Cache), false)
 4 FCPATH\index.php(67): CodeIgniter\CodeIgniter->run()
CRITICAL - 2022-10-17 22:11:12 --> Class 'App\Controllers\PreguntaMutlipleModel' not found
in APPPATH\Controllers\Estudiante.php on line 163.
 1 SYSTEMPATH\CodeIgniter.php(904): App\Controllers\Estudiante->formulario()
 2 SYSTEMPATH\CodeIgniter.php(457): CodeIgniter\CodeIgniter->runController(Object(App\Controllers\Estudiante))
 3 SYSTEMPATH\CodeIgniter.php(340): CodeIgniter\CodeIgniter->handleRequest(null, Object(Config\Cache), false)
 4 FCPATH\index.php(67): CodeIgniter\CodeIgniter->run()
CRITICAL - 2022-10-17 22:11:56 --> Class 'App\Controllers\PreguntaMutlipleModel' not found
in APPPATH\Controllers\Estudiante.php on line 163.
 1 SYSTEMPATH\CodeIgniter.php(904): App\Controllers\Estudiante->formulario()
 2 SYSTEMPATH\CodeIgniter.php(457): CodeIgniter\CodeIgniter->runController(Object(App\Controllers\Estudiante))
 3 SYSTEMPATH\CodeIgniter.php(340): CodeIgniter\CodeIgniter->handleRequest(null, Object(Config\Cache), false)
 4 FCPATH\index.php(67): CodeIgniter\CodeIgniter->run()
CRITICAL - 2022-10-17 22:12:04 --> Class 'App\Controllers\PreguntaMutlipleModel' not found
in APPPATH\Controllers\Estudiante.php on line 163.
 1 SYSTEMPATH\CodeIgniter.php(904): App\Controllers\Estudiante->formulario()
 2 SYSTEMPATH\CodeIgniter.php(457): CodeIgniter\CodeIgniter->runController(Object(App\Controllers\Estudiante))
 3 SYSTEMPATH\CodeIgniter.php(340): CodeIgniter\CodeIgniter->handleRequest(null, Object(Config\Cache), false)
 4 FCPATH\index.php(67): CodeIgniter\CodeIgniter->run()
CRITICAL - 2022-10-17 22:12:43 --> Class 'App\Controllers\PreguntaMutlipleModel' not found
in APPPATH\Controllers\Estudiante.php on line 163.
 1 SYSTEMPATH\CodeIgniter.php(904): App\Controllers\Estudiante->formulario()
 2 SYSTEMPATH\CodeIgniter.php(457): CodeIgniter\CodeIgniter->runController(Object(App\Controllers\Estudiante))
 3 SYSTEMPATH\CodeIgniter.php(340): CodeIgniter\CodeIgniter->handleRequest(null, Object(Config\Cache), false)
 4 FCPATH\index.php(67): CodeIgniter\CodeIgniter->run()
CRITICAL - 2022-10-17 22:14:05 --> Class 'App\Controllers\PreguntaMutlipleModel' not found
in APPPATH\Controllers\Estudiante.php on line 163.
 1 SYSTEMPATH\CodeIgniter.php(904): App\Controllers\Estudiante->formulario()
 2 SYSTEMPATH\CodeIgniter.php(457): CodeIgniter\CodeIgniter->runController(Object(App\Controllers\Estudiante))
 3 SYSTEMPATH\CodeIgniter.php(340): CodeIgniter\CodeIgniter->handleRequest(null, Object(Config\Cache), false)
 4 FCPATH\index.php(67): CodeIgniter\CodeIgniter->run()
ERROR - 2022-10-17 22:15:47 --> mysqli_sql_exception: Unknown column 'ID_CARRERA' in 'field list' in C:\xampp\htdocs\tesis\system\Database\MySQLi\Connection.php:292
Stack trace:
#0 C:\xampp\htdocs\tesis\system\Database\MySQLi\Connection.php(292): mysqli->query('INSERT INTO `po...', 0)
#1 C:\xampp\htdocs\tesis\system\Database\BaseConnection.php(693): CodeIgniter\Database\MySQLi\Connection->execute('INSERT INTO `po...')
#2 C:\xampp\htdocs\tesis\system\Database\BaseConnection.php(620): CodeIgniter\Database\BaseConnection->simpleQuery('INSERT INTO `po...')
#3 C:\xampp\htdocs\tesis\system\Database\BaseBuilder.php(1916): CodeIgniter\Database\BaseConnection->query('INSERT INTO `po...', Array, false)
#4 C:\xampp\htdocs\tesis\system\Model.php(278): CodeIgniter\Database\BaseBuilder->insert()
#5 C:\xampp\htdocs\tesis\system\BaseModel.php(738): CodeIgniter\Model->doInsert(Array)
#6 C:\xampp\htdocs\tesis\system\Model.php(666): CodeIgniter\BaseModel->insert(Array, true)
#7 C:\xampp\htdocs\tesis\app\Controllers\Estudiante.php(245): CodeIgniter\Model->insert(Array)
#8 C:\xampp\htdocs\tesis\system\CodeIgniter.php(904): App\Controllers\Estudiante->guardar()
#9 C:\xampp\htdocs\tesis\system\CodeIgniter.php(457): CodeIgniter\CodeIgniter->runController(Object(App\Controllers\Estudiante))
#10 C:\xampp\htdocs\tesis\system\CodeIgniter.php(340): CodeIgniter\CodeIgniter->handleRequest(NULL, Object(Config\Cache), false)
#11 C:\xampp\htdocs\tesis\index.php(67): CodeIgniter\CodeIgniter->run()
#12 {main}
CRITICAL - 2022-10-17 22:15:47 --> Unknown column 'ID_CARRERA' in 'field list'
in SYSTEMPATH\Database\MySQLi\Connection.php on line 292.
 1 SYSTEMPATH\Database\MySQLi\Connection.php(292): mysqli->query('INSERT INTO `postulacion` (`NACIONALIDAD`, `NUMERO_TELEFONO`, `EMAIL_PERSONAL_POSTULANTE`, `NIVEL_INGLES`, `LENGUA_SECUNDARIA`, `1RA_OPCION`, `2DA_OPCION`, `3RA_OPCION`, `ESTADO_POSTULACION`, `ID_CARRERA`, `ID_DETALLE_PREGUNTA`, `ID_MOVILIDAD`, `ID_CONVOCATORIA`) VALUES (\'Chilena\', \'989896187\', \'a@gmail.com\', \'Inglés B2\', 1, \'16\', \'16\', \'16\', \'Neutro\', \'419\', 3, 4, \'202239\')', 0)
 2 SYSTEMPATH\Database\BaseConnection.php(693): CodeIgniter\Database\MySQLi\Connection->execute('INSERT INTO `postulacion` (`NACIONALIDAD`, `NUMERO_TELEFONO`, `EMAIL_PERSONAL_POSTULANTE`, `NIVEL_INGLES`, `LENGUA_SECUNDARIA`, `1RA_OPCION`, `2DA_OPCION`, `3RA_OPCION`, `ESTADO_POSTULACION`, `ID_CARRERA`, `ID_DETALLE_PREGUNTA`, `ID_MOVILIDAD`, `ID_CONVOCATORIA`) VALUES (\'Chilena\', \'989896187\', \'a@gmail.com\', \'Inglés B2\', 1, \'16\', \'16\', \'16\', \'Neutro\', \'419\', 3, 4, \'202239\')')
 3 SYSTEMPATH\Database\BaseConnection.php(620): CodeIgniter\Database\BaseConnection->simpleQuery('INSERT INTO `postulacion` (`NACIONALIDAD`, `NUMERO_TELEFONO`, `EMAIL_PERSONAL_POSTULANTE`, `NIVEL_INGLES`, `LENGUA_SECUNDARIA`, `1RA_OPCION`, `2DA_OPCION`, `3RA_OPCION`, `ESTADO_POSTULACION`, `ID_CARRERA`, `ID_DETALLE_PREGUNTA`, `ID_MOVILIDAD`, `ID_CONVOCATORIA`) VALUES (\'Chilena\', \'989896187\', \'a@gmail.com\', \'Inglés B2\', 1, \'16\', \'16\', \'16\', \'Neutro\', \'419\', 3, 4, \'202239\')')
 4 SYSTEMPATH\Database\BaseBuilder.php(1916): CodeIgniter\Database\BaseConnection->query('INSERT INTO `postulacion` (`NACIONALIDAD`, `NUMERO_TELEFONO`, `EMAIL_PERSONAL_POSTULANTE`, `NIVEL_INGLES`, `LENGUA_SECUNDARIA`, `1RA_OPCION`, `2DA_OPCION`, `3RA_OPCION`, `ESTADO_POSTULACION`, `ID_CARRERA`, `ID_DETALLE_PREGUNTA`, `ID_MOVILIDAD`, `ID_CONVOCATORIA`) VALUES (:NACIONALIDAD:, :NUMERO_TELEFONO:, :EMAIL_PERSONAL_POSTULANTE:, :NIVEL_INGLES:, :LENGUA_SECUNDARIA:, :1RA_OPCION:, :2DA_OPCION:, :3RA_OPCION:, :ESTADO_POSTULACION:, :ID_CARRERA:, :ID_DETALLE_PREGUNTA:, :ID_MOVILIDAD:, :ID_CONVOCATORIA:)', [...], false)
 5 SYSTEMPATH\Model.php(278): CodeIgniter\Database\BaseBuilder->insert()
 6 SYSTEMPATH\BaseModel.php(738): CodeIgniter\Model->doInsert([...])
 7 SYSTEMPATH\Model.php(666): CodeIgniter\BaseModel->insert([...], true)
 8 APPPATH\Controllers\Estudiante.php(245): CodeIgniter\Model->insert([...])
 9 SYSTEMPATH\CodeIgniter.php(904): App\Controllers\Estudiante->guardar()
10 SYSTEMPATH\CodeIgniter.php(457): CodeIgniter\CodeIgniter->runController(Object(App\Controllers\Estudiante))
11 SYSTEMPATH\CodeIgniter.php(340): CodeIgniter\CodeIgniter->handleRequest(null, Object(Config\Cache), false)
12 FCPATH\index.php(67): CodeIgniter\CodeIgniter->run()
ERROR - 2022-10-17 22:15:59 --> mysqli_sql_exception: Unknown column 'ID_CARRERA' in 'field list' in C:\xampp\htdocs\tesis\system\Database\MySQLi\Connection.php:292
Stack trace:
#0 C:\xampp\htdocs\tesis\system\Database\MySQLi\Connection.php(292): mysqli->query('INSERT INTO `po...', 0)
#1 C:\xampp\htdocs\tesis\system\Database\BaseConnection.php(693): CodeIgniter\Database\MySQLi\Connection->execute('INSERT INTO `po...')
#2 C:\xampp\htdocs\tesis\system\Database\BaseConnection.php(620): CodeIgniter\Database\BaseConnection->simpleQuery('INSERT INTO `po...')
#3 C:\xampp\htdocs\tesis\system\Database\BaseBuilder.php(1916): CodeIgniter\Database\BaseConnection->query('INSERT INTO `po...', Array, false)
#4 C:\xampp\htdocs\tesis\system\Model.php(278): CodeIgniter\Database\BaseBuilder->insert()
#5 C:\xampp\htdocs\tesis\system\BaseModel.php(738): CodeIgniter\Model->doInsert(Array)
#6 C:\xampp\htdocs\tesis\system\Model.php(666): CodeIgniter\BaseModel->insert(Array, true)
#7 C:\xampp\htdocs\tesis\app\Controllers\Estudiante.php(245): CodeIgniter\Model->insert(Array)
#8 C:\xampp\htdocs\tesis\system\CodeIgniter.php(904): App\Controllers\Estudiante->guardar()
#9 C:\xampp\htdocs\tesis\system\CodeIgniter.php(457): CodeIgniter\CodeIgniter->runController(Object(App\Controllers\Estudiante))
#10 C:\xampp\htdocs\tesis\system\CodeIgniter.php(340): CodeIgniter\CodeIgniter->handleRequest(NULL, Object(Config\Cache), false)
#11 C:\xampp\htdocs\tesis\index.php(67): CodeIgniter\CodeIgniter->run()
#12 {main}
CRITICAL - 2022-10-17 22:15:59 --> Unknown column 'ID_CARRERA' in 'field list'
in SYSTEMPATH\Database\MySQLi\Connection.php on line 292.
 1 SYSTEMPATH\Database\MySQLi\Connection.php(292): mysqli->query('INSERT INTO `postulacion` (`NACIONALIDAD`, `NUMERO_TELEFONO`, `EMAIL_PERSONAL_POSTULANTE`, `NIVEL_INGLES`, `LENGUA_SECUNDARIA`, `1RA_OPCION`, `2DA_OPCION`, `3RA_OPCION`, `ESTADO_POSTULACION`, `ID_CARRERA`, `ID_DETALLE_PREGUNTA`, `ID_MOVILIDAD`, `ID_CONVOCATORIA`) VALUES (\'Chilena\', \'989896187\', \'a@gmail.com\', \'Inglés B2\', 1, \'16\', \'16\', \'16\', \'Neutro\', \'419\', 3, 4, \'202239\')', 0)
 2 SYSTEMPATH\Database\BaseConnection.php(693): CodeIgniter\Database\MySQLi\Connection->execute('INSERT INTO `postulacion` (`NACIONALIDAD`, `NUMERO_TELEFONO`, `EMAIL_PERSONAL_POSTULANTE`, `NIVEL_INGLES`, `LENGUA_SECUNDARIA`, `1RA_OPCION`, `2DA_OPCION`, `3RA_OPCION`, `ESTADO_POSTULACION`, `ID_CARRERA`, `ID_DETALLE_PREGUNTA`, `ID_MOVILIDAD`, `ID_CONVOCATORIA`) VALUES (\'Chilena\', \'989896187\', \'a@gmail.com\', \'Inglés B2\', 1, \'16\', \'16\', \'16\', \'Neutro\', \'419\', 3, 4, \'202239\')')
 3 SYSTEMPATH\Database\BaseConnection.php(620): CodeIgniter\Database\BaseConnection->simpleQuery('INSERT INTO `postulacion` (`NACIONALIDAD`, `NUMERO_TELEFONO`, `EMAIL_PERSONAL_POSTULANTE`, `NIVEL_INGLES`, `LENGUA_SECUNDARIA`, `1RA_OPCION`, `2DA_OPCION`, `3RA_OPCION`, `ESTADO_POSTULACION`, `ID_CARRERA`, `ID_DETALLE_PREGUNTA`, `ID_MOVILIDAD`, `ID_CONVOCATORIA`) VALUES (\'Chilena\', \'989896187\', \'a@gmail.com\', \'Inglés B2\', 1, \'16\', \'16\', \'16\', \'Neutro\', \'419\', 3, 4, \'202239\')')
 4 SYSTEMPATH\Database\BaseBuilder.php(1916): CodeIgniter\Database\BaseConnection->query('INSERT INTO `postulacion` (`NACIONALIDAD`, `NUMERO_TELEFONO`, `EMAIL_PERSONAL_POSTULANTE`, `NIVEL_INGLES`, `LENGUA_SECUNDARIA`, `1RA_OPCION`, `2DA_OPCION`, `3RA_OPCION`, `ESTADO_POSTULACION`, `ID_CARRERA`, `ID_DETALLE_PREGUNTA`, `ID_MOVILIDAD`, `ID_CONVOCATORIA`) VALUES (:NACIONALIDAD:, :NUMERO_TELEFONO:, :EMAIL_PERSONAL_POSTULANTE:, :NIVEL_INGLES:, :LENGUA_SECUNDARIA:, :1RA_OPCION:, :2DA_OPCION:, :3RA_OPCION:, :ESTADO_POSTULACION:, :ID_CARRERA:, :ID_DETALLE_PREGUNTA:, :ID_MOVILIDAD:, :ID_CONVOCATORIA:)', [...], false)
 5 SYSTEMPATH\Model.php(278): CodeIgniter\Database\BaseBuilder->insert()
 6 SYSTEMPATH\BaseModel.php(738): CodeIgniter\Model->doInsert([...])
 7 SYSTEMPATH\Model.php(666): CodeIgniter\BaseModel->insert([...], true)
 8 APPPATH\Controllers\Estudiante.php(245): CodeIgniter\Model->insert([...])
 9 SYSTEMPATH\CodeIgniter.php(904): App\Controllers\Estudiante->guardar()
10 SYSTEMPATH\CodeIgniter.php(457): CodeIgniter\CodeIgniter->runController(Object(App\Controllers\Estudiante))
11 SYSTEMPATH\CodeIgniter.php(340): CodeIgniter\CodeIgniter->handleRequest(null, Object(Config\Cache), false)
12 FCPATH\index.php(67): CodeIgniter\CodeIgniter->run()
ERROR - 2022-10-17 22:16:18 --> mysqli_sql_exception: Unknown column 'ID_CARRERA' in 'field list' in C:\xampp\htdocs\tesis\system\Database\MySQLi\Connection.php:292
Stack trace:
#0 C:\xampp\htdocs\tesis\system\Database\MySQLi\Connection.php(292): mysqli->query('INSERT INTO `po...', 0)
#1 C:\xampp\htdocs\tesis\system\Database\BaseConnection.php(693): CodeIgniter\Database\MySQLi\Connection->execute('INSERT INTO `po...')
#2 C:\xampp\htdocs\tesis\system\Database\BaseConnection.php(620): CodeIgniter\Database\BaseConnection->simpleQuery('INSERT INTO `po...')
#3 C:\xampp\htdocs\tesis\system\Database\BaseBuilder.php(1916): CodeIgniter\Database\BaseConnection->query('INSERT INTO `po...', Array, false)
#4 C:\xampp\htdocs\tesis\system\Model.php(278): CodeIgniter\Database\BaseBuilder->insert()
#5 C:\xampp\htdocs\tesis\system\BaseModel.php(738): CodeIgniter\Model->doInsert(Array)
#6 C:\xampp\htdocs\tesis\system\Model.php(666): CodeIgniter\BaseModel->insert(Array, true)
#7 C:\xampp\htdocs\tesis\app\Controllers\Estudiante.php(245): CodeIgniter\Model->insert(Array)
#8 C:\xampp\htdocs\tesis\system\CodeIgniter.php(904): App\Controllers\Estudiante->guardar()
#9 C:\xampp\htdocs\tesis\system\CodeIgniter.php(457): CodeIgniter\CodeIgniter->runController(Object(App\Controllers\Estudiante))
#10 C:\xampp\htdocs\tesis\system\CodeIgniter.php(340): CodeIgniter\CodeIgniter->handleRequest(NULL, Object(Config\Cache), false)
#11 C:\xampp\htdocs\tesis\index.php(67): CodeIgniter\CodeIgniter->run()
#12 {main}
CRITICAL - 2022-10-17 22:16:18 --> Unknown column 'ID_CARRERA' in 'field list'
in SYSTEMPATH\Database\MySQLi\Connection.php on line 292.
 1 SYSTEMPATH\Database\MySQLi\Connection.php(292): mysqli->query('INSERT INTO `postulacion` (`NACIONALIDAD`, `NUMERO_TELEFONO`, `EMAIL_PERSONAL_POSTULANTE`, `NIVEL_INGLES`, `LENGUA_SECUNDARIA`, `1RA_OPCION`, `2DA_OPCION`, `3RA_OPCION`, `ESTADO_POSTULACION`, `ID_CARRERA`, `ID_DETALLE_PREGUNTA`, `ID_MOVILIDAD`, `ID_CONVOCATORIA`) VALUES (\'Chilena\', \'989896187\', \'a@gmail.com\', \'Inglés B2\', 1, \'16\', \'16\', \'16\', \'Neutro\', 419, 3, 4, \'202239\')', 0)
 2 SYSTEMPATH\Database\BaseConnection.php(693): CodeIgniter\Database\MySQLi\Connection->execute('INSERT INTO `postulacion` (`NACIONALIDAD`, `NUMERO_TELEFONO`, `EMAIL_PERSONAL_POSTULANTE`, `NIVEL_INGLES`, `LENGUA_SECUNDARIA`, `1RA_OPCION`, `2DA_OPCION`, `3RA_OPCION`, `ESTADO_POSTULACION`, `ID_CARRERA`, `ID_DETALLE_PREGUNTA`, `ID_MOVILIDAD`, `ID_CONVOCATORIA`) VALUES (\'Chilena\', \'989896187\', \'a@gmail.com\', \'Inglés B2\', 1, \'16\', \'16\', \'16\', \'Neutro\', 419, 3, 4, \'202239\')')
 3 SYSTEMPATH\Database\BaseConnection.php(620): CodeIgniter\Database\BaseConnection->simpleQuery('INSERT INTO `postulacion` (`NACIONALIDAD`, `NUMERO_TELEFONO`, `EMAIL_PERSONAL_POSTULANTE`, `NIVEL_INGLES`, `LENGUA_SECUNDARIA`, `1RA_OPCION`, `2DA_OPCION`, `3RA_OPCION`, `ESTADO_POSTULACION`, `ID_CARRERA`, `ID_DETALLE_PREGUNTA`, `ID_MOVILIDAD`, `ID_CONVOCATORIA`) VALUES (\'Chilena\', \'989896187\', \'a@gmail.com\', \'Inglés B2\', 1, \'16\', \'16\', \'16\', \'Neutro\', 419, 3, 4, \'202239\')')
 4 SYSTEMPATH\Database\BaseBuilder.php(1916): CodeIgniter\Database\BaseConnection->query('INSERT INTO `postulacion` (`NACIONALIDAD`, `NUMERO_TELEFONO`, `EMAIL_PERSONAL_POSTULANTE`, `NIVEL_INGLES`, `LENGUA_SECUNDARIA`, `1RA_OPCION`, `2DA_OPCION`, `3RA_OPCION`, `ESTADO_POSTULACION`, `ID_CARRERA`, `ID_DETALLE_PREGUNTA`, `ID_MOVILIDAD`, `ID_CONVOCATORIA`) VALUES (:NACIONALIDAD:, :NUMERO_TELEFONO:, :EMAIL_PERSONAL_POSTULANTE:, :NIVEL_INGLES:, :LENGUA_SECUNDARIA:, :1RA_OPCION:, :2DA_OPCION:, :3RA_OPCION:, :ESTADO_POSTULACION:, :ID_CARRERA:, :ID_DETALLE_PREGUNTA:, :ID_MOVILIDAD:, :ID_CONVOCATORIA:)', [...], false)
 5 SYSTEMPATH\Model.php(278): CodeIgniter\Database\BaseBuilder->insert()
 6 SYSTEMPATH\BaseModel.php(738): CodeIgniter\Model->doInsert([...])
 7 SYSTEMPATH\Model.php(666): CodeIgniter\BaseModel->insert([...], true)
 8 APPPATH\Controllers\Estudiante.php(245): CodeIgniter\Model->insert([...])
 9 SYSTEMPATH\CodeIgniter.php(904): App\Controllers\Estudiante->guardar()
10 SYSTEMPATH\CodeIgniter.php(457): CodeIgniter\CodeIgniter->runController(Object(App\Controllers\Estudiante))
11 SYSTEMPATH\CodeIgniter.php(340): CodeIgniter\CodeIgniter->handleRequest(null, Object(Config\Cache), false)
12 FCPATH\index.php(67): CodeIgniter\CodeIgniter->run()
CRITICAL - 2022-10-17 22:16:51 --> Undefined variable: postulacion
in APPPATH\Views\estudiante\ticket\correcto.php on line 48.
 1 APPPATH\Views\estudiante\ticket\correcto.php(48): CodeIgniter\Debug\Exceptions->errorHandler(8, 'Undefined variable: postulacion', 'APPPATH\\Views\\estudiante\\ticket\\correcto.php', 48, [])
 2 SYSTEMPATH\View\View.php(213): include('APPPATH\\Views\\estudiante\\ticket\\correcto.php')
 3 SYSTEMPATH\View\View.php(216): CodeIgniter\View\View->CodeIgniter\View\{closure}()
 4 SYSTEMPATH\Common.php(1137): CodeIgniter\View\View->render('estudiante/ticket/correcto', [], true)
 5 APPPATH\Controllers\Estudiante.php(256): view('estudiante/ticket/correcto')
 6 SYSTEMPATH\CodeIgniter.php(904): App\Controllers\Estudiante->guardar()
 7 SYSTEMPATH\CodeIgniter.php(457): CodeIgniter\CodeIgniter->runController(Object(App\Controllers\Estudiante))
 8 SYSTEMPATH\CodeIgniter.php(340): CodeIgniter\CodeIgniter->handleRequest(null, Object(Config\Cache), false)
 9 FCPATH\index.php(67): CodeIgniter\CodeIgniter->run()
