CRITICAL - 2022-11-09 17:32:30 --> Undefined index: DEUDA_DAFE
in APPPATH\Views\estudiante\ticket\formulario.php on line 320.
 1 APPPATH\Views\estudiante\ticket\formulario.php(320): CodeIgniter\Debug\Exceptions->errorHandler(8, 'Undefined index: DEUDA_DAFE', 'APPPATH\\Views\\estudiante\\ticket\\formulario.php', 320, [...])
 2 SYSTEMPATH\View\View.php(213): include('APPPATH\\Views\\estudiante\\ticket\\formulario.php')
 3 SYSTEMPATH\View\View.php(216): CodeIgniter\View\View->CodeIgniter\View\{closure}()
 4 SYSTEMPATH\Common.php(1137): CodeIgniter\View\View->render('estudiante/ticket/formulario', [], true)
 5 APPPATH\Controllers\Estudiante.php(253): view('estudiante/ticket/formulario', [...])
 6 SYSTEMPATH\CodeIgniter.php(904): App\Controllers\Estudiante->formulario()
 7 SYSTEMPATH\CodeIgniter.php(457): CodeIgniter\CodeIgniter->runController(Object(App\Controllers\Estudiante))
 8 SYSTEMPATH\CodeIgniter.php(340): CodeIgniter\CodeIgniter->handleRequest(null, Object(Config\Cache), false)
 9 FCPATH\index.php(67): CodeIgniter\CodeIgniter->run()
CRITICAL - 2022-11-09 17:32:33 --> Undefined variable: seleccion
in APPPATH\Controllers\Estudiante.php on line 533.
 1 APPPATH\Controllers\Estudiante.php(533): CodeIgniter\Debug\Exceptions->errorHandler(8, 'Undefined variable: seleccion', 'APPPATH\\Controllers\\Estudiante.php', 533, [...])
 2 SYSTEMPATH\CodeIgniter.php(904): App\Controllers\Estudiante->historial()
 3 SYSTEMPATH\CodeIgniter.php(457): CodeIgniter\CodeIgniter->runController(Object(App\Controllers\Estudiante))
 4 SYSTEMPATH\CodeIgniter.php(340): CodeIgniter\CodeIgniter->handleRequest(null, Object(Config\Cache), false)
 5 FCPATH\index.php(67): CodeIgniter\CodeIgniter->run()
CRITICAL - 2022-11-09 17:32:42 --> Undefined index: DEUDA_DAFE
in APPPATH\Views\estudiante\ticket\formulario.php on line 320.
 1 APPPATH\Views\estudiante\ticket\formulario.php(320): CodeIgniter\Debug\Exceptions->errorHandler(8, 'Undefined index: DEUDA_DAFE', 'APPPATH\\Views\\estudiante\\ticket\\formulario.php', 320, [...])
 2 SYSTEMPATH\View\View.php(213): include('APPPATH\\Views\\estudiante\\ticket\\formulario.php')
 3 SYSTEMPATH\View\View.php(216): CodeIgniter\View\View->CodeIgniter\View\{closure}()
 4 SYSTEMPATH\Common.php(1137): CodeIgniter\View\View->render('estudiante/ticket/formulario', [], true)
 5 APPPATH\Controllers\Estudiante.php(253): view('estudiante/ticket/formulario', [...])
 6 SYSTEMPATH\CodeIgniter.php(904): App\Controllers\Estudiante->formulario()
 7 SYSTEMPATH\CodeIgniter.php(457): CodeIgniter\CodeIgniter->runController(Object(App\Controllers\Estudiante))
 8 SYSTEMPATH\CodeIgniter.php(340): CodeIgniter\CodeIgniter->handleRequest(null, Object(Config\Cache), false)
 9 FCPATH\index.php(67): CodeIgniter\CodeIgniter->run()
CRITICAL - 2022-11-09 17:32:46 --> Undefined variable: seleccion
in APPPATH\Controllers\Estudiante.php on line 533.
 1 APPPATH\Controllers\Estudiante.php(533): CodeIgniter\Debug\Exceptions->errorHandler(8, 'Undefined variable: seleccion', 'APPPATH\\Controllers\\Estudiante.php', 533, [...])
 2 SYSTEMPATH\CodeIgniter.php(904): App\Controllers\Estudiante->historial()
 3 SYSTEMPATH\CodeIgniter.php(457): CodeIgniter\CodeIgniter->runController(Object(App\Controllers\Estudiante))
 4 SYSTEMPATH\CodeIgniter.php(340): CodeIgniter\CodeIgniter->handleRequest(null, Object(Config\Cache), false)
 5 FCPATH\index.php(67): CodeIgniter\CodeIgniter->run()
CRITICAL - 2022-11-09 17:32:46 --> Undefined variable: seleccion
in APPPATH\Controllers\Estudiante.php on line 533.
 1 APPPATH\Controllers\Estudiante.php(533): CodeIgniter\Debug\Exceptions->errorHandler(8, 'Undefined variable: seleccion', 'APPPATH\\Controllers\\Estudiante.php', 533, [...])
 2 SYSTEMPATH\CodeIgniter.php(904): App\Controllers\Estudiante->historial()
 3 SYSTEMPATH\CodeIgniter.php(457): CodeIgniter\CodeIgniter->runController(Object(App\Controllers\Estudiante))
 4 SYSTEMPATH\CodeIgniter.php(340): CodeIgniter\CodeIgniter->handleRequest(null, Object(Config\Cache), false)
 5 FCPATH\index.php(67): CodeIgniter\CodeIgniter->run()
CRITICAL - 2022-11-09 19:01:14 --> Undefined index: DEUDA_DAFE
in APPPATH\Views\estudiante\ticket\formulario.php on line 320.
 1 APPPATH\Views\estudiante\ticket\formulario.php(320): CodeIgniter\Debug\Exceptions->errorHandler(8, 'Undefined index: DEUDA_DAFE', 'APPPATH\\Views\\estudiante\\ticket\\formulario.php', 320, [...])
 2 SYSTEMPATH\View\View.php(213): include('APPPATH\\Views\\estudiante\\ticket\\formulario.php')
 3 SYSTEMPATH\View\View.php(216): CodeIgniter\View\View->CodeIgniter\View\{closure}()
 4 SYSTEMPATH\Common.php(1137): CodeIgniter\View\View->render('estudiante/ticket/formulario', [], true)
 5 APPPATH\Controllers\Estudiante.php(253): view('estudiante/ticket/formulario', [...])
 6 SYSTEMPATH\CodeIgniter.php(904): App\Controllers\Estudiante->formulario()
 7 SYSTEMPATH\CodeIgniter.php(457): CodeIgniter\CodeIgniter->runController(Object(App\Controllers\Estudiante))
 8 SYSTEMPATH\CodeIgniter.php(340): CodeIgniter\CodeIgniter->handleRequest(null, Object(Config\Cache), false)
 9 FCPATH\index.php(67): CodeIgniter\CodeIgniter->run()
