CRITICAL - 2022-11-11 12:29:05 --> Undefined index: 1RA_OPCION
in APPPATH\Controllers\Postulante.php on line 133.
 1 APPPATH\Controllers\Postulante.php(133): CodeIgniter\Debug\Exceptions->errorHandler(8, 'Undefined index: 1RA_OPCION', 'APPPATH\\Controllers\\Postulante.php', 133, [...])
 2 SYSTEMPATH\CodeIgniter.php(904): App\Controllers\Postulante->registro('21')
 3 SYSTEMPATH\CodeIgniter.php(457): CodeIgniter\CodeIgniter->runController(Object(App\Controllers\Postulante))
 4 SYSTEMPATH\CodeIgniter.php(340): CodeIgniter\CodeIgniter->handleRequest(null, Object(Config\Cache), false)
 5 FCPATH\index.php(67): CodeIgniter\CodeIgniter->run()
CRITICAL - 2022-11-11 12:29:10 --> Undefined index: 1RA_OPCION
in APPPATH\Controllers\Postulante.php on line 133.
 1 APPPATH\Controllers\Postulante.php(133): CodeIgniter\Debug\Exceptions->errorHandler(8, 'Undefined index: 1RA_OPCION', 'APPPATH\\Controllers\\Postulante.php', 133, [...])
 2 SYSTEMPATH\CodeIgniter.php(904): App\Controllers\Postulante->registro('19')
 3 SYSTEMPATH\CodeIgniter.php(457): CodeIgniter\CodeIgniter->runController(Object(App\Controllers\Postulante))
 4 SYSTEMPATH\CodeIgniter.php(340): CodeIgniter\CodeIgniter->handleRequest(null, Object(Config\Cache), false)
 5 FCPATH\index.php(67): CodeIgniter\CodeIgniter->run()
CRITICAL - 2022-11-11 15:25:41 --> Trying to access array offset on value of type null
in APPPATH\Controllers\PDF.php on line 89.
 1 APPPATH\Controllers\PDF.php(89): CodeIgniter\Debug\Exceptions->errorHandler(8, 'Trying to access array offset on value of type null', 'APPPATH\\Controllers\\PDF.php', 89, [...])
 2 SYSTEMPATH\CodeIgniter.php(904): App\Controllers\PDF->cv('1')
 3 SYSTEMPATH\CodeIgniter.php(457): CodeIgniter\CodeIgniter->runController(Object(App\Controllers\PDF))
 4 SYSTEMPATH\CodeIgniter.php(340): CodeIgniter\CodeIgniter->handleRequest(null, Object(Config\Cache), false)
 5 FCPATH\index.php(67): CodeIgniter\CodeIgniter->run()
CRITICAL - 2022-11-11 15:26:53 --> Undefined index: 1RA_OPCION
in APPPATH\Controllers\Postulante.php on line 133.
 1 APPPATH\Controllers\Postulante.php(133): CodeIgniter\Debug\Exceptions->errorHandler(8, 'Undefined index: 1RA_OPCION', 'APPPATH\\Controllers\\Postulante.php', 133, [...])
 2 SYSTEMPATH\CodeIgniter.php(904): App\Controllers\Postulante->registro('21')
 3 SYSTEMPATH\CodeIgniter.php(457): CodeIgniter\CodeIgniter->runController(Object(App\Controllers\Postulante))
 4 SYSTEMPATH\CodeIgniter.php(340): CodeIgniter\CodeIgniter->handleRequest(null, Object(Config\Cache), false)
 5 FCPATH\index.php(67): CodeIgniter\CodeIgniter->run()
