CRITICAL - 2022-08-24 00:08:23 --> Trying to access array offset on value of type null
in APPPATH\Controllers\Postulante.php on line 79.
 1 APPPATH\Controllers\Postulante.php(79): CodeIgniter\Debug\Exceptions->errorHandler(8, 'Trying to access array offset on value of type null', 'APPPATH\\Controllers\\Postulante.php', 79, [...])
 2 SYSTEMPATH\CodeIgniter.php(904): App\Controllers\Postulante->registro('38')
 3 SYSTEMPATH\CodeIgniter.php(457): CodeIgniter\CodeIgniter->runController(Object(App\Controllers\Postulante))
 4 SYSTEMPATH\CodeIgniter.php(340): CodeIgniter\CodeIgniter->handleRequest(null, Object(Config\Cache), false)
 5 FCPATH\index.php(67): CodeIgniter\CodeIgniter->run()
CRITICAL - 2022-08-24 00:10:25 --> Undefined variable: movilidad
in APPPATH\Controllers\Postulante.php on line 79.
 1 APPPATH\Controllers\Postulante.php(79): CodeIgniter\Debug\Exceptions->errorHandler(8, 'Undefined variable: movilidad', 'APPPATH\\Controllers\\Postulante.php', 79, [...])
 2 SYSTEMPATH\CodeIgniter.php(904): App\Controllers\Postulante->registro('38')
 3 SYSTEMPATH\CodeIgniter.php(457): CodeIgniter\CodeIgniter->runController(Object(App\Controllers\Postulante))
 4 SYSTEMPATH\CodeIgniter.php(340): CodeIgniter\CodeIgniter->handleRequest(null, Object(Config\Cache), false)
 5 FCPATH\index.php(67): CodeIgniter\CodeIgniter->run()
CRITICAL - 2022-08-24 00:10:34 --> Undefined variable: programa
in APPPATH\Controllers\Postulante.php on line 89.
 1 APPPATH\Controllers\Postulante.php(89): CodeIgniter\Debug\Exceptions->errorHandler(8, 'Undefined variable: programa', 'APPPATH\\Controllers\\Postulante.php', 89, [...])
 2 SYSTEMPATH\CodeIgniter.php(904): App\Controllers\Postulante->registro('38')
 3 SYSTEMPATH\CodeIgniter.php(457): CodeIgniter\CodeIgniter->runController(Object(App\Controllers\Postulante))
 4 SYSTEMPATH\CodeIgniter.php(340): CodeIgniter\CodeIgniter->handleRequest(null, Object(Config\Cache), false)
 5 FCPATH\index.php(67): CodeIgniter\CodeIgniter->run()
CRITICAL - 2022-08-24 00:10:41 --> Undefined variable: data
in APPPATH\Controllers\Postulante.php on line 91.
 1 APPPATH\Controllers\Postulante.php(91): CodeIgniter\Debug\Exceptions->errorHandler(8, 'Undefined variable: data', 'APPPATH\\Controllers\\Postulante.php', 91, [...])
 2 SYSTEMPATH\CodeIgniter.php(904): App\Controllers\Postulante->registro('38')
 3 SYSTEMPATH\CodeIgniter.php(457): CodeIgniter\CodeIgniter->runController(Object(App\Controllers\Postulante))
 4 SYSTEMPATH\CodeIgniter.php(340): CodeIgniter\CodeIgniter->handleRequest(null, Object(Config\Cache), false)
 5 FCPATH\index.php(67): CodeIgniter\CodeIgniter->run()
CRITICAL - 2022-08-24 12:18:20 --> Undefined variable: movilidad
in APPPATH\Controllers\Postulante.php on line 81.
 1 APPPATH\Controllers\Postulante.php(81): CodeIgniter\Debug\Exceptions->errorHandler(8, 'Undefined variable: movilidad', 'APPPATH\\Controllers\\Postulante.php', 81, [...])
 2 SYSTEMPATH\CodeIgniter.php(904): App\Controllers\Postulante->registro('38')
 3 SYSTEMPATH\CodeIgniter.php(457): CodeIgniter\CodeIgniter->runController(Object(App\Controllers\Postulante))
 4 SYSTEMPATH\CodeIgniter.php(340): CodeIgniter\CodeIgniter->handleRequest(null, Object(Config\Cache), false)
 5 FCPATH\index.php(67): CodeIgniter\CodeIgniter->run()
CRITICAL - 2022-08-24 12:19:56 --> Undefined variable: convocatoriaModel
in APPPATH\Controllers\Postulante.php on line 84.
 1 APPPATH\Controllers\Postulante.php(84): CodeIgniter\Debug\Exceptions->errorHandler(8, 'Undefined variable: convocatoriaModel', 'APPPATH\\Controllers\\Postulante.php', 84, [...])
 2 SYSTEMPATH\CodeIgniter.php(904): App\Controllers\Postulante->registro('38')
 3 SYSTEMPATH\CodeIgniter.php(457): CodeIgniter\CodeIgniter->runController(Object(App\Controllers\Postulante))
 4 SYSTEMPATH\CodeIgniter.php(340): CodeIgniter\CodeIgniter->handleRequest(null, Object(Config\Cache), false)
 5 FCPATH\index.php(67): CodeIgniter\CodeIgniter->run()
CRITICAL - 2022-08-24 20:54:56 --> Undefined index: ID_POSTULACION
in APPPATH\Views\admin\postulaciones\vista.php on line 126.
 1 APPPATH\Views\admin\postulaciones\vista.php(126): CodeIgniter\Debug\Exceptions->errorHandler(8, 'Undefined index: ID_POSTULACION', 'APPPATH\\Views\\admin\\postulaciones\\vista.php', 126, [...])
 2 SYSTEMPATH\View\View.php(213): include('APPPATH\\Views\\admin\\postulaciones\\vista.php')
 3 SYSTEMPATH\View\View.php(216): CodeIgniter\View\View->CodeIgniter\View\{closure}()
 4 SYSTEMPATH\Common.php(1137): CodeIgniter\View\View->render('admin/postulaciones/vista', [], true)
 5 APPPATH\Controllers\Postulante.php(53): view('admin/postulaciones/vista', [...])
 6 SYSTEMPATH\CodeIgniter.php(904): App\Controllers\Postulante->postulantes()
 7 SYSTEMPATH\CodeIgniter.php(457): CodeIgniter\CodeIgniter->runController(Object(App\Controllers\Postulante))
 8 SYSTEMPATH\CodeIgniter.php(340): CodeIgniter\CodeIgniter->handleRequest(null, Object(Config\Cache), false)
 9 FCPATH\index.php(67): CodeIgniter\CodeIgniter->run()
