CRITICAL - 2022-08-27 01:17:02 --> Undefined variable: contador
in APPPATH\Views\admin\convocatorias\modificar.php on line 99.
 1 APPPATH\Views\admin\convocatorias\modificar.php(99): CodeIgniter\Debug\Exceptions->errorHandler(8, 'Undefined variable: contador', 'APPPATH\\Views\\admin\\convocatorias\\modificar.php', 99, [...])
 2 SYSTEMPATH\View\View.php(213): include('APPPATH\\Views\\admin\\convocatorias\\modificar.php')
 3 SYSTEMPATH\View\View.php(216): CodeIgniter\View\View->CodeIgniter\View\{closure}()
 4 SYSTEMPATH\Common.php(1137): CodeIgniter\View\View->render('admin/convocatorias/modificar', [], true)
 5 APPPATH\Controllers\Convocatoria.php(169): view('admin/convocatorias/modificar', [...])
 6 SYSTEMPATH\CodeIgniter.php(904): App\Controllers\Convocatoria->modificar('202202')
 7 SYSTEMPATH\CodeIgniter.php(457): CodeIgniter\CodeIgniter->runController(Object(App\Controllers\Convocatoria))
 8 SYSTEMPATH\CodeIgniter.php(340): CodeIgniter\CodeIgniter->handleRequest(null, Object(Config\Cache), false)
 9 FCPATH\index.php(67): CodeIgniter\CodeIgniter->run()
CRITICAL - 2022-08-27 01:24:06 --> Undefined variable: aux
in APPPATH\Views\admin\convocatorias\modificar.php on line 64.
 1 APPPATH\Views\admin\convocatorias\modificar.php(64): CodeIgniter\Debug\Exceptions->errorHandler(8, 'Undefined variable: aux', 'APPPATH\\Views\\admin\\convocatorias\\modificar.php', 64, [...])
 2 SYSTEMPATH\View\View.php(213): include('APPPATH\\Views\\admin\\convocatorias\\modificar.php')
 3 SYSTEMPATH\View\View.php(216): CodeIgniter\View\View->CodeIgniter\View\{closure}()
 4 SYSTEMPATH\Common.php(1137): CodeIgniter\View\View->render('admin/convocatorias/modificar', [], true)
 5 APPPATH\Controllers\Convocatoria.php(168): view('admin/convocatorias/modificar', [...])
 6 SYSTEMPATH\CodeIgniter.php(904): App\Controllers\Convocatoria->modificar('202202')
 7 SYSTEMPATH\CodeIgniter.php(457): CodeIgniter\CodeIgniter->runController(Object(App\Controllers\Convocatoria))
 8 SYSTEMPATH\CodeIgniter.php(340): CodeIgniter\CodeIgniter->handleRequest(null, Object(Config\Cache), false)
 9 FCPATH\index.php(67): CodeIgniter\CodeIgniter->run()
CRITICAL - 2022-08-27 01:24:10 --> Undefined variable: aux
in APPPATH\Views\admin\convocatorias\modificar.php on line 64.
 1 APPPATH\Views\admin\convocatorias\modificar.php(64): CodeIgniter\Debug\Exceptions->errorHandler(8, 'Undefined variable: aux', 'APPPATH\\Views\\admin\\convocatorias\\modificar.php', 64, [...])
 2 SYSTEMPATH\View\View.php(213): include('APPPATH\\Views\\admin\\convocatorias\\modificar.php')
 3 SYSTEMPATH\View\View.php(216): CodeIgniter\View\View->CodeIgniter\View\{closure}()
 4 SYSTEMPATH\Common.php(1137): CodeIgniter\View\View->render('admin/convocatorias/modificar', [], true)
 5 APPPATH\Controllers\Convocatoria.php(168): view('admin/convocatorias/modificar', [...])
 6 SYSTEMPATH\CodeIgniter.php(904): App\Controllers\Convocatoria->modificar('202202')
 7 SYSTEMPATH\CodeIgniter.php(457): CodeIgniter\CodeIgniter->runController(Object(App\Controllers\Convocatoria))
 8 SYSTEMPATH\CodeIgniter.php(340): CodeIgniter\CodeIgniter->handleRequest(null, Object(Config\Cache), false)
 9 FCPATH\index.php(67): CodeIgniter\CodeIgniter->run()
CRITICAL - 2022-08-27 11:36:59 --> There is no data to update.
in SYSTEMPATH\BaseModel.php on line 1577.
 1 SYSTEMPATH\BaseModel.php(1577): CodeIgniter\Database\Exceptions\DataException::forEmptyDataset('update')
 2 SYSTEMPATH\BaseModel.php(832): CodeIgniter\BaseModel->transformDataToArray(null, 'update')
 3 SYSTEMPATH\Model.php(692): CodeIgniter\BaseModel->update([...], null)
 4 APPPATH\Controllers\Convocatoria.php(206): CodeIgniter\Model->update([...])
 5 SYSTEMPATH\CodeIgniter.php(904): App\Controllers\Convocatoria->modificada('202202')
 6 SYSTEMPATH\CodeIgniter.php(457): CodeIgniter\CodeIgniter->runController(Object(App\Controllers\Convocatoria))
 7 SYSTEMPATH\CodeIgniter.php(340): CodeIgniter\CodeIgniter->handleRequest(null, Object(Config\Cache), false)
 8 FCPATH\index.php(67): CodeIgniter\CodeIgniter->run()
CRITICAL - 2022-08-27 11:38:44 --> Undefined variable: usuario
in APPPATH\Views\admin\convocatorias\modificada.php on line 52.
 1 APPPATH\Views\admin\convocatorias\modificada.php(52): CodeIgniter\Debug\Exceptions->errorHandler(8, 'Undefined variable: usuario', 'APPPATH\\Views\\admin\\convocatorias\\modificada.php', 52, [...])
 2 SYSTEMPATH\View\View.php(213): include('APPPATH\\Views\\admin\\convocatorias\\modificada.php')
 3 SYSTEMPATH\View\View.php(216): CodeIgniter\View\View->CodeIgniter\View\{closure}()
 4 SYSTEMPATH\Common.php(1137): CodeIgniter\View\View->render('admin/convocatorias/modificada', [], true)
 5 APPPATH\Controllers\Convocatoria.php(207): view('admin/convocatorias/modificada', [...])
 6 SYSTEMPATH\CodeIgniter.php(904): App\Controllers\Convocatoria->modificada('202202')
 7 SYSTEMPATH\CodeIgniter.php(457): CodeIgniter\CodeIgniter->runController(Object(App\Controllers\Convocatoria))
 8 SYSTEMPATH\CodeIgniter.php(340): CodeIgniter\CodeIgniter->handleRequest(null, Object(Config\Cache), false)
 9 FCPATH\index.php(67): CodeIgniter\CodeIgniter->run()
CRITICAL - 2022-08-27 13:12:46 --> Undefined variable: usuario
in APPPATH\Views\admin\convocatorias\modificada.php on line 52.
 1 APPPATH\Views\admin\convocatorias\modificada.php(52): CodeIgniter\Debug\Exceptions->errorHandler(8, 'Undefined variable: usuario', 'APPPATH\\Views\\admin\\convocatorias\\modificada.php', 52, [...])
 2 SYSTEMPATH\View\View.php(213): include('APPPATH\\Views\\admin\\convocatorias\\modificada.php')
 3 SYSTEMPATH\View\View.php(216): CodeIgniter\View\View->CodeIgniter\View\{closure}()
 4 SYSTEMPATH\Common.php(1137): CodeIgniter\View\View->render('admin/convocatorias/modificada', [], true)
 5 APPPATH\Controllers\Convocatoria.php(207): view('admin/convocatorias/modificada', [...])
 6 SYSTEMPATH\CodeIgniter.php(904): App\Controllers\Convocatoria->modificada('202202')
 7 SYSTEMPATH\CodeIgniter.php(457): CodeIgniter\CodeIgniter->runController(Object(App\Controllers\Convocatoria))
 8 SYSTEMPATH\CodeIgniter.php(340): CodeIgniter\CodeIgniter->handleRequest(null, Object(Config\Cache), false)
 9 FCPATH\index.php(67): CodeIgniter\CodeIgniter->run()
CRITICAL - 2022-08-27 21:34:54 --> Undefined index: ID_PREGUNTA
in APPPATH\Views\admin\formularios\vista.php on line 168.
 1 APPPATH\Views\admin\formularios\vista.php(168): CodeIgniter\Debug\Exceptions->errorHandler(8, 'Undefined index: ID_PREGUNTA', 'APPPATH\\Views\\admin\\formularios\\vista.php', 168, [...])
 2 SYSTEMPATH\View\View.php(213): include('APPPATH\\Views\\admin\\formularios\\vista.php')
 3 SYSTEMPATH\View\View.php(216): CodeIgniter\View\View->CodeIgniter\View\{closure}()
 4 SYSTEMPATH\Common.php(1137): CodeIgniter\View\View->render('admin/formularios/vista', [], true)
 5 APPPATH\Controllers\Formulario.php(41): view('admin/formularios/vista', [...])
 6 SYSTEMPATH\CodeIgniter.php(904): App\Controllers\Formulario->formulario()
 7 SYSTEMPATH\CodeIgniter.php(457): CodeIgniter\CodeIgniter->runController(Object(App\Controllers\Formulario))
 8 SYSTEMPATH\CodeIgniter.php(340): CodeIgniter\CodeIgniter->handleRequest(null, Object(Config\Cache), false)
 9 FCPATH\index.php(67): CodeIgniter\CodeIgniter->run()
CRITICAL - 2022-08-27 22:40:21 --> Undefined variable: contador_info
in APPPATH\Views\admin\universidades\vista.php on line 157.
 1 APPPATH\Views\admin\universidades\vista.php(157): CodeIgniter\Debug\Exceptions->errorHandler(8, 'Undefined variable: contador_info', 'APPPATH\\Views\\admin\\universidades\\vista.php', 157, [...])
 2 SYSTEMPATH\View\View.php(213): include('APPPATH\\Views\\admin\\universidades\\vista.php')
 3 SYSTEMPATH\View\View.php(216): CodeIgniter\View\View->CodeIgniter\View\{closure}()
 4 SYSTEMPATH\Common.php(1137): CodeIgniter\View\View->render('admin/universidades/vista', [], true)
 5 APPPATH\Controllers\Universidad.php(45): view('admin/universidades/vista', [...])
 6 SYSTEMPATH\CodeIgniter.php(904): App\Controllers\Universidad->universidades()
 7 SYSTEMPATH\CodeIgniter.php(457): CodeIgniter\CodeIgniter->runController(Object(App\Controllers\Universidad))
 8 SYSTEMPATH\CodeIgniter.php(340): CodeIgniter\CodeIgniter->handleRequest(null, Object(Config\Cache), false)
 9 FCPATH\index.php(67): CodeIgniter\CodeIgniter->run()
CRITICAL - 2022-08-27 22:41:10 --> Illegal string offset 'NOMBRE_PROGRAMA'
in APPPATH\Views\admin\universidades\vista.php on line 179.
 1 APPPATH\Views\admin\universidades\vista.php(179): CodeIgniter\Debug\Exceptions->errorHandler(2, 'Illegal string offset \'NOMBRE_PROGRAMA\'', 'APPPATH\\Views\\admin\\universidades\\vista.php', 179, [...])
 2 SYSTEMPATH\View\View.php(213): include('APPPATH\\Views\\admin\\universidades\\vista.php')
 3 SYSTEMPATH\View\View.php(216): CodeIgniter\View\View->CodeIgniter\View\{closure}()
 4 SYSTEMPATH\Common.php(1137): CodeIgniter\View\View->render('admin/universidades/vista', [], true)
 5 APPPATH\Controllers\Universidad.php(45): view('admin/universidades/vista', [...])
 6 SYSTEMPATH\CodeIgniter.php(904): App\Controllers\Universidad->universidades()
 7 SYSTEMPATH\CodeIgniter.php(457): CodeIgniter\CodeIgniter->runController(Object(App\Controllers\Universidad))
 8 SYSTEMPATH\CodeIgniter.php(340): CodeIgniter\CodeIgniter->handleRequest(null, Object(Config\Cache), false)
 9 FCPATH\index.php(67): CodeIgniter\CodeIgniter->run()
CRITICAL - 2022-08-27 22:44:33 --> Illegal string offset 'NOMBRE_PROGRAMA'
in APPPATH\Views\admin\universidades\vista.php on line 179.
 1 APPPATH\Views\admin\universidades\vista.php(179): CodeIgniter\Debug\Exceptions->errorHandler(2, 'Illegal string offset \'NOMBRE_PROGRAMA\'', 'APPPATH\\Views\\admin\\universidades\\vista.php', 179, [...])
 2 SYSTEMPATH\View\View.php(213): include('APPPATH\\Views\\admin\\universidades\\vista.php')
 3 SYSTEMPATH\View\View.php(216): CodeIgniter\View\View->CodeIgniter\View\{closure}()
 4 SYSTEMPATH\Common.php(1137): CodeIgniter\View\View->render('admin/universidades/vista', [], true)
 5 APPPATH\Controllers\Universidad.php(45): view('admin/universidades/vista', [...])
 6 SYSTEMPATH\CodeIgniter.php(904): App\Controllers\Universidad->universidades()
 7 SYSTEMPATH\CodeIgniter.php(457): CodeIgniter\CodeIgniter->runController(Object(App\Controllers\Universidad))
 8 SYSTEMPATH\CodeIgniter.php(340): CodeIgniter\CodeIgniter->handleRequest(null, Object(Config\Cache), false)
 9 FCPATH\index.php(67): CodeIgniter\CodeIgniter->run()
CRITICAL - 2022-08-27 22:44:52 --> Illegal string offset 'NOMBRE_PROGRAMA'
in APPPATH\Views\admin\universidades\vista.php on line 175.
 1 APPPATH\Views\admin\universidades\vista.php(175): CodeIgniter\Debug\Exceptions->errorHandler(2, 'Illegal string offset \'NOMBRE_PROGRAMA\'', 'APPPATH\\Views\\admin\\universidades\\vista.php', 175, [...])
 2 SYSTEMPATH\View\View.php(213): include('APPPATH\\Views\\admin\\universidades\\vista.php')
 3 SYSTEMPATH\View\View.php(216): CodeIgniter\View\View->CodeIgniter\View\{closure}()
 4 SYSTEMPATH\Common.php(1137): CodeIgniter\View\View->render('admin/universidades/vista', [], true)
 5 APPPATH\Controllers\Universidad.php(45): view('admin/universidades/vista', [...])
 6 SYSTEMPATH\CodeIgniter.php(904): App\Controllers\Universidad->universidades()
 7 SYSTEMPATH\CodeIgniter.php(457): CodeIgniter\CodeIgniter->runController(Object(App\Controllers\Universidad))
 8 SYSTEMPATH\CodeIgniter.php(340): CodeIgniter\CodeIgniter->handleRequest(null, Object(Config\Cache), false)
 9 FCPATH\index.php(67): CodeIgniter\CodeIgniter->run()
CRITICAL - 2022-08-27 22:45:44 --> Undefined index: ID_CONVOCATORIA
in APPPATH\Views\admin\universidades\vista.php on line 93.
 1 APPPATH\Views\admin\universidades\vista.php(93): CodeIgniter\Debug\Exceptions->errorHandler(8, 'Undefined index: ID_CONVOCATORIA', 'APPPATH\\Views\\admin\\universidades\\vista.php', 93, [...])
 2 SYSTEMPATH\View\View.php(213): include('APPPATH\\Views\\admin\\universidades\\vista.php')
 3 SYSTEMPATH\View\View.php(216): CodeIgniter\View\View->CodeIgniter\View\{closure}()
 4 SYSTEMPATH\Common.php(1137): CodeIgniter\View\View->render('admin/universidades/vista', [], true)
 5 APPPATH\Controllers\Universidad.php(45): view('admin/universidades/vista', [...])
 6 SYSTEMPATH\CodeIgniter.php(904): App\Controllers\Universidad->universidades()
 7 SYSTEMPATH\CodeIgniter.php(457): CodeIgniter\CodeIgniter->runController(Object(App\Controllers\Universidad))
 8 SYSTEMPATH\CodeIgniter.php(340): CodeIgniter\CodeIgniter->handleRequest(null, Object(Config\Cache), false)
 9 FCPATH\index.php(67): CodeIgniter\CodeIgniter->run()
ERROR - 2022-08-27 22:46:43 --> mysqli_sql_exception: Column 'ID_PROGRAMA' cannot be null in C:\xampp\htdocs\tesis\system\Database\MySQLi\Connection.php:292
Stack trace:
#0 C:\xampp\htdocs\tesis\system\Database\MySQLi\Connection.php(292): mysqli->query('INSERT INTO `DE...', 0)
#1 C:\xampp\htdocs\tesis\system\Database\BaseConnection.php(693): CodeIgniter\Database\MySQLi\Connection->execute('INSERT INTO `DE...')
#2 C:\xampp\htdocs\tesis\system\Database\BaseConnection.php(620): CodeIgniter\Database\BaseConnection->simpleQuery('INSERT INTO `DE...')
#3 C:\xampp\htdocs\tesis\system\Database\BaseBuilder.php(1916): CodeIgniter\Database\BaseConnection->query('INSERT INTO `DE...', Array, false)
#4 C:\xampp\htdocs\tesis\system\Model.php(278): CodeIgniter\Database\BaseBuilder->insert()
#5 C:\xampp\htdocs\tesis\system\BaseModel.php(738): CodeIgniter\Model->doInsert(Array)
#6 C:\xampp\htdocs\tesis\system\Model.php(666): CodeIgniter\BaseModel->insert(Array, true)
#7 C:\xampp\htdocs\tesis\app\Controllers\Universidad.php(119): CodeIgniter\Model->insert(Array)
#8 C:\xampp\htdocs\tesis\system\CodeIgniter.php(904): App\Controllers\Universidad->creada()
#9 C:\xampp\htdocs\tesis\system\CodeIgniter.php(457): CodeIgniter\CodeIgniter->runController(Object(App\Controllers\Universidad))
#10 C:\xampp\htdocs\tesis\system\CodeIgniter.php(340): CodeIgniter\CodeIgniter->handleRequest(NULL, Object(Config\Cache), false)
#11 C:\xampp\htdocs\tesis\index.php(67): CodeIgniter\CodeIgniter->run()
#12 {main}
CRITICAL - 2022-08-27 22:46:43 --> Column 'ID_PROGRAMA' cannot be null
in SYSTEMPATH\Database\MySQLi\Connection.php on line 292.
 1 SYSTEMPATH\Database\MySQLi\Connection.php(292): mysqli->query('INSERT INTO `DETALLE_UNIVERSIDAD` (`ID_PROGRAMA`, `ID_UNIVERSIDAD`) VALUES (NULL, 35)', 0)
 2 SYSTEMPATH\Database\BaseConnection.php(693): CodeIgniter\Database\MySQLi\Connection->execute('INSERT INTO `DETALLE_UNIVERSIDAD` (`ID_PROGRAMA`, `ID_UNIVERSIDAD`) VALUES (NULL, 35)')
 3 SYSTEMPATH\Database\BaseConnection.php(620): CodeIgniter\Database\BaseConnection->simpleQuery('INSERT INTO `DETALLE_UNIVERSIDAD` (`ID_PROGRAMA`, `ID_UNIVERSIDAD`) VALUES (NULL, 35)')
 4 SYSTEMPATH\Database\BaseBuilder.php(1916): CodeIgniter\Database\BaseConnection->query('INSERT INTO `DETALLE_UNIVERSIDAD` (`ID_PROGRAMA`, `ID_UNIVERSIDAD`) VALUES (:ID_PROGRAMA:, :ID_UNIVERSIDAD:)', [...], false)
 5 SYSTEMPATH\Model.php(278): CodeIgniter\Database\BaseBuilder->insert()
 6 SYSTEMPATH\BaseModel.php(738): CodeIgniter\Model->doInsert([...])
 7 SYSTEMPATH\Model.php(666): CodeIgniter\BaseModel->insert([...], true)
 8 APPPATH\Controllers\Universidad.php(119): CodeIgniter\Model->insert([...])
 9 SYSTEMPATH\CodeIgniter.php(904): App\Controllers\Universidad->creada()
10 SYSTEMPATH\CodeIgniter.php(457): CodeIgniter\CodeIgniter->runController(Object(App\Controllers\Universidad))
11 SYSTEMPATH\CodeIgniter.php(340): CodeIgniter\CodeIgniter->handleRequest(null, Object(Config\Cache), false)
12 FCPATH\index.php(67): CodeIgniter\CodeIgniter->run()
CRITICAL - 2022-08-27 23:45:48 --> Undefined variable: conv
in APPPATH\Views\admin\programas\vista.php on line 86.
 1 APPPATH\Views\admin\programas\vista.php(86): CodeIgniter\Debug\Exceptions->errorHandler(8, 'Undefined variable: conv', 'APPPATH\\Views\\admin\\programas\\vista.php', 86, [...])
 2 SYSTEMPATH\View\View.php(213): include('APPPATH\\Views\\admin\\programas\\vista.php')
 3 SYSTEMPATH\View\View.php(216): CodeIgniter\View\View->CodeIgniter\View\{closure}()
 4 SYSTEMPATH\Common.php(1137): CodeIgniter\View\View->render('admin/programas/vista', [], true)
 5 APPPATH\Controllers\Programa.php(29): view('admin/programas/vista', [...])
 6 SYSTEMPATH\CodeIgniter.php(904): App\Controllers\Programa->programas()
 7 SYSTEMPATH\CodeIgniter.php(457): CodeIgniter\CodeIgniter->runController(Object(App\Controllers\Programa))
 8 SYSTEMPATH\CodeIgniter.php(340): CodeIgniter\CodeIgniter->handleRequest(null, Object(Config\Cache), false)
 9 FCPATH\index.php(67): CodeIgniter\CodeIgniter->run()
